2016-11-16 13:09:59,780 DEBUG    root            Loaded Command Group: ['gcloud', 'info']
2016-11-16 13:09:59,786 DEBUG    root            Loaded Command Group: ['gcloud', 'feedback']
2016-11-16 13:09:59,795 DEBUG    root            Loaded Command Group: ['gcloud', 'app']
2016-11-16 13:09:59,803 DEBUG    root            Loaded Command Group: ['gcloud', 'topic']
2016-11-16 13:09:59,810 DEBUG    root            Loaded Command Group: ['gcloud', 'meta']
2016-11-16 13:09:59,820 DEBUG    root            No implementation for release track [GA] in file: [/data/data/com.termux/files/home/gcloud/google-cloud-sdk/lib/surface/datastore/__init__.pyc]
2016-11-16 13:09:59,822 DEBUG    root            Loaded Command Group: ['gcloud', 'help']
2016-11-16 13:09:59,828 DEBUG    root            Loaded Command Group: ['gcloud', 'iam']
2016-11-16 13:09:59,839 DEBUG    root            No implementation for release track [GA] in file: [/data/data/com.termux/files/home/gcloud/google-cloud-sdk/lib/surface/genomics/__init__.pyc]
2016-11-16 13:09:59,841 DEBUG    root            No implementation for release track [GA] in file: [/data/data/com.termux/files/home/gcloud/google-cloud-sdk/lib/surface/functions/__init__.pyc]
2016-11-16 13:09:59,963 DEBUG    root            Loaded Command Group: ['gcloud', 'container']
2016-11-16 13:09:59,976 DEBUG    root            No implementation for release track [GA] in file: [/data/data/com.termux/files/home/gcloud/google-cloud-sdk/lib/surface/billing/__init__.pyc]
2016-11-16 13:10:00,048 DEBUG    root            Loaded Command Group: ['gcloud', 'source']
2016-11-16 13:10:00,105 DEBUG    root            Loaded Command Group: ['gcloud', 'init']
2016-11-16 13:10:00,109 DEBUG    root            Loaded Command Group: ['gcloud', 'version']
2016-11-16 13:10:00,115 DEBUG    root            Loaded Command Group: ['gcloud', 'projects']
2016-11-16 13:10:00,122 DEBUG    root            Loaded Command Group: ['gcloud', 'dns']
2016-11-16 13:10:00,130 DEBUG    root            No implementation for release track [GA] in file: [/data/data/com.termux/files/home/gcloud/google-cloud-sdk/lib/surface/test/__init__.pyc]
2016-11-16 13:10:00,134 DEBUG    root            Loaded Command Group: ['gcloud', 'config']
2016-11-16 13:10:00,141 DEBUG    root            No implementation for release track [GA] in file: [/data/data/com.termux/files/home/gcloud/google-cloud-sdk/lib/surface/pubsub/__init__.pyc]
2016-11-16 13:10:00,145 DEBUG    root            No implementation for release track [GA] in file: [/data/data/com.termux/files/home/gcloud/google-cloud-sdk/lib/surface/bio/__init__.pyc]
2016-11-16 13:10:00,149 DEBUG    root            No implementation for release track [GA] in file: [/data/data/com.termux/files/home/gcloud/google-cloud-sdk/lib/surface/error_reporting/__init__.pyc]
2016-11-16 13:10:00,152 DEBUG    root            No implementation for release track [GA] in file: [/data/data/com.termux/files/home/gcloud/google-cloud-sdk/lib/surface/service_registry/__init__.pyc]
2016-11-16 13:10:00,154 DEBUG    root            Loaded Command Group: ['gcloud', 'dataproc']
2016-11-16 13:10:00,160 DEBUG    root            No implementation for release track [GA] in file: [/data/data/com.termux/files/home/gcloud/google-cloud-sdk/lib/surface/emulators/__init__.pyc]
2016-11-16 13:10:00,162 DEBUG    root            Loaded Command Group: ['gcloud', 'auth']
2016-11-16 13:10:00,170 DEBUG    root            Loaded Command Group: ['gcloud', 'sql']
2016-11-16 13:10:00,178 DEBUG    root            No implementation for release track [GA] in file: [/data/data/com.termux/files/home/gcloud/google-cloud-sdk/lib/surface/logging/__init__.pyc]
2016-11-16 13:10:00,181 DEBUG    root            No implementation for release track [GA] in file: [/data/data/com.termux/files/home/gcloud/google-cloud-sdk/lib/surface/bigtable/__init__.pyc]
2016-11-16 13:10:00,182 DEBUG    root            No implementation for release track [GA] in file: [/data/data/com.termux/files/home/gcloud/google-cloud-sdk/lib/surface/resource_manager/__init__.pyc]
2016-11-16 13:10:00,184 DEBUG    root            No implementation for release track [GA] in file: [/data/data/com.termux/files/home/gcloud/google-cloud-sdk/lib/surface/organizations/__init__.pyc]
2016-11-16 13:10:00,189 DEBUG    root            Loaded Command Group: ['gcloud', 'compute']
2016-11-16 13:10:00,208 DEBUG    root            No implementation for release track [GA] in file: [/data/data/com.termux/files/home/gcloud/google-cloud-sdk/lib/surface/service_management/__init__.pyc]
2016-11-16 13:10:00,211 DEBUG    root            No implementation for release track [GA] in file: [/data/data/com.termux/files/home/gcloud/google-cloud-sdk/lib/surface/dataflow/__init__.pyc]
2016-11-16 13:10:00,213 DEBUG    root            No implementation for release track [GA] in file: [/data/data/com.termux/files/home/gcloud/google-cloud-sdk/lib/surface/ml/__init__.pyc]
2016-11-16 13:10:00,215 DEBUG    root            Loaded Command Group: ['gcloud', 'components']
2016-11-16 13:10:00,228 DEBUG    root            No implementation for release track [GA] in file: [/data/data/com.termux/files/home/gcloud/google-cloud-sdk/lib/surface/debug/__init__.pyc]
2016-11-16 13:10:00,232 DEBUG    root            Loaded Command Group: ['gcloud', 'docker']
2016-11-16 13:10:00,237 DEBUG    root            Loaded Command Group: ['gcloud', 'deployment_manager']
2016-11-16 13:10:00,256 ERROR    root            (gcloud) too few arguments
