2016-11-16 13:40:59,364 DEBUG    root            Loaded Command Group: ['gcloud', 'info']
2016-11-16 13:40:59,369 DEBUG    root            Loaded Command Group: ['gcloud', 'feedback']
2016-11-16 13:40:59,376 DEBUG    root            Loaded Command Group: ['gcloud', 'app']
2016-11-16 13:40:59,388 DEBUG    root            Loaded Command Group: ['gcloud', 'topic']
2016-11-16 13:40:59,396 DEBUG    root            Loaded Command Group: ['gcloud', 'meta']
2016-11-16 13:40:59,403 DEBUG    root            No implementation for release track [GA] in file: [/data/data/com.termux/files/home/gcloud/google-cloud-sdk/lib/surface/datastore/__init__.pyc]
2016-11-16 13:40:59,405 DEBUG    root            Loaded Command Group: ['gcloud', 'help']
2016-11-16 13:40:59,409 DEBUG    root            Loaded Command Group: ['gcloud', 'iam']
2016-11-16 13:40:59,416 DEBUG    root            No implementation for release track [GA] in file: [/data/data/com.termux/files/home/gcloud/google-cloud-sdk/lib/surface/genomics/__init__.pyc]
2016-11-16 13:40:59,418 DEBUG    root            No implementation for release track [GA] in file: [/data/data/com.termux/files/home/gcloud/google-cloud-sdk/lib/surface/functions/__init__.pyc]
2016-11-16 13:40:59,512 DEBUG    root            Loaded Command Group: ['gcloud', 'container']
2016-11-16 13:40:59,523 DEBUG    root            No implementation for release track [GA] in file: [/data/data/com.termux/files/home/gcloud/google-cloud-sdk/lib/surface/billing/__init__.pyc]
2016-11-16 13:40:59,574 DEBUG    root            Loaded Command Group: ['gcloud', 'source']
2016-11-16 13:40:59,604 DEBUG    root            Loaded Command Group: ['gcloud', 'init']
2016-11-16 13:40:59,608 DEBUG    root            Loaded Command Group: ['gcloud', 'version']
2016-11-16 13:40:59,612 DEBUG    root            Loaded Command Group: ['gcloud', 'projects']
2016-11-16 13:40:59,620 DEBUG    root            Loaded Command Group: ['gcloud', 'dns']
2016-11-16 13:40:59,627 DEBUG    root            No implementation for release track [GA] in file: [/data/data/com.termux/files/home/gcloud/google-cloud-sdk/lib/surface/test/__init__.pyc]
2016-11-16 13:40:59,630 DEBUG    root            Loaded Command Group: ['gcloud', 'config']
2016-11-16 13:40:59,636 DEBUG    root            No implementation for release track [GA] in file: [/data/data/com.termux/files/home/gcloud/google-cloud-sdk/lib/surface/pubsub/__init__.pyc]
2016-11-16 13:40:59,640 DEBUG    root            No implementation for release track [GA] in file: [/data/data/com.termux/files/home/gcloud/google-cloud-sdk/lib/surface/bio/__init__.pyc]
2016-11-16 13:40:59,643 DEBUG    root            No implementation for release track [GA] in file: [/data/data/com.termux/files/home/gcloud/google-cloud-sdk/lib/surface/error_reporting/__init__.pyc]
2016-11-16 13:40:59,646 DEBUG    root            No implementation for release track [GA] in file: [/data/data/com.termux/files/home/gcloud/google-cloud-sdk/lib/surface/service_registry/__init__.pyc]
2016-11-16 13:40:59,648 DEBUG    root            Loaded Command Group: ['gcloud', 'dataproc']
2016-11-16 13:40:59,653 DEBUG    root            No implementation for release track [GA] in file: [/data/data/com.termux/files/home/gcloud/google-cloud-sdk/lib/surface/emulators/__init__.pyc]
2016-11-16 13:40:59,654 DEBUG    root            Loaded Command Group: ['gcloud', 'auth']
2016-11-16 13:40:59,661 DEBUG    root            Loaded Command Group: ['gcloud', 'sql']
2016-11-16 13:40:59,668 DEBUG    root            No implementation for release track [GA] in file: [/data/data/com.termux/files/home/gcloud/google-cloud-sdk/lib/surface/logging/__init__.pyc]
2016-11-16 13:40:59,670 DEBUG    root            No implementation for release track [GA] in file: [/data/data/com.termux/files/home/gcloud/google-cloud-sdk/lib/surface/bigtable/__init__.pyc]
2016-11-16 13:40:59,672 DEBUG    root            No implementation for release track [GA] in file: [/data/data/com.termux/files/home/gcloud/google-cloud-sdk/lib/surface/resource_manager/__init__.pyc]
2016-11-16 13:40:59,673 DEBUG    root            No implementation for release track [GA] in file: [/data/data/com.termux/files/home/gcloud/google-cloud-sdk/lib/surface/organizations/__init__.pyc]
2016-11-16 13:40:59,677 DEBUG    root            Loaded Command Group: ['gcloud', 'compute']
2016-11-16 13:40:59,684 DEBUG    root            No implementation for release track [GA] in file: [/data/data/com.termux/files/home/gcloud/google-cloud-sdk/lib/surface/service_management/__init__.pyc]
2016-11-16 13:40:59,686 DEBUG    root            No implementation for release track [GA] in file: [/data/data/com.termux/files/home/gcloud/google-cloud-sdk/lib/surface/dataflow/__init__.pyc]
2016-11-16 13:40:59,688 DEBUG    root            No implementation for release track [GA] in file: [/data/data/com.termux/files/home/gcloud/google-cloud-sdk/lib/surface/ml/__init__.pyc]
2016-11-16 13:40:59,690 DEBUG    root            Loaded Command Group: ['gcloud', 'components']
2016-11-16 13:40:59,701 DEBUG    root            No implementation for release track [GA] in file: [/data/data/com.termux/files/home/gcloud/google-cloud-sdk/lib/surface/debug/__init__.pyc]
2016-11-16 13:40:59,705 DEBUG    root            Loaded Command Group: ['gcloud', 'docker']
2016-11-16 13:40:59,709 DEBUG    root            Loaded Command Group: ['gcloud', 'deployment_manager']
2016-11-16 13:40:59,728 ERROR    root            (gcloud) too few arguments
