2016-11-21 06:07:34,573 DEBUG    root            Loaded Command Group: ['gcloud', 'info']
2016-11-21 06:07:34,579 DEBUG    root            Loaded Command Group: ['gcloud', 'feedback']
2016-11-21 06:07:34,585 DEBUG    root            Loaded Command Group: ['gcloud', 'app']
2016-11-21 06:07:34,592 DEBUG    root            Loaded Command Group: ['gcloud', 'topic']
2016-11-21 06:07:34,597 DEBUG    root            Loaded Command Group: ['gcloud', 'meta']
2016-11-21 06:07:34,603 DEBUG    root            No implementation for release track [GA] in file: [/data/data/com.termux/files/home/gcloud/google-cloud-sdk/lib/surface/datastore/__init__.pyc]
2016-11-21 06:07:34,604 DEBUG    root            Loaded Command Group: ['gcloud', 'help']
2016-11-21 06:07:34,608 DEBUG    root            Loaded Command Group: ['gcloud', 'iam']
2016-11-21 06:07:34,614 DEBUG    root            No implementation for release track [GA] in file: [/data/data/com.termux/files/home/gcloud/google-cloud-sdk/lib/surface/genomics/__init__.pyc]
2016-11-21 06:07:34,617 DEBUG    root            No implementation for release track [GA] in file: [/data/data/com.termux/files/home/gcloud/google-cloud-sdk/lib/surface/functions/__init__.pyc]
2016-11-21 06:07:34,725 DEBUG    root            Loaded Command Group: ['gcloud', 'container']
2016-11-21 06:07:34,738 DEBUG    root            No implementation for release track [GA] in file: [/data/data/com.termux/files/home/gcloud/google-cloud-sdk/lib/surface/billing/__init__.pyc]
2016-11-21 06:07:34,783 DEBUG    root            Loaded Command Group: ['gcloud', 'source']
2016-11-21 06:07:34,818 DEBUG    root            Loaded Command Group: ['gcloud', 'init']
2016-11-21 06:07:34,822 DEBUG    root            Loaded Command Group: ['gcloud', 'version']
2016-11-21 06:07:34,826 DEBUG    root            Loaded Command Group: ['gcloud', 'projects']
2016-11-21 06:07:34,832 DEBUG    root            Loaded Command Group: ['gcloud', 'dns']
2016-11-21 06:07:34,839 DEBUG    root            No implementation for release track [GA] in file: [/data/data/com.termux/files/home/gcloud/google-cloud-sdk/lib/surface/test/__init__.pyc]
2016-11-21 06:07:34,842 DEBUG    root            Loaded Command Group: ['gcloud', 'config']
2016-11-21 06:07:34,847 DEBUG    root            No implementation for release track [GA] in file: [/data/data/com.termux/files/home/gcloud/google-cloud-sdk/lib/surface/pubsub/__init__.pyc]
2016-11-21 06:07:34,851 DEBUG    root            No implementation for release track [GA] in file: [/data/data/com.termux/files/home/gcloud/google-cloud-sdk/lib/surface/bio/__init__.pyc]
2016-11-21 06:07:34,855 DEBUG    root            No implementation for release track [GA] in file: [/data/data/com.termux/files/home/gcloud/google-cloud-sdk/lib/surface/error_reporting/__init__.pyc]
2016-11-21 06:07:34,858 DEBUG    root            No implementation for release track [GA] in file: [/data/data/com.termux/files/home/gcloud/google-cloud-sdk/lib/surface/service_registry/__init__.pyc]
2016-11-21 06:07:34,860 DEBUG    root            Loaded Command Group: ['gcloud', 'dataproc']
2016-11-21 06:07:34,865 DEBUG    root            No implementation for release track [GA] in file: [/data/data/com.termux/files/home/gcloud/google-cloud-sdk/lib/surface/emulators/__init__.pyc]
2016-11-21 06:07:34,867 DEBUG    root            Loaded Command Group: ['gcloud', 'auth']
2016-11-21 06:07:34,877 DEBUG    root            Loaded Command Group: ['gcloud', 'sql']
2016-11-21 06:07:34,884 DEBUG    root            No implementation for release track [GA] in file: [/data/data/com.termux/files/home/gcloud/google-cloud-sdk/lib/surface/logging/__init__.pyc]
2016-11-21 06:07:34,886 DEBUG    root            No implementation for release track [GA] in file: [/data/data/com.termux/files/home/gcloud/google-cloud-sdk/lib/surface/bigtable/__init__.pyc]
2016-11-21 06:07:34,888 DEBUG    root            No implementation for release track [GA] in file: [/data/data/com.termux/files/home/gcloud/google-cloud-sdk/lib/surface/resource_manager/__init__.pyc]
2016-11-21 06:07:34,890 DEBUG    root            No implementation for release track [GA] in file: [/data/data/com.termux/files/home/gcloud/google-cloud-sdk/lib/surface/organizations/__init__.pyc]
2016-11-21 06:07:34,895 DEBUG    root            Loaded Command Group: ['gcloud', 'compute']
2016-11-21 06:07:34,911 DEBUG    root            No implementation for release track [GA] in file: [/data/data/com.termux/files/home/gcloud/google-cloud-sdk/lib/surface/service_management/__init__.pyc]
2016-11-21 06:07:34,914 DEBUG    root            No implementation for release track [GA] in file: [/data/data/com.termux/files/home/gcloud/google-cloud-sdk/lib/surface/dataflow/__init__.pyc]
2016-11-21 06:07:34,915 DEBUG    root            No implementation for release track [GA] in file: [/data/data/com.termux/files/home/gcloud/google-cloud-sdk/lib/surface/ml/__init__.pyc]
2016-11-21 06:07:34,917 DEBUG    root            Loaded Command Group: ['gcloud', 'components']
2016-11-21 06:07:34,929 DEBUG    root            No implementation for release track [GA] in file: [/data/data/com.termux/files/home/gcloud/google-cloud-sdk/lib/surface/debug/__init__.pyc]
2016-11-21 06:07:34,932 DEBUG    root            Loaded Command Group: ['gcloud', 'docker']
2016-11-21 06:07:34,937 DEBUG    root            Loaded Command Group: ['gcloud', 'deployment_manager']
2016-11-21 06:07:34,954 ERROR    root            (gcloud) too few arguments
