2016-11-21 06:25:55,483 DEBUG    root            Loaded Command Group: ['gcloud', 'info']
2016-11-21 06:25:55,488 DEBUG    root            Loaded Command Group: ['gcloud', 'feedback']
2016-11-21 06:25:55,492 DEBUG    root            Loaded Command Group: ['gcloud', 'app']
2016-11-21 06:25:55,497 DEBUG    root            Loaded Command Group: ['gcloud', 'topic']
2016-11-21 06:25:55,501 DEBUG    root            Loaded Command Group: ['gcloud', 'meta']
2016-11-21 06:25:55,505 DEBUG    root            No implementation for release track [GA] in file: [/data/data/com.termux/files/home/gcloud/google-cloud-sdk/lib/surface/datastore/__init__.pyc]
2016-11-21 06:25:55,506 DEBUG    root            Loaded Command Group: ['gcloud', 'help']
2016-11-21 06:25:55,510 DEBUG    root            Loaded Command Group: ['gcloud', 'iam']
2016-11-21 06:25:55,515 DEBUG    root            No implementation for release track [GA] in file: [/data/data/com.termux/files/home/gcloud/google-cloud-sdk/lib/surface/genomics/__init__.pyc]
2016-11-21 06:25:55,516 DEBUG    root            No implementation for release track [GA] in file: [/data/data/com.termux/files/home/gcloud/google-cloud-sdk/lib/surface/functions/__init__.pyc]
2016-11-21 06:25:55,604 DEBUG    root            Loaded Command Group: ['gcloud', 'container']
2016-11-21 06:25:55,611 DEBUG    root            No implementation for release track [GA] in file: [/data/data/com.termux/files/home/gcloud/google-cloud-sdk/lib/surface/billing/__init__.pyc]
2016-11-21 06:25:55,656 DEBUG    root            Loaded Command Group: ['gcloud', 'source']
2016-11-21 06:25:55,680 DEBUG    root            Loaded Command Group: ['gcloud', 'init']
2016-11-21 06:25:55,683 DEBUG    root            Loaded Command Group: ['gcloud', 'version']
2016-11-21 06:25:55,687 DEBUG    root            Loaded Command Group: ['gcloud', 'projects']
2016-11-21 06:25:55,692 DEBUG    root            Loaded Command Group: ['gcloud', 'dns']
2016-11-21 06:25:55,697 DEBUG    root            No implementation for release track [GA] in file: [/data/data/com.termux/files/home/gcloud/google-cloud-sdk/lib/surface/test/__init__.pyc]
2016-11-21 06:25:55,699 DEBUG    root            Loaded Command Group: ['gcloud', 'config']
2016-11-21 06:25:55,705 DEBUG    root            No implementation for release track [GA] in file: [/data/data/com.termux/files/home/gcloud/google-cloud-sdk/lib/surface/pubsub/__init__.pyc]
2016-11-21 06:25:55,708 DEBUG    root            No implementation for release track [GA] in file: [/data/data/com.termux/files/home/gcloud/google-cloud-sdk/lib/surface/bio/__init__.pyc]
2016-11-21 06:25:55,711 DEBUG    root            No implementation for release track [GA] in file: [/data/data/com.termux/files/home/gcloud/google-cloud-sdk/lib/surface/error_reporting/__init__.pyc]
2016-11-21 06:25:55,713 DEBUG    root            No implementation for release track [GA] in file: [/data/data/com.termux/files/home/gcloud/google-cloud-sdk/lib/surface/service_registry/__init__.pyc]
2016-11-21 06:25:55,714 DEBUG    root            Loaded Command Group: ['gcloud', 'dataproc']
2016-11-21 06:25:55,718 DEBUG    root            No implementation for release track [GA] in file: [/data/data/com.termux/files/home/gcloud/google-cloud-sdk/lib/surface/emulators/__init__.pyc]
2016-11-21 06:25:55,720 DEBUG    root            Loaded Command Group: ['gcloud', 'auth']
2016-11-21 06:25:55,725 DEBUG    root            Loaded Command Group: ['gcloud', 'sql']
2016-11-21 06:25:55,729 DEBUG    root            No implementation for release track [GA] in file: [/data/data/com.termux/files/home/gcloud/google-cloud-sdk/lib/surface/logging/__init__.pyc]
2016-11-21 06:25:55,731 DEBUG    root            No implementation for release track [GA] in file: [/data/data/com.termux/files/home/gcloud/google-cloud-sdk/lib/surface/bigtable/__init__.pyc]
2016-11-21 06:25:55,732 DEBUG    root            No implementation for release track [GA] in file: [/data/data/com.termux/files/home/gcloud/google-cloud-sdk/lib/surface/resource_manager/__init__.pyc]
2016-11-21 06:25:55,734 DEBUG    root            No implementation for release track [GA] in file: [/data/data/com.termux/files/home/gcloud/google-cloud-sdk/lib/surface/organizations/__init__.pyc]
2016-11-21 06:25:55,737 DEBUG    root            Loaded Command Group: ['gcloud', 'compute']
2016-11-21 06:25:55,743 DEBUG    root            No implementation for release track [GA] in file: [/data/data/com.termux/files/home/gcloud/google-cloud-sdk/lib/surface/service_management/__init__.pyc]
2016-11-21 06:25:55,745 DEBUG    root            No implementation for release track [GA] in file: [/data/data/com.termux/files/home/gcloud/google-cloud-sdk/lib/surface/dataflow/__init__.pyc]
2016-11-21 06:25:55,746 DEBUG    root            No implementation for release track [GA] in file: [/data/data/com.termux/files/home/gcloud/google-cloud-sdk/lib/surface/ml/__init__.pyc]
2016-11-21 06:25:55,748 DEBUG    root            Loaded Command Group: ['gcloud', 'components']
2016-11-21 06:25:55,757 DEBUG    root            No implementation for release track [GA] in file: [/data/data/com.termux/files/home/gcloud/google-cloud-sdk/lib/surface/debug/__init__.pyc]
2016-11-21 06:25:55,759 DEBUG    root            Loaded Command Group: ['gcloud', 'docker']
2016-11-21 06:25:55,763 DEBUG    root            Loaded Command Group: ['gcloud', 'deployment_manager']
2016-11-21 06:25:55,779 ERROR    root            (gcloud) too few arguments
