2016-11-21 06:26:11,707 DEBUG    root            Loaded Command Group: ['gcloud', 'info']
2016-11-21 06:26:11,712 DEBUG    root            Loaded Command Group: ['gcloud', 'feedback']
2016-11-21 06:26:11,717 DEBUG    root            Loaded Command Group: ['gcloud', 'app']
2016-11-21 06:26:11,721 DEBUG    root            Loaded Command Group: ['gcloud', 'topic']
2016-11-21 06:26:11,725 DEBUG    root            Loaded Command Group: ['gcloud', 'meta']
2016-11-21 06:26:11,730 DEBUG    root            No implementation for release track [GA] in file: [/data/data/com.termux/files/home/gcloud/google-cloud-sdk/lib/surface/datastore/__init__.pyc]
2016-11-21 06:26:11,730 DEBUG    root            Loaded Command Group: ['gcloud', 'help']
2016-11-21 06:26:11,734 DEBUG    root            Loaded Command Group: ['gcloud', 'iam']
2016-11-21 06:26:11,738 DEBUG    root            No implementation for release track [GA] in file: [/data/data/com.termux/files/home/gcloud/google-cloud-sdk/lib/surface/genomics/__init__.pyc]
2016-11-21 06:26:11,740 DEBUG    root            No implementation for release track [GA] in file: [/data/data/com.termux/files/home/gcloud/google-cloud-sdk/lib/surface/functions/__init__.pyc]
2016-11-21 06:26:11,829 DEBUG    root            Loaded Command Group: ['gcloud', 'container']
2016-11-21 06:26:11,836 DEBUG    root            No implementation for release track [GA] in file: [/data/data/com.termux/files/home/gcloud/google-cloud-sdk/lib/surface/billing/__init__.pyc]
2016-11-21 06:26:11,880 DEBUG    root            Loaded Command Group: ['gcloud', 'source']
2016-11-21 06:26:11,904 DEBUG    root            Loaded Command Group: ['gcloud', 'init']
2016-11-21 06:26:11,907 DEBUG    root            Loaded Command Group: ['gcloud', 'version']
2016-11-21 06:26:11,911 DEBUG    root            Loaded Command Group: ['gcloud', 'projects']
2016-11-21 06:26:11,916 DEBUG    root            Loaded Command Group: ['gcloud', 'dns']
2016-11-21 06:26:11,921 DEBUG    root            No implementation for release track [GA] in file: [/data/data/com.termux/files/home/gcloud/google-cloud-sdk/lib/surface/test/__init__.pyc]
2016-11-21 06:26:11,924 DEBUG    root            Loaded Command Group: ['gcloud', 'config']
2016-11-21 06:26:11,928 DEBUG    root            No implementation for release track [GA] in file: [/data/data/com.termux/files/home/gcloud/google-cloud-sdk/lib/surface/pubsub/__init__.pyc]
2016-11-21 06:26:11,930 DEBUG    root            No implementation for release track [GA] in file: [/data/data/com.termux/files/home/gcloud/google-cloud-sdk/lib/surface/bio/__init__.pyc]
2016-11-21 06:26:11,932 DEBUG    root            No implementation for release track [GA] in file: [/data/data/com.termux/files/home/gcloud/google-cloud-sdk/lib/surface/error_reporting/__init__.pyc]
2016-11-21 06:26:11,934 DEBUG    root            No implementation for release track [GA] in file: [/data/data/com.termux/files/home/gcloud/google-cloud-sdk/lib/surface/service_registry/__init__.pyc]
2016-11-21 06:26:11,936 DEBUG    root            Loaded Command Group: ['gcloud', 'dataproc']
2016-11-21 06:26:11,939 DEBUG    root            No implementation for release track [GA] in file: [/data/data/com.termux/files/home/gcloud/google-cloud-sdk/lib/surface/emulators/__init__.pyc]
2016-11-21 06:26:11,941 DEBUG    root            Loaded Command Group: ['gcloud', 'auth']
2016-11-21 06:26:11,946 DEBUG    root            Loaded Command Group: ['gcloud', 'sql']
2016-11-21 06:26:11,950 DEBUG    root            No implementation for release track [GA] in file: [/data/data/com.termux/files/home/gcloud/google-cloud-sdk/lib/surface/logging/__init__.pyc]
2016-11-21 06:26:11,952 DEBUG    root            No implementation for release track [GA] in file: [/data/data/com.termux/files/home/gcloud/google-cloud-sdk/lib/surface/bigtable/__init__.pyc]
2016-11-21 06:26:11,953 DEBUG    root            No implementation for release track [GA] in file: [/data/data/com.termux/files/home/gcloud/google-cloud-sdk/lib/surface/resource_manager/__init__.pyc]
2016-11-21 06:26:11,955 DEBUG    root            No implementation for release track [GA] in file: [/data/data/com.termux/files/home/gcloud/google-cloud-sdk/lib/surface/organizations/__init__.pyc]
2016-11-21 06:26:11,957 DEBUG    root            Loaded Command Group: ['gcloud', 'compute']
2016-11-21 06:26:11,964 DEBUG    root            No implementation for release track [GA] in file: [/data/data/com.termux/files/home/gcloud/google-cloud-sdk/lib/surface/service_management/__init__.pyc]
2016-11-21 06:26:11,966 DEBUG    root            No implementation for release track [GA] in file: [/data/data/com.termux/files/home/gcloud/google-cloud-sdk/lib/surface/dataflow/__init__.pyc]
2016-11-21 06:26:11,967 DEBUG    root            No implementation for release track [GA] in file: [/data/data/com.termux/files/home/gcloud/google-cloud-sdk/lib/surface/ml/__init__.pyc]
2016-11-21 06:26:11,969 DEBUG    root            Loaded Command Group: ['gcloud', 'components']
2016-11-21 06:26:11,977 DEBUG    root            No implementation for release track [GA] in file: [/data/data/com.termux/files/home/gcloud/google-cloud-sdk/lib/surface/debug/__init__.pyc]
2016-11-21 06:26:11,979 DEBUG    root            Loaded Command Group: ['gcloud', 'docker']
2016-11-21 06:26:11,983 DEBUG    root            Loaded Command Group: ['gcloud', 'deployment_manager']
2016-11-21 06:26:11,998 ERROR    root            (gcloud) too few arguments
