2016-11-21 06:23:49,743 DEBUG    root            Loaded Command Group: ['gcloud', 'info']
2016-11-21 06:23:49,748 DEBUG    root            Loaded Command Group: ['gcloud', 'feedback']
2016-11-21 06:23:49,752 DEBUG    root            Loaded Command Group: ['gcloud', 'app']
2016-11-21 06:23:49,757 DEBUG    root            Loaded Command Group: ['gcloud', 'topic']
2016-11-21 06:23:49,761 DEBUG    root            Loaded Command Group: ['gcloud', 'meta']
2016-11-21 06:23:49,765 DEBUG    root            No implementation for release track [GA] in file: [/data/data/com.termux/files/home/gcloud/google-cloud-sdk/lib/surface/datastore/__init__.pyc]
2016-11-21 06:23:49,766 DEBUG    root            Loaded Command Group: ['gcloud', 'help']
2016-11-21 06:23:49,769 DEBUG    root            Loaded Command Group: ['gcloud', 'iam']
2016-11-21 06:23:49,773 DEBUG    root            No implementation for release track [GA] in file: [/data/data/com.termux/files/home/gcloud/google-cloud-sdk/lib/surface/genomics/__init__.pyc]
2016-11-21 06:23:49,775 DEBUG    root            No implementation for release track [GA] in file: [/data/data/com.termux/files/home/gcloud/google-cloud-sdk/lib/surface/functions/__init__.pyc]
2016-11-21 06:23:49,863 DEBUG    root            Loaded Command Group: ['gcloud', 'container']
2016-11-21 06:23:49,870 DEBUG    root            No implementation for release track [GA] in file: [/data/data/com.termux/files/home/gcloud/google-cloud-sdk/lib/surface/billing/__init__.pyc]
2016-11-21 06:23:49,915 DEBUG    root            Loaded Command Group: ['gcloud', 'source']
2016-11-21 06:23:49,939 DEBUG    root            Loaded Command Group: ['gcloud', 'init']
2016-11-21 06:23:49,942 DEBUG    root            Loaded Command Group: ['gcloud', 'version']
2016-11-21 06:23:49,946 DEBUG    root            Loaded Command Group: ['gcloud', 'projects']
2016-11-21 06:23:49,951 DEBUG    root            Loaded Command Group: ['gcloud', 'dns']
2016-11-21 06:23:49,956 DEBUG    root            No implementation for release track [GA] in file: [/data/data/com.termux/files/home/gcloud/google-cloud-sdk/lib/surface/test/__init__.pyc]
2016-11-21 06:23:49,958 DEBUG    root            Loaded Command Group: ['gcloud', 'config']
2016-11-21 06:23:49,963 DEBUG    root            No implementation for release track [GA] in file: [/data/data/com.termux/files/home/gcloud/google-cloud-sdk/lib/surface/pubsub/__init__.pyc]
2016-11-21 06:23:49,965 DEBUG    root            No implementation for release track [GA] in file: [/data/data/com.termux/files/home/gcloud/google-cloud-sdk/lib/surface/bio/__init__.pyc]
2016-11-21 06:23:49,967 DEBUG    root            No implementation for release track [GA] in file: [/data/data/com.termux/files/home/gcloud/google-cloud-sdk/lib/surface/error_reporting/__init__.pyc]
2016-11-21 06:23:49,969 DEBUG    root            No implementation for release track [GA] in file: [/data/data/com.termux/files/home/gcloud/google-cloud-sdk/lib/surface/service_registry/__init__.pyc]
2016-11-21 06:23:49,970 DEBUG    root            Loaded Command Group: ['gcloud', 'dataproc']
2016-11-21 06:23:49,974 DEBUG    root            No implementation for release track [GA] in file: [/data/data/com.termux/files/home/gcloud/google-cloud-sdk/lib/surface/emulators/__init__.pyc]
2016-11-21 06:23:49,975 DEBUG    root            Loaded Command Group: ['gcloud', 'auth']
2016-11-21 06:23:49,981 DEBUG    root            Loaded Command Group: ['gcloud', 'sql']
2016-11-21 06:23:49,985 DEBUG    root            No implementation for release track [GA] in file: [/data/data/com.termux/files/home/gcloud/google-cloud-sdk/lib/surface/logging/__init__.pyc]
2016-11-21 06:23:49,987 DEBUG    root            No implementation for release track [GA] in file: [/data/data/com.termux/files/home/gcloud/google-cloud-sdk/lib/surface/bigtable/__init__.pyc]
2016-11-21 06:23:49,988 DEBUG    root            No implementation for release track [GA] in file: [/data/data/com.termux/files/home/gcloud/google-cloud-sdk/lib/surface/resource_manager/__init__.pyc]
2016-11-21 06:23:49,989 DEBUG    root            No implementation for release track [GA] in file: [/data/data/com.termux/files/home/gcloud/google-cloud-sdk/lib/surface/organizations/__init__.pyc]
2016-11-21 06:23:49,992 DEBUG    root            Loaded Command Group: ['gcloud', 'compute']
2016-11-21 06:23:49,999 DEBUG    root            No implementation for release track [GA] in file: [/data/data/com.termux/files/home/gcloud/google-cloud-sdk/lib/surface/service_management/__init__.pyc]
2016-11-21 06:23:50,001 DEBUG    root            No implementation for release track [GA] in file: [/data/data/com.termux/files/home/gcloud/google-cloud-sdk/lib/surface/dataflow/__init__.pyc]
2016-11-21 06:23:50,002 DEBUG    root            No implementation for release track [GA] in file: [/data/data/com.termux/files/home/gcloud/google-cloud-sdk/lib/surface/ml/__init__.pyc]
2016-11-21 06:23:50,004 DEBUG    root            Loaded Command Group: ['gcloud', 'components']
2016-11-21 06:23:50,012 DEBUG    root            No implementation for release track [GA] in file: [/data/data/com.termux/files/home/gcloud/google-cloud-sdk/lib/surface/debug/__init__.pyc]
2016-11-21 06:23:50,014 DEBUG    root            Loaded Command Group: ['gcloud', 'docker']
2016-11-21 06:23:50,018 DEBUG    root            Loaded Command Group: ['gcloud', 'deployment_manager']
2016-11-21 06:23:50,034 ERROR    root            (gcloud) too few arguments
