2016-11-21 06:30:01,036 DEBUG    root            Loaded Command Group: ['gcloud', 'info']
2016-11-21 06:30:01,041 DEBUG    root            Loaded Command Group: ['gcloud', 'feedback']
2016-11-21 06:30:01,045 DEBUG    root            Loaded Command Group: ['gcloud', 'app']
2016-11-21 06:30:01,049 DEBUG    root            Loaded Command Group: ['gcloud', 'topic']
2016-11-21 06:30:01,053 DEBUG    root            Loaded Command Group: ['gcloud', 'meta']
2016-11-21 06:30:01,058 DEBUG    root            No implementation for release track [GA] in file: [/data/data/com.termux/files/home/gcloud/google-cloud-sdk/lib/surface/datastore/__init__.pyc]
2016-11-21 06:30:01,058 DEBUG    root            Loaded Command Group: ['gcloud', 'help']
2016-11-21 06:30:01,062 DEBUG    root            Loaded Command Group: ['gcloud', 'iam']
2016-11-21 06:30:01,066 DEBUG    root            No implementation for release track [GA] in file: [/data/data/com.termux/files/home/gcloud/google-cloud-sdk/lib/surface/genomics/__init__.pyc]
2016-11-21 06:30:01,067 DEBUG    root            No implementation for release track [GA] in file: [/data/data/com.termux/files/home/gcloud/google-cloud-sdk/lib/surface/functions/__init__.pyc]
2016-11-21 06:30:01,155 DEBUG    root            Loaded Command Group: ['gcloud', 'container']
2016-11-21 06:30:01,162 DEBUG    root            No implementation for release track [GA] in file: [/data/data/com.termux/files/home/gcloud/google-cloud-sdk/lib/surface/billing/__init__.pyc]
2016-11-21 06:30:01,206 DEBUG    root            Loaded Command Group: ['gcloud', 'source']
2016-11-21 06:30:01,230 DEBUG    root            Loaded Command Group: ['gcloud', 'init']
2016-11-21 06:30:01,234 DEBUG    root            Loaded Command Group: ['gcloud', 'version']
2016-11-21 06:30:01,237 DEBUG    root            Loaded Command Group: ['gcloud', 'projects']
2016-11-21 06:30:01,242 DEBUG    root            Loaded Command Group: ['gcloud', 'dns']
2016-11-21 06:30:01,247 DEBUG    root            No implementation for release track [GA] in file: [/data/data/com.termux/files/home/gcloud/google-cloud-sdk/lib/surface/test/__init__.pyc]
2016-11-21 06:30:01,249 DEBUG    root            Loaded Command Group: ['gcloud', 'config']
2016-11-21 06:30:01,254 DEBUG    root            No implementation for release track [GA] in file: [/data/data/com.termux/files/home/gcloud/google-cloud-sdk/lib/surface/pubsub/__init__.pyc]
2016-11-21 06:30:01,256 DEBUG    root            No implementation for release track [GA] in file: [/data/data/com.termux/files/home/gcloud/google-cloud-sdk/lib/surface/bio/__init__.pyc]
2016-11-21 06:30:01,258 DEBUG    root            No implementation for release track [GA] in file: [/data/data/com.termux/files/home/gcloud/google-cloud-sdk/lib/surface/error_reporting/__init__.pyc]
2016-11-21 06:30:01,260 DEBUG    root            No implementation for release track [GA] in file: [/data/data/com.termux/files/home/gcloud/google-cloud-sdk/lib/surface/service_registry/__init__.pyc]
2016-11-21 06:30:01,261 DEBUG    root            Loaded Command Group: ['gcloud', 'dataproc']
2016-11-21 06:30:01,265 DEBUG    root            No implementation for release track [GA] in file: [/data/data/com.termux/files/home/gcloud/google-cloud-sdk/lib/surface/emulators/__init__.pyc]
2016-11-21 06:30:01,266 DEBUG    root            Loaded Command Group: ['gcloud', 'auth']
2016-11-21 06:30:01,272 DEBUG    root            Loaded Command Group: ['gcloud', 'sql']
2016-11-21 06:30:01,276 DEBUG    root            No implementation for release track [GA] in file: [/data/data/com.termux/files/home/gcloud/google-cloud-sdk/lib/surface/logging/__init__.pyc]
2016-11-21 06:30:01,278 DEBUG    root            No implementation for release track [GA] in file: [/data/data/com.termux/files/home/gcloud/google-cloud-sdk/lib/surface/bigtable/__init__.pyc]
2016-11-21 06:30:01,280 DEBUG    root            No implementation for release track [GA] in file: [/data/data/com.termux/files/home/gcloud/google-cloud-sdk/lib/surface/resource_manager/__init__.pyc]
2016-11-21 06:30:01,281 DEBUG    root            No implementation for release track [GA] in file: [/data/data/com.termux/files/home/gcloud/google-cloud-sdk/lib/surface/organizations/__init__.pyc]
2016-11-21 06:30:01,283 DEBUG    root            Loaded Command Group: ['gcloud', 'compute']
2016-11-21 06:30:01,290 DEBUG    root            No implementation for release track [GA] in file: [/data/data/com.termux/files/home/gcloud/google-cloud-sdk/lib/surface/service_management/__init__.pyc]
2016-11-21 06:30:01,292 DEBUG    root            No implementation for release track [GA] in file: [/data/data/com.termux/files/home/gcloud/google-cloud-sdk/lib/surface/dataflow/__init__.pyc]
2016-11-21 06:30:01,293 DEBUG    root            No implementation for release track [GA] in file: [/data/data/com.termux/files/home/gcloud/google-cloud-sdk/lib/surface/ml/__init__.pyc]
2016-11-21 06:30:01,295 DEBUG    root            Loaded Command Group: ['gcloud', 'components']
2016-11-21 06:30:01,303 DEBUG    root            No implementation for release track [GA] in file: [/data/data/com.termux/files/home/gcloud/google-cloud-sdk/lib/surface/debug/__init__.pyc]
2016-11-21 06:30:01,305 DEBUG    root            Loaded Command Group: ['gcloud', 'docker']
2016-11-21 06:30:01,309 DEBUG    root            Loaded Command Group: ['gcloud', 'deployment_manager']
2016-11-21 06:30:01,329 ERROR    root            (gcloud) too few arguments
