2016-11-09 11:00:19,780 DEBUG    root            Loaded Command Group: ['gcloud', 'components']
2016-11-09 11:00:19,802 DEBUG    root            Loaded Command Group: ['gcloud', 'components', 'post_process']
2016-11-09 11:00:19,807 DEBUG    root            Running gcloud.components.post-process with Namespace(__calliope_internal_deepest_parser=ArgumentParser(prog='gcloud.components.post-process', usage=None, description='Performs any necessary post installation steps.', version=None, formatter_class=<class 'argparse.HelpFormatter'>, conflict_handler='error', add_help=False), account=None, architecture_override=None, authority_selector=None, authorization_token_file=None, calliope_command=<googlecloudsdk.calliope.backend.Command object at 0xb5be3710>, command_path=['gcloud', 'components', 'post-process'], configuration=None, credential_file_override=None, data='', document=None, flatten=None, format=None, h=None, help=None, http_timeout=None, log_http=None, operating_system_override=None, project=None, quiet=None, sdk_root_override=None, snapshot_url_override=None, trace_email=None, trace_log=None, trace_token=None, user_output_enabled=None, verbosity='warning', version=None).
2016-11-09 11:05:53,762 DEBUG    root            Loaded Command Group: ['gcloud', 'info']
2016-11-09 11:05:53,776 DEBUG    root            Loaded Command Group: ['gcloud', 'feedback']
2016-11-09 11:05:53,791 DEBUG    root            Loaded Command Group: ['gcloud', 'app']
2016-11-09 11:07:43,809 DEBUG    root            Loaded Command Group: ['gcloud', 'app', 'open_console']
2016-11-09 11:07:43,819 DEBUG    root            Loaded Command Group: ['gcloud', 'app', 'logs']
2016-11-09 11:07:43,831 DEBUG    root            Loaded Command Group: ['gcloud', 'app', 'logs', 'read']
2016-11-09 11:07:43,840 DEBUG    root            Loaded Command Group: ['gcloud', 'app', 'versions']
2016-11-09 11:07:43,851 DEBUG    root            Loaded Command Group: ['gcloud', 'app', 'versions', 'start']
2016-11-09 11:07:43,857 DEBUG    root            Loaded Command Group: ['gcloud', 'app', 'versions', 'browse']
2016-11-09 11:07:43,866 DEBUG    root            Loaded Command Group: ['gcloud', 'app', 'versions', 'stop']
2016-11-09 11:07:43,873 DEBUG    root            Loaded Command Group: ['gcloud', 'app', 'versions', 'describe']
2016-11-09 11:07:43,881 DEBUG    root            Loaded Command Group: ['gcloud', 'app', 'versions', 'list']
2016-11-09 11:07:43,892 DEBUG    root            Loaded Command Group: ['gcloud', 'app', 'versions', 'delete']
2016-11-09 11:07:43,899 DEBUG    root            Loaded Command Group: ['gcloud', 'app', 'browse']
2016-11-09 11:07:43,908 DEBUG    root            No implementation for release track [GA] in file: [/data/data/com.termux/files/home/gcloud/google-cloud-sdk/lib/surface/app/create.pyc]
2016-11-09 11:07:44,384 DEBUG    root            Loaded Command Group: ['gcloud', 'app', 'deploy']
2016-11-09 11:07:44,399 DEBUG    root            No implementation for release track [GA] in file: [/data/data/com.termux/files/home/gcloud/google-cloud-sdk/lib/surface/app/modules/__init__.pyc]
2016-11-09 11:07:44,404 DEBUG    root            No implementation for release track [GA] in file: [/data/data/com.termux/files/home/gcloud/google-cloud-sdk/lib/surface/app/regions/__init__.pyc]
2016-11-09 11:07:44,408 DEBUG    root            Loaded Command Group: ['gcloud', 'app', 'instances']
2016-11-09 11:07:44,418 DEBUG    root            Loaded Command Group: ['gcloud', 'app', 'instances', 'disable_debug']
2016-11-09 11:07:44,428 DEBUG    root            No implementation for release track [GA] in file: [/data/data/com.termux/files/home/gcloud/google-cloud-sdk/lib/surface/app/instances/describe.pyc]
2016-11-09 11:07:44,430 DEBUG    root            Loaded Command Group: ['gcloud', 'app', 'instances', 'list']
2016-11-09 11:07:44,440 DEBUG    root            Loaded Command Group: ['gcloud', 'app', 'instances', 'enable_debug']
2016-11-09 11:07:44,733 DEBUG    root            No implementation for release track [GA] in file: [/data/data/com.termux/files/home/gcloud/google-cloud-sdk/lib/surface/app/gen_config.pyc]
2016-11-09 11:07:44,741 DEBUG    root            Loaded Command Group: ['gcloud', 'app', 'services']
2016-11-09 11:07:44,752 DEBUG    root            Loaded Command Group: ['gcloud', 'app', 'services', 'browse']
2016-11-09 11:07:44,768 DEBUG    root            Loaded Command Group: ['gcloud', 'app', 'services', 'set_traffic']
2016-11-09 11:07:44,778 DEBUG    root            Loaded Command Group: ['gcloud', 'app', 'services', 'list']
2016-11-09 11:07:44,788 DEBUG    root            Loaded Command Group: ['gcloud', 'app', 'services', 'delete']
2016-11-09 11:07:44,799 DEBUG    root            Loaded Command Group: ['gcloud', 'app', 'gen_repo_info_file']
2016-11-09 11:07:44,813 DEBUG    root            Loaded Command Group: ['gcloud', 'topic']
2016-11-09 11:07:44,906 DEBUG    root            Loaded Command Group: ['gcloud', 'topic', 'projections']
2016-11-09 11:07:44,915 DEBUG    root            Loaded Command Group: ['gcloud', 'topic', 'escaping']
2016-11-09 11:07:44,926 DEBUG    root            Loaded Command Group: ['gcloud', 'topic', 'filters']
2016-11-09 11:07:44,934 DEBUG    root            Loaded Command Group: ['gcloud', 'topic', 'datetimes']
2016-11-09 11:07:44,961 DEBUG    root            Loaded Command Group: ['gcloud', 'topic', 'arg_files']
2016-11-09 11:07:44,970 DEBUG    root            Loaded Command Group: ['gcloud', 'topic', 'resource_keys']
2016-11-09 11:07:44,987 DEBUG    root            Loaded Command Group: ['gcloud', 'topic', 'formats']
2016-11-09 11:07:44,998 DEBUG    root            Loaded Command Group: ['gcloud', 'topic', 'configurations']
2016-11-09 11:07:45,011 DEBUG    root            Loaded Command Group: ['gcloud', 'meta']
2016-11-09 11:07:45,029 DEBUG    root            Loaded Command Group: ['gcloud', 'meta', 'generate_help_docs']
2016-11-09 11:07:45,040 DEBUG    root            Loaded Command Group: ['gcloud', 'meta', 'render_markdown']
2016-11-09 11:07:45,049 DEBUG    root            Loaded Command Group: ['gcloud', 'meta', 'list_from_json']
2016-11-09 11:07:45,220 DEBUG    root            Loaded Command Group: ['gcloud', 'meta', 'debug']
2016-11-09 11:07:45,231 DEBUG    root            Loaded Command Group: ['gcloud', 'meta', 'list_gcloud']
2016-11-09 11:07:45,278 DEBUG    root            Loaded Command Group: ['gcloud', 'meta', 'lint']
2016-11-09 11:07:45,293 DEBUG    root            Loaded Command Group: ['gcloud', 'meta', 'list_commands']
2016-11-09 11:07:45,308 DEBUG    root            No implementation for release track [GA] in file: [/data/data/com.termux/files/home/gcloud/google-cloud-sdk/lib/surface/datastore/__init__.pyc]
2016-11-09 11:07:45,311 DEBUG    root            Loaded Command Group: ['gcloud', 'help']
2016-11-09 11:07:45,325 DEBUG    root            Loaded Command Group: ['gcloud', 'iam']
2016-11-09 11:07:45,340 DEBUG    root            Loaded Command Group: ['gcloud', 'iam', 'service_accounts']
2016-11-09 11:07:45,389 DEBUG    root            Loaded Command Group: ['gcloud', 'iam', 'service-accounts', 'add_iam_policy_binding']
2016-11-09 11:07:45,399 DEBUG    root            Loaded Command Group: ['gcloud', 'iam', 'service-accounts', 'remove_iam_policy_binding']
2016-11-09 11:07:45,411 DEBUG    root            Loaded Command Group: ['gcloud', 'iam', 'service-accounts', 'sign_blob']
2016-11-09 11:07:45,425 DEBUG    root            Loaded Command Group: ['gcloud', 'iam', 'service-accounts', 'keys']
2016-11-09 11:07:45,437 DEBUG    root            Loaded Command Group: ['gcloud', 'iam', 'service-accounts', 'keys', 'create']
2016-11-09 11:07:45,448 DEBUG    root            Loaded Command Group: ['gcloud', 'iam', 'service-accounts', 'keys', 'list']
2016-11-09 11:07:45,460 DEBUG    root            Loaded Command Group: ['gcloud', 'iam', 'service-accounts', 'keys', 'delete']
2016-11-09 11:07:45,469 DEBUG    root            Loaded Command Group: ['gcloud', 'iam', 'service-accounts', 'create']
2016-11-09 11:07:45,479 DEBUG    root            Loaded Command Group: ['gcloud', 'iam', 'service-accounts', 'describe']
2016-11-09 11:07:45,489 DEBUG    root            Loaded Command Group: ['gcloud', 'iam', 'service-accounts', 'list']
2016-11-09 11:07:45,500 DEBUG    root            Loaded Command Group: ['gcloud', 'iam', 'service-accounts', 'update']
2016-11-09 11:07:45,511 DEBUG    root            Loaded Command Group: ['gcloud', 'iam', 'service-accounts', 'get_iam_policy']
2016-11-09 11:07:45,519 DEBUG    root            Loaded Command Group: ['gcloud', 'iam', 'service-accounts', 'set_iam_policy']
2016-11-09 11:07:45,529 DEBUG    root            Loaded Command Group: ['gcloud', 'iam', 'service-accounts', 'delete']
2016-11-09 11:07:45,538 DEBUG    root            Loaded Command Group: ['gcloud', 'iam', 'list_grantable_roles']
2016-11-09 11:07:45,556 DEBUG    root            No implementation for release track [GA] in file: [/data/data/com.termux/files/home/gcloud/google-cloud-sdk/lib/surface/genomics/__init__.pyc]
2016-11-09 11:07:45,565 DEBUG    root            No implementation for release track [GA] in file: [/data/data/com.termux/files/home/gcloud/google-cloud-sdk/lib/surface/functions/__init__.pyc]
2016-11-09 11:07:45,610 DEBUG    root            Loaded Command Group: ['gcloud', 'container']
2016-11-09 11:07:45,630 DEBUG    root            Loaded Command Group: ['gcloud', 'container', 'operations']
2016-11-09 11:07:45,642 DEBUG    root            No implementation for release track [GA] in file: [/data/data/com.termux/files/home/gcloud/google-cloud-sdk/lib/surface/container/operations/cancel.pyc]
2016-11-09 11:07:45,645 DEBUG    root            Loaded Command Group: ['gcloud', 'container', 'operations', 'describe']
2016-11-09 11:07:45,655 DEBUG    root            Loaded Command Group: ['gcloud', 'container', 'operations', 'list']
2016-11-09 11:07:45,665 DEBUG    root            Loaded Command Group: ['gcloud', 'container', 'operations', 'wait']
2016-11-09 11:07:45,682 DEBUG    root            No implementation for release track [GA] in file: [/data/data/com.termux/files/home/gcloud/google-cloud-sdk/lib/surface/container/builds/__init__.pyc]
2016-11-09 11:07:45,691 DEBUG    root            Loaded Command Group: ['gcloud', 'container', 'node_pools']
2016-11-09 11:07:45,706 DEBUG    root            Loaded Command Group: ['gcloud', 'container', 'node-pools', 'create']
2016-11-09 11:07:45,721 DEBUG    root            Loaded Command Group: ['gcloud', 'container', 'node-pools', 'describe']
2016-11-09 11:07:45,733 DEBUG    root            Loaded Command Group: ['gcloud', 'container', 'node-pools', 'list']
2016-11-09 11:07:45,746 DEBUG    root            Loaded Command Group: ['gcloud', 'container', 'node-pools', 'delete']
2016-11-09 11:07:45,794 DEBUG    root            No implementation for release track [GA] in file: [/data/data/com.termux/files/home/gcloud/google-cloud-sdk/lib/surface/container/images/__init__.pyc]
2016-11-09 11:07:45,806 DEBUG    root            Loaded Command Group: ['gcloud', 'container', 'clusters']
2016-11-09 11:07:52,301 DEBUG    root            Loaded Command Group: ['gcloud', 'container', 'clusters', 'upgrade']
2016-11-09 11:07:52,312 DEBUG    root            Loaded Command Group: ['gcloud', 'container', 'clusters', 'create']
2016-11-09 11:07:52,351 DEBUG    root            Loaded Command Group: ['gcloud', 'container', 'clusters', 'describe']
2016-11-09 11:07:52,359 DEBUG    root            Loaded Command Group: ['gcloud', 'container', 'clusters', 'list']
2016-11-09 11:07:52,376 DEBUG    root            Loaded Command Group: ['gcloud', 'container', 'clusters', 'update']
2016-11-09 11:07:52,386 DEBUG    root            Loaded Command Group: ['gcloud', 'container', 'clusters', 'get_credentials']
2016-11-09 11:07:52,394 DEBUG    root            Loaded Command Group: ['gcloud', 'container', 'clusters', 'resize']
2016-11-09 11:07:52,402 DEBUG    root            Loaded Command Group: ['gcloud', 'container', 'clusters', 'delete']
2016-11-09 11:07:52,409 DEBUG    root            Loaded Command Group: ['gcloud', 'container', 'get_server_config']
2016-11-09 11:07:52,425 DEBUG    root            No implementation for release track [GA] in file: [/data/data/com.termux/files/home/gcloud/google-cloud-sdk/lib/surface/billing/__init__.pyc]
2016-11-09 11:07:52,523 DEBUG    root            Loaded Command Group: ['gcloud', 'source']
2016-11-09 11:07:52,548 DEBUG    root            No implementation for release track [GA] in file: [/data/data/com.termux/files/home/gcloud/google-cloud-sdk/lib/surface/source/captures/__init__.pyc]
2016-11-09 11:07:52,557 DEBUG    root            Loaded Command Group: ['gcloud', 'source', 'repos']
2016-11-09 11:07:52,575 DEBUG    root            Loaded Command Group: ['gcloud', 'source', 'repos', 'clone']
2016-11-09 11:07:52,583 DEBUG    root            No implementation for release track [GA] in file: [/data/data/com.termux/files/home/gcloud/google-cloud-sdk/lib/surface/source/repos/list.pyc]
2016-11-09 11:07:52,586 DEBUG    root            No implementation for release track [GA] in file: [/data/data/com.termux/files/home/gcloud/google-cloud-sdk/lib/surface/source/repos/create.pyc]
2016-11-09 11:07:52,588 DEBUG    root            No implementation for release track [GA] in file: [/data/data/com.termux/files/home/gcloud/google-cloud-sdk/lib/surface/source/repos/delete.pyc]
2016-11-09 11:07:52,731 DEBUG    root            Loaded Command Group: ['gcloud', 'init']
2016-11-09 11:07:52,738 DEBUG    root            Loaded Command Group: ['gcloud', 'version']
2016-11-09 11:07:52,753 DEBUG    root            Loaded Command Group: ['gcloud', 'projects']
2016-11-09 11:07:52,767 DEBUG    root            Loaded Command Group: ['gcloud', 'projects', 'add_iam_policy_binding']
2016-11-09 11:07:52,777 DEBUG    root            Loaded Command Group: ['gcloud', 'projects', 'remove_iam_policy_binding']
2016-11-09 11:07:52,788 DEBUG    root            No implementation for release track [GA] in file: [/data/data/com.termux/files/home/gcloud/google-cloud-sdk/lib/surface/projects/move.pyc]
2016-11-09 11:07:52,791 DEBUG    root            Loaded Command Group: ['gcloud', 'projects', 'undelete']
2016-11-09 11:07:52,798 DEBUG    root            No implementation for release track [GA] in file: [/data/data/com.termux/files/home/gcloud/google-cloud-sdk/lib/surface/projects/create.pyc]
2016-11-09 11:07:52,800 DEBUG    root            Loaded Command Group: ['gcloud', 'projects', 'describe']
2016-11-09 11:07:52,807 DEBUG    root            Loaded Command Group: ['gcloud', 'projects', 'list']
2016-11-09 11:07:52,827 DEBUG    root            Loaded Command Group: ['gcloud', 'projects', 'update']
2016-11-09 11:07:52,834 DEBUG    root            Loaded Command Group: ['gcloud', 'projects', 'get_iam_policy']
2016-11-09 11:07:52,842 DEBUG    root            Loaded Command Group: ['gcloud', 'projects', 'set_iam_policy']
2016-11-09 11:07:52,849 DEBUG    root            Loaded Command Group: ['gcloud', 'projects', 'delete']
2016-11-09 11:07:52,865 DEBUG    root            Loaded Command Group: ['gcloud', 'dns']
2016-11-09 11:07:52,882 DEBUG    root            Loaded Command Group: ['gcloud', 'dns', 'managed_zones']
2016-11-09 11:07:52,891 DEBUG    root            Loaded Command Group: ['gcloud', 'dns', 'managed-zones', 'create']
2016-11-09 11:07:52,898 DEBUG    root            Loaded Command Group: ['gcloud', 'dns', 'managed-zones', 'describe']
2016-11-09 11:07:52,905 DEBUG    root            Loaded Command Group: ['gcloud', 'dns', 'managed-zones', 'list']
2016-11-09 11:07:52,912 DEBUG    root            Loaded Command Group: ['gcloud', 'dns', 'managed-zones', 'delete']
2016-11-09 11:07:52,929 DEBUG    root            Loaded Command Group: ['gcloud', 'dns', 'record_sets']
2016-11-09 11:07:52,992 DEBUG    root            Loaded Command Group: ['gcloud', 'dns', 'record-sets', 'import']
2016-11-09 11:07:53,001 DEBUG    root            Loaded Command Group: ['gcloud', 'dns', 'record-sets', 'export']
2016-11-09 11:07:53,021 DEBUG    root            Loaded Command Group: ['gcloud', 'dns', 'record-sets', 'transaction']
2016-11-09 11:07:53,030 DEBUG    root            Loaded Command Group: ['gcloud', 'dns', 'record-sets', 'transaction', 'start']
2016-11-09 11:07:53,037 DEBUG    root            Loaded Command Group: ['gcloud', 'dns', 'record-sets', 'transaction', 'execute']
2016-11-09 11:07:53,046 DEBUG    root            Loaded Command Group: ['gcloud', 'dns', 'record-sets', 'transaction', 'abort']
2016-11-09 11:07:53,053 DEBUG    root            Loaded Command Group: ['gcloud', 'dns', 'record-sets', 'transaction', 'describe']
2016-11-09 11:07:53,060 DEBUG    root            Loaded Command Group: ['gcloud', 'dns', 'record-sets', 'transaction', 'add']
2016-11-09 11:07:53,068 DEBUG    root            Loaded Command Group: ['gcloud', 'dns', 'record-sets', 'transaction', 'remove']
2016-11-09 11:07:53,085 DEBUG    root            Loaded Command Group: ['gcloud', 'dns', 'record-sets', 'changes']
2016-11-09 11:07:53,102 DEBUG    root            Loaded Command Group: ['gcloud', 'dns', 'record-sets', 'changes', 'describe']
2016-11-09 11:07:53,109 DEBUG    root            Loaded Command Group: ['gcloud', 'dns', 'record-sets', 'changes', 'list']
2016-11-09 11:07:53,118 DEBUG    root            Loaded Command Group: ['gcloud', 'dns', 'record-sets', 'list']
2016-11-09 11:07:53,137 DEBUG    root            Loaded Command Group: ['gcloud', 'dns', 'project_info']
2016-11-09 11:07:53,144 DEBUG    root            Loaded Command Group: ['gcloud', 'dns', 'project-info', 'describe']
2016-11-09 11:07:53,162 DEBUG    root            No implementation for release track [GA] in file: [/data/data/com.termux/files/home/gcloud/google-cloud-sdk/lib/surface/test/__init__.pyc]
2016-11-09 11:07:53,164 DEBUG    root            No implementation for release track [PREVIEW] in file: [/data/data/com.termux/files/home/gcloud/google-cloud-sdk/lib/surface/info.pyc]
2016-11-09 11:07:53,167 DEBUG    root            No implementation for release track [PREVIEW] in file: [/data/data/com.termux/files/home/gcloud/google-cloud-sdk/lib/surface/feedback.pyc]
2016-11-09 11:07:53,188 DEBUG    root            Loaded Command Group: ['gcloud', 'preview', 'app']
2016-11-09 11:07:53,197 DEBUG    root            Loaded Command Group: ['gcloud', 'preview', 'app', 'open_console']
2016-11-09 11:07:53,214 DEBUG    root            Loaded Command Group: ['gcloud', 'preview', 'app', 'logs']
2016-11-09 11:07:53,224 DEBUG    root            Loaded Command Group: ['gcloud', 'preview', 'app', 'logs', 'read']
2016-11-09 11:07:53,245 DEBUG    root            Loaded Command Group: ['gcloud', 'preview', 'app', 'versions']
2016-11-09 11:07:53,274 DEBUG    root            Loaded Command Group: ['gcloud', 'preview', 'app', 'versions', 'start']
2016-11-09 11:07:53,284 DEBUG    root            Loaded Command Group: ['gcloud', 'preview', 'app', 'versions', 'browse']
2016-11-09 11:07:53,309 DEBUG    root            Loaded Command Group: ['gcloud', 'preview', 'app', 'versions', 'stop']
2016-11-09 11:07:53,320 DEBUG    root            Loaded Command Group: ['gcloud', 'preview', 'app', 'versions', 'describe']
2016-11-09 11:07:53,346 DEBUG    root            Loaded Command Group: ['gcloud', 'preview', 'app', 'versions', 'list']
2016-11-09 11:07:53,374 DEBUG    root            Loaded Command Group: ['gcloud', 'preview', 'app', 'versions', 'delete']
2016-11-09 11:07:53,385 DEBUG    root            Loaded Command Group: ['gcloud', 'preview', 'app', 'browse']
2016-11-09 11:07:53,394 DEBUG    root            No implementation for release track [PREVIEW] in file: [/data/data/com.termux/files/home/gcloud/google-cloud-sdk/lib/surface/app/create.pyc]
2016-11-09 11:07:53,398 DEBUG    root            Loaded Command Group: ['gcloud', 'preview', 'app', 'deploy']
2016-11-09 11:07:53,424 DEBUG    root            Loaded Command Group: ['gcloud', 'preview', 'app', 'modules']
2016-11-09 11:07:53,437 DEBUG    root            Loaded Command Group: ['gcloud', 'preview', 'app', 'modules', 'start']
2016-11-09 11:07:53,447 DEBUG    root            Loaded Command Group: ['gcloud', 'preview', 'app', 'modules', 'set_managed_by']
2016-11-09 11:07:53,459 DEBUG    root            Loaded Command Group: ['gcloud', 'preview', 'app', 'modules', 'set_default']
2016-11-09 11:07:53,470 DEBUG    root            Loaded Command Group: ['gcloud', 'preview', 'app', 'modules', 'stop']
2016-11-09 11:07:53,480 DEBUG    root            Loaded Command Group: ['gcloud', 'preview', 'app', 'modules', 'list']
2016-11-09 11:07:53,492 DEBUG    root            Loaded Command Group: ['gcloud', 'preview', 'app', 'modules', 'get_logs']
2016-11-09 11:07:53,505 DEBUG    root            Loaded Command Group: ['gcloud', 'preview', 'app', 'modules', 'delete']
2016-11-09 11:07:53,529 DEBUG    root            No implementation for release track [PREVIEW] in file: [/data/data/com.termux/files/home/gcloud/google-cloud-sdk/lib/surface/app/regions/__init__.pyc]
2016-11-09 11:07:53,543 DEBUG    root            Loaded Command Group: ['gcloud', 'preview', 'app', 'instances']
2016-11-09 11:07:53,556 DEBUG    root            Loaded Command Group: ['gcloud', 'preview', 'app', 'instances', 'disable_debug']
2016-11-09 11:07:53,567 DEBUG    root            No implementation for release track [PREVIEW] in file: [/data/data/com.termux/files/home/gcloud/google-cloud-sdk/lib/surface/app/instances/describe.pyc]
2016-11-09 11:07:53,570 DEBUG    root            Loaded Command Group: ['gcloud', 'preview', 'app', 'instances', 'list']
2016-11-09 11:07:53,582 DEBUG    root            Loaded Command Group: ['gcloud', 'preview', 'app', 'instances', 'enable_debug']
2016-11-09 11:07:53,594 DEBUG    root            Loaded Command Group: ['gcloud', 'preview', 'app', 'gen_config']
2016-11-09 11:07:53,619 DEBUG    root            Loaded Command Group: ['gcloud', 'preview', 'app', 'services']
2016-11-09 11:07:53,631 DEBUG    root            Loaded Command Group: ['gcloud', 'preview', 'app', 'services', 'browse']
2016-11-09 11:07:53,658 DEBUG    root            Loaded Command Group: ['gcloud', 'preview', 'app', 'services', 'set_traffic']
2016-11-09 11:07:53,687 DEBUG    root            Loaded Command Group: ['gcloud', 'preview', 'app', 'services', 'list']
2016-11-09 11:07:53,698 DEBUG    root            Loaded Command Group: ['gcloud', 'preview', 'app', 'services', 'delete']
2016-11-09 11:07:53,708 DEBUG    root            Loaded Command Group: ['gcloud', 'preview', 'app', 'gen_repo_info_file']
2016-11-09 11:07:53,732 DEBUG    root            No implementation for release track [PREVIEW] in file: [/data/data/com.termux/files/home/gcloud/google-cloud-sdk/lib/surface/topic/__init__.pyc]
2016-11-09 11:07:53,748 DEBUG    root            No implementation for release track [PREVIEW] in file: [/data/data/com.termux/files/home/gcloud/google-cloud-sdk/lib/surface/meta/__init__.pyc]
2016-11-09 11:07:53,764 DEBUG    root            Loaded Command Group: ['gcloud', 'preview', 'datastore']
2016-11-09 11:07:53,775 DEBUG    root            Loaded Command Group: ['gcloud', 'preview', 'datastore', 'cleanup_indexes']
2016-11-09 11:07:53,785 DEBUG    root            Loaded Command Group: ['gcloud', 'preview', 'datastore', 'create_indexes']
2016-11-09 11:07:53,796 DEBUG    root            No implementation for release track [PREVIEW] in file: [/data/data/com.termux/files/home/gcloud/google-cloud-sdk/lib/surface/help.pyc]
2016-11-09 11:07:53,813 DEBUG    root            No implementation for release track [PREVIEW] in file: [/data/data/com.termux/files/home/gcloud/google-cloud-sdk/lib/surface/iam/__init__.pyc]
2016-11-09 11:07:53,829 DEBUG    root            No implementation for release track [PREVIEW] in file: [/data/data/com.termux/files/home/gcloud/google-cloud-sdk/lib/surface/genomics/__init__.pyc]
2016-11-09 11:07:53,846 DEBUG    root            No implementation for release track [PREVIEW] in file: [/data/data/com.termux/files/home/gcloud/google-cloud-sdk/lib/surface/functions/__init__.pyc]
2016-11-09 11:07:53,888 DEBUG    root            No implementation for release track [PREVIEW] in file: [/data/data/com.termux/files/home/gcloud/google-cloud-sdk/lib/surface/container/__init__.pyc]
2016-11-09 11:07:53,907 DEBUG    root            No implementation for release track [PREVIEW] in file: [/data/data/com.termux/files/home/gcloud/google-cloud-sdk/lib/surface/billing/__init__.pyc]
2016-11-09 11:07:53,925 DEBUG    root            No implementation for release track [PREVIEW] in file: [/data/data/com.termux/files/home/gcloud/google-cloud-sdk/lib/surface/source/__init__.pyc]
2016-11-09 11:07:53,931 DEBUG    root            No implementation for release track [PREVIEW] in file: [/data/data/com.termux/files/home/gcloud/google-cloud-sdk/lib/surface/init.pyc]
2016-11-09 11:07:53,934 DEBUG    root            No implementation for release track [PREVIEW] in file: [/data/data/com.termux/files/home/gcloud/google-cloud-sdk/lib/surface/version.pyc]
2016-11-09 11:07:53,964 DEBUG    root            No implementation for release track [PREVIEW] in file: [/data/data/com.termux/files/home/gcloud/google-cloud-sdk/lib/surface/bigtable/__init__.pyc]
2016-11-09 11:07:53,981 DEBUG    root            No implementation for release track [PREVIEW] in file: [/data/data/com.termux/files/home/gcloud/google-cloud-sdk/lib/surface/dns/__init__.pyc]
2016-11-09 11:07:53,998 DEBUG    root            No implementation for release track [PREVIEW] in file: [/data/data/com.termux/files/home/gcloud/google-cloud-sdk/lib/surface/test/__init__.pyc]
2016-11-09 11:07:54,017 DEBUG    root            No implementation for release track [PREVIEW] in file: [/data/data/com.termux/files/home/gcloud/google-cloud-sdk/lib/surface/config/__init__.pyc]
2016-11-09 11:07:54,034 DEBUG    root            No implementation for release track [PREVIEW] in file: [/data/data/com.termux/files/home/gcloud/google-cloud-sdk/lib/surface/pubsub/__init__.pyc]
2016-11-09 11:07:54,054 DEBUG    root            No implementation for release track [PREVIEW] in file: [/data/data/com.termux/files/home/gcloud/google-cloud-sdk/lib/surface/bio/__init__.pyc]
2016-11-09 11:07:54,071 DEBUG    root            No implementation for release track [PREVIEW] in file: [/data/data/com.termux/files/home/gcloud/google-cloud-sdk/lib/surface/components/__init__.pyc]
2016-11-09 11:07:54,089 DEBUG    root            No implementation for release track [PREVIEW] in file: [/data/data/com.termux/files/home/gcloud/google-cloud-sdk/lib/surface/service_registry/__init__.pyc]
2016-11-09 11:07:54,106 DEBUG    root            No implementation for release track [PREVIEW] in file: [/data/data/com.termux/files/home/gcloud/google-cloud-sdk/lib/surface/dataproc/__init__.pyc]
2016-11-09 11:07:54,123 DEBUG    root            No implementation for release track [PREVIEW] in file: [/data/data/com.termux/files/home/gcloud/google-cloud-sdk/lib/surface/emulators/__init__.pyc]
2016-11-09 11:07:54,139 DEBUG    root            No implementation for release track [PREVIEW] in file: [/data/data/com.termux/files/home/gcloud/google-cloud-sdk/lib/surface/auth/__init__.pyc]
2016-11-09 11:07:54,177 DEBUG    root            No implementation for release track [PREVIEW] in file: [/data/data/com.termux/files/home/gcloud/google-cloud-sdk/lib/surface/sql/__init__.pyc]
2016-11-09 11:07:54,194 DEBUG    root            No implementation for release track [PREVIEW] in file: [/data/data/com.termux/files/home/gcloud/google-cloud-sdk/lib/surface/compute/__init__.pyc]
2016-11-09 11:07:54,210 DEBUG    root            No implementation for release track [PREVIEW] in file: [/data/data/com.termux/files/home/gcloud/google-cloud-sdk/lib/surface/projects/__init__.pyc]
2016-11-09 11:07:54,227 DEBUG    root            No implementation for release track [PREVIEW] in file: [/data/data/com.termux/files/home/gcloud/google-cloud-sdk/lib/surface/resource_manager/__init__.pyc]
2016-11-09 11:07:54,243 DEBUG    root            No implementation for release track [PREVIEW] in file: [/data/data/com.termux/files/home/gcloud/google-cloud-sdk/lib/surface/organizations/__init__.pyc]
2016-11-09 11:07:54,261 DEBUG    root            No implementation for release track [PREVIEW] in file: [/data/data/com.termux/files/home/gcloud/google-cloud-sdk/lib/surface/logging/__init__.pyc]
2016-11-09 11:07:54,278 DEBUG    root            No implementation for release track [PREVIEW] in file: [/data/data/com.termux/files/home/gcloud/google-cloud-sdk/lib/surface/service_management/__init__.pyc]
2016-11-09 11:07:54,309 DEBUG    root            No implementation for release track [PREVIEW] in file: [/data/data/com.termux/files/home/gcloud/google-cloud-sdk/lib/surface/dataflow/__init__.pyc]
2016-11-09 11:07:54,326 DEBUG    root            No implementation for release track [PREVIEW] in file: [/data/data/com.termux/files/home/gcloud/google-cloud-sdk/lib/surface/ml/__init__.pyc]
2016-11-09 11:07:54,351 DEBUG    root            No implementation for release track [PREVIEW] in file: [/data/data/com.termux/files/home/gcloud/google-cloud-sdk/lib/surface/error_reporting/__init__.pyc]
2016-11-09 11:07:54,378 DEBUG    root            No implementation for release track [PREVIEW] in file: [/data/data/com.termux/files/home/gcloud/google-cloud-sdk/lib/surface/debug/__init__.pyc]
2016-11-09 11:07:54,382 DEBUG    root            No implementation for release track [PREVIEW] in file: [/data/data/com.termux/files/home/gcloud/google-cloud-sdk/lib/surface/docker.pyc]
2016-11-09 11:07:54,399 DEBUG    root            No implementation for release track [PREVIEW] in file: [/data/data/com.termux/files/home/gcloud/google-cloud-sdk/lib/surface/deployment_manager/__init__.pyc]
2016-11-09 11:07:54,417 DEBUG    root            Loaded Command Group: ['gcloud', 'config']
2016-11-09 11:07:54,435 DEBUG    root            Loaded Command Group: ['gcloud', 'config', 'set']
2016-11-09 11:07:54,469 DEBUG    root            Loaded Command Group: ['gcloud', 'config', 'list']
2016-11-09 11:07:54,484 DEBUG    root            No implementation for release track [GA] in file: [/data/data/com.termux/files/home/gcloud/google-cloud-sdk/lib/surface/config/get_value.pyc]
2016-11-09 11:07:54,489 DEBUG    root            Loaded Command Group: ['gcloud', 'config', 'unset']
2016-11-09 11:07:54,514 DEBUG    root            Loaded Command Group: ['gcloud', 'config', 'configurations']
2016-11-09 11:07:54,527 DEBUG    root            Loaded Command Group: ['gcloud', 'config', 'configurations', 'list']
2016-11-09 11:07:54,538 DEBUG    root            Loaded Command Group: ['gcloud', 'config', 'configurations', 'create']
2016-11-09 11:07:54,547 DEBUG    root            Loaded Command Group: ['gcloud', 'config', 'configurations', 'describe']
2016-11-09 11:07:54,557 DEBUG    root            Loaded Command Group: ['gcloud', 'config', 'configurations', 'activate']
2016-11-09 11:07:54,568 DEBUG    root            Loaded Command Group: ['gcloud', 'config', 'configurations', 'delete']
2016-11-09 11:07:54,592 DEBUG    root            No implementation for release track [GA] in file: [/data/data/com.termux/files/home/gcloud/google-cloud-sdk/lib/surface/pubsub/__init__.pyc]
2016-11-09 11:07:54,609 DEBUG    root            No implementation for release track [GA] in file: [/data/data/com.termux/files/home/gcloud/google-cloud-sdk/lib/surface/bio/__init__.pyc]
2016-11-09 11:07:54,628 DEBUG    root            No implementation for release track [GA] in file: [/data/data/com.termux/files/home/gcloud/google-cloud-sdk/lib/surface/error_reporting/__init__.pyc]
2016-11-09 11:07:54,646 DEBUG    root            No implementation for release track [GA] in file: [/data/data/com.termux/files/home/gcloud/google-cloud-sdk/lib/surface/service_registry/__init__.pyc]
2016-11-09 11:07:54,663 DEBUG    root            Loaded Command Group: ['gcloud', 'dataproc']
2016-11-09 11:07:54,690 DEBUG    root            Loaded Command Group: ['gcloud', 'dataproc', 'operations']
2016-11-09 11:07:54,702 DEBUG    root            Loaded Command Group: ['gcloud', 'dataproc', 'operations', 'cancel']
2016-11-09 11:07:54,712 DEBUG    root            Loaded Command Group: ['gcloud', 'dataproc', 'operations', 'describe']
2016-11-09 11:07:54,723 DEBUG    root            Loaded Command Group: ['gcloud', 'dataproc', 'operations', 'list']
2016-11-09 11:07:54,734 DEBUG    root            Loaded Command Group: ['gcloud', 'dataproc', 'operations', 'delete']
2016-11-09 11:07:54,758 DEBUG    root            Loaded Command Group: ['gcloud', 'dataproc', 'clusters']
2016-11-09 11:09:09,319 DEBUG    root            Loaded Command Group: ['gcloud', 'dataproc', 'clusters', 'diagnose']
2016-11-09 11:09:09,396 DEBUG    root            Loaded Command Group: ['gcloud', 'dataproc', 'clusters', 'create']
2016-11-09 11:09:09,422 DEBUG    root            Loaded Command Group: ['gcloud', 'dataproc', 'clusters', 'describe']
2016-11-09 11:09:09,434 DEBUG    root            Loaded Command Group: ['gcloud', 'dataproc', 'clusters', 'list']
2016-11-09 11:09:09,447 DEBUG    root            Loaded Command Group: ['gcloud', 'dataproc', 'clusters', 'update']
2016-11-09 11:09:09,459 DEBUG    root            Loaded Command Group: ['gcloud', 'dataproc', 'clusters', 'delete']
2016-11-09 11:09:09,490 DEBUG    root            Loaded Command Group: ['gcloud', 'dataproc', 'jobs']
2016-11-09 11:09:09,502 DEBUG    root            Loaded Command Group: ['gcloud', 'dataproc', 'jobs', 'kill']
2016-11-09 11:09:09,513 DEBUG    root            Loaded Command Group: ['gcloud', 'dataproc', 'jobs', 'wait']
2016-11-09 11:09:09,522 DEBUG    root            Loaded Command Group: ['gcloud', 'dataproc', 'jobs', 'describe']
2016-11-09 11:09:09,562 DEBUG    root            Loaded Command Group: ['gcloud', 'dataproc', 'jobs', 'list']
2016-11-09 11:09:09,593 DEBUG    root            Loaded Command Group: ['gcloud', 'dataproc', 'jobs', 'submit']
2016-11-09 11:09:09,637 DEBUG    root            Loaded Command Group: ['gcloud', 'dataproc', 'jobs', 'submit', 'pyspark']
2016-11-09 11:09:09,677 DEBUG    root            Loaded Command Group: ['gcloud', 'dataproc', 'jobs', 'submit', 'spark']
2016-11-09 11:09:09,717 DEBUG    root            Loaded Command Group: ['gcloud', 'dataproc', 'jobs', 'submit', 'pig']
2016-11-09 11:09:09,753 DEBUG    root            Loaded Command Group: ['gcloud', 'dataproc', 'jobs', 'submit', 'hadoop']
2016-11-09 11:09:09,807 DEBUG    root            Loaded Command Group: ['gcloud', 'dataproc', 'jobs', 'submit', 'hive']
2016-11-09 11:09:09,845 DEBUG    root            Loaded Command Group: ['gcloud', 'dataproc', 'jobs', 'submit', 'spark_sql']
2016-11-09 11:09:09,856 DEBUG    root            Loaded Command Group: ['gcloud', 'dataproc', 'jobs', 'delete']
2016-11-09 11:09:09,889 DEBUG    root            No implementation for release track [GA] in file: [/data/data/com.termux/files/home/gcloud/google-cloud-sdk/lib/surface/emulators/__init__.pyc]
2016-11-09 11:09:09,932 DEBUG    root            Loaded Command Group: ['gcloud', 'auth']
2016-11-09 11:09:09,952 DEBUG    root            Loaded Command Group: ['gcloud', 'auth', 'activate_refresh_token']
2016-11-09 11:09:09,968 DEBUG    root            Loaded Command Group: ['gcloud', 'auth', 'revoke']
2016-11-09 11:09:09,987 DEBUG    root            Loaded Command Group: ['gcloud', 'auth', 'print_refresh_token']
2016-11-09 11:09:10,006 DEBUG    root            Loaded Command Group: ['gcloud', 'auth', 'list']
2016-11-09 11:09:10,033 DEBUG    root            Loaded Command Group: ['gcloud', 'auth', 'git_helper']
2016-11-09 11:09:10,056 DEBUG    root            Loaded Command Group: ['gcloud', 'auth', 'login']
2016-11-09 11:09:10,086 DEBUG    root            Loaded Command Group: ['gcloud', 'auth', 'activate_service_account']
2016-11-09 11:09:10,105 DEBUG    root            Loaded Command Group: ['gcloud', 'auth', 'print_access_token']
2016-11-09 11:09:10,165 DEBUG    root            Loaded Command Group: ['gcloud', 'auth', 'application_default']
2016-11-09 11:09:10,186 DEBUG    root            Loaded Command Group: ['gcloud', 'auth', 'application-default', 'login']
2016-11-09 11:09:10,205 DEBUG    root            Loaded Command Group: ['gcloud', 'auth', 'application-default', 'revoke']
2016-11-09 11:09:10,223 DEBUG    root            Loaded Command Group: ['gcloud', 'auth', 'application-default', 'print_access_token']
2016-11-09 11:09:10,335 DEBUG    root            Loaded Command Group: ['gcloud', 'sql']
2016-11-09 11:09:10,401 DEBUG    root            Loaded Command Group: ['gcloud', 'sql', 'operations']
2016-11-09 11:09:10,447 DEBUG    root            Loaded Command Group: ['gcloud', 'sql', 'operations', 'describe']
2016-11-09 11:09:10,489 DEBUG    root            Loaded Command Group: ['gcloud', 'sql', 'operations', 'list']
2016-11-09 11:09:10,560 DEBUG    root            Loaded Command Group: ['gcloud', 'sql', 'operations', 'wait']
2016-11-09 11:09:10,598 DEBUG    root            Loaded Command Group: ['gcloud', 'sql', 'instances']
2016-11-09 11:09:10,644 DEBUG    root            Loaded Command Group: ['gcloud', 'sql', 'instances', 'reset_ssl_config']
2016-11-09 11:09:10,687 DEBUG    root            Loaded Command Group: ['gcloud', 'sql', 'instances', 'promote_replica']
2016-11-09 11:09:10,751 DEBUG    root            Loaded Command Group: ['gcloud', 'sql', 'instances', 'clone']
2016-11-09 11:09:10,825 DEBUG    root            Loaded Command Group: ['gcloud', 'sql', 'instances', 'describe']
2016-11-09 11:09:10,884 DEBUG    root            Loaded Command Group: ['gcloud', 'sql', 'instances', 'list']
2016-11-09 11:09:10,957 DEBUG    root            Loaded Command Group: ['gcloud', 'sql', 'instances', 'patch']
2016-11-09 11:09:10,977 DEBUG    root            Loaded Command Group: ['gcloud', 'sql', 'instances', 'restore_backup']
2016-11-09 11:09:11,022 DEBUG    root            Loaded Command Group: ['gcloud', 'sql', 'instances', 'export']
2016-11-09 11:09:11,038 DEBUG    root            Loaded Command Group: ['gcloud', 'sql', 'instances', 'set_root_password']
2016-11-09 11:09:11,052 DEBUG    root            Loaded Command Group: ['gcloud', 'sql', 'instances', 'import']
2016-11-09 11:09:11,101 DEBUG    root            Loaded Command Group: ['gcloud', 'sql', 'instances', 'create']
2016-11-09 11:09:11,121 DEBUG    root            No implementation for release track [GA] in file: [/data/data/com.termux/files/home/gcloud/google-cloud-sdk/lib/surface/sql/instances/failover.pyc]
2016-11-09 11:09:11,160 DEBUG    root            Loaded Command Group: ['gcloud', 'sql', 'instances', 'restart']
2016-11-09 11:09:11,173 DEBUG    root            Loaded Command Group: ['gcloud', 'sql', 'instances', 'delete']
2016-11-09 11:09:11,211 DEBUG    root            Loaded Command Group: ['gcloud', 'sql', 'tiers']
2016-11-09 11:09:11,260 DEBUG    root            Loaded Command Group: ['gcloud', 'sql', 'tiers', 'list']
2016-11-09 11:09:11,296 DEBUG    root            Loaded Command Group: ['gcloud', 'sql', 'flags']
2016-11-09 11:09:11,342 DEBUG    root            Loaded Command Group: ['gcloud', 'sql', 'flags', 'list']
2016-11-09 11:09:11,379 DEBUG    root            No implementation for release track [GA] in file: [/data/data/com.termux/files/home/gcloud/google-cloud-sdk/lib/surface/sql/users/__init__.pyc]
2016-11-09 11:09:11,409 DEBUG    root            Loaded Command Group: ['gcloud', 'sql', 'backups']
2016-11-09 11:09:11,426 DEBUG    root            No implementation for release track [GA] in file: [/data/data/com.termux/files/home/gcloud/google-cloud-sdk/lib/surface/sql/backups/restore.pyc]
2016-11-09 11:09:11,431 DEBUG    root            No implementation for release track [GA] in file: [/data/data/com.termux/files/home/gcloud/google-cloud-sdk/lib/surface/sql/backups/create.pyc]
2016-11-09 11:09:11,437 DEBUG    root            Loaded Command Group: ['gcloud', 'sql', 'backups', 'describe']
2016-11-09 11:09:11,493 DEBUG    root            Loaded Command Group: ['gcloud', 'sql', 'backups', 'list']
2016-11-09 11:09:11,554 DEBUG    root            Loaded Command Group: ['gcloud', 'sql', 'ssl_certs']
2016-11-09 11:09:11,610 DEBUG    root            Loaded Command Group: ['gcloud', 'sql', 'ssl-certs', 'create']
2016-11-09 11:09:11,656 DEBUG    root            Loaded Command Group: ['gcloud', 'sql', 'ssl-certs', 'describe']
2016-11-09 11:09:11,704 DEBUG    root            Loaded Command Group: ['gcloud', 'sql', 'ssl-certs', 'list']
2016-11-09 11:09:11,763 DEBUG    root            Loaded Command Group: ['gcloud', 'sql', 'ssl-certs', 'delete']
2016-11-09 11:09:11,788 DEBUG    root            No implementation for release track [GA] in file: [/data/data/com.termux/files/home/gcloud/google-cloud-sdk/lib/surface/sql/connect.pyc]
2016-11-09 11:09:11,817 DEBUG    root            No implementation for release track [GA] in file: [/data/data/com.termux/files/home/gcloud/google-cloud-sdk/lib/surface/logging/__init__.pyc]
2016-11-09 11:09:11,867 DEBUG    root            No implementation for release track [GA] in file: [/data/data/com.termux/files/home/gcloud/google-cloud-sdk/lib/surface/bigtable/__init__.pyc]
2016-11-09 11:09:11,893 DEBUG    root            No implementation for release track [GA] in file: [/data/data/com.termux/files/home/gcloud/google-cloud-sdk/lib/surface/resource_manager/__init__.pyc]
2016-11-09 11:09:11,926 DEBUG    root            No implementation for release track [GA] in file: [/data/data/com.termux/files/home/gcloud/google-cloud-sdk/lib/surface/organizations/__init__.pyc]
2016-11-09 11:09:11,955 DEBUG    root            Loaded Command Group: ['gcloud', 'compute']
2016-11-09 11:09:12,005 DEBUG    root            Loaded Command Group: ['gcloud', 'compute', 'operations']
2016-11-09 11:09:12,024 DEBUG    root            Loaded Command Group: ['gcloud', 'compute', 'operations', 'describe']
2016-11-09 11:09:12,047 DEBUG    root            Loaded Command Group: ['gcloud', 'compute', 'operations', 'list']
2016-11-09 11:09:12,099 DEBUG    root            Loaded Command Group: ['gcloud', 'compute', 'disks']
2016-11-09 11:09:12,115 DEBUG    root            Loaded Command Group: ['gcloud', 'compute', 'disks', 'move']
2016-11-09 11:09:12,131 DEBUG    root            Loaded Command Group: ['gcloud', 'compute', 'disks', 'snapshot']
2016-11-09 11:09:12,147 DEBUG    root            Loaded Command Group: ['gcloud', 'compute', 'disks', 'create']
2016-11-09 11:09:12,164 DEBUG    root            Loaded Command Group: ['gcloud', 'compute', 'disks', 'describe']
2016-11-09 11:09:12,179 DEBUG    root            Loaded Command Group: ['gcloud', 'compute', 'disks', 'list']
2016-11-09 11:09:12,194 DEBUG    root            Loaded Command Group: ['gcloud', 'compute', 'disks', 'resize']
2016-11-09 11:09:12,207 DEBUG    root            Loaded Command Group: ['gcloud', 'compute', 'disks', 'delete']
2016-11-09 11:09:12,250 DEBUG    root            Loaded Command Group: ['gcloud', 'compute', 'addresses']
2016-11-09 11:09:12,262 DEBUG    root            Loaded Command Group: ['gcloud', 'compute', 'addresses', 'create']
2016-11-09 11:09:12,277 DEBUG    root            Loaded Command Group: ['gcloud', 'compute', 'addresses', 'describe']
2016-11-09 11:09:12,292 DEBUG    root            Loaded Command Group: ['gcloud', 'compute', 'addresses', 'list']
2016-11-09 11:09:12,310 DEBUG    root            Loaded Command Group: ['gcloud', 'compute', 'addresses', 'delete']
2016-11-09 11:09:12,360 DEBUG    root            Loaded Command Group: ['gcloud', 'compute', 'target_ssl_proxies']
2016-11-09 11:09:12,374 DEBUG    root            Loaded Command Group: ['gcloud', 'compute', 'target-ssl-proxies', 'create']
2016-11-09 11:09:12,384 DEBUG    root            Loaded Command Group: ['gcloud', 'compute', 'target-ssl-proxies', 'describe']
2016-11-09 11:09:12,395 DEBUG    root            Loaded Command Group: ['gcloud', 'compute', 'target-ssl-proxies', 'list']
2016-11-09 11:09:54,251 DEBUG    root            Loaded Command Group: ['gcloud', 'compute', 'target-ssl-proxies', 'update']
2016-11-09 11:09:54,272 DEBUG    root            Loaded Command Group: ['gcloud', 'compute', 'target-ssl-proxies', 'delete']
2016-11-09 11:09:54,356 DEBUG    root            Loaded Command Group: ['gcloud', 'compute', 'snapshots']
2016-11-09 11:09:54,374 DEBUG    root            Loaded Command Group: ['gcloud', 'compute', 'snapshots', 'describe']
2016-11-09 11:09:54,389 DEBUG    root            Loaded Command Group: ['gcloud', 'compute', 'snapshots', 'list']
2016-11-09 11:09:54,408 DEBUG    root            Loaded Command Group: ['gcloud', 'compute', 'snapshots', 'delete']
2016-11-09 11:09:54,485 DEBUG    root            Loaded Command Group: ['gcloud', 'compute', 'disk_types']
2016-11-09 11:09:54,504 DEBUG    root            Loaded Command Group: ['gcloud', 'compute', 'disk-types', 'describe']
2016-11-09 11:09:54,525 DEBUG    root            Loaded Command Group: ['gcloud', 'compute', 'disk-types', 'list']
2016-11-09 11:09:54,607 DEBUG    root            Loaded Command Group: ['gcloud', 'compute', 'zones']
2016-11-09 11:09:54,628 DEBUG    root            Loaded Command Group: ['gcloud', 'compute', 'zones', 'describe']
2016-11-09 11:09:54,646 DEBUG    root            Loaded Command Group: ['gcloud', 'compute', 'zones', 'list']
2016-11-09 11:09:54,687 DEBUG    root            Loaded Command Group: ['gcloud', 'compute', 'instances']
2016-11-09 11:09:54,735 DEBUG    root            Loaded Command Group: ['gcloud', 'compute', 'instances', 'tail_serial_port_output']
2016-11-09 11:09:54,745 DEBUG    root            No implementation for release track [GA] in file: [/data/data/com.termux/files/home/gcloud/google-cloud-sdk/lib/surface/compute/instances/suspend.pyc]
2016-11-09 11:09:54,747 DEBUG    root            Loaded Command Group: ['gcloud', 'compute', 'instances', 'delete_access_config']
2016-11-09 11:09:54,758 DEBUG    root            Loaded Command Group: ['gcloud', 'compute', 'instances', 'detach_disk']
2016-11-09 11:09:54,768 DEBUG    root            Loaded Command Group: ['gcloud', 'compute', 'instances', 'move']
2016-11-09 11:09:54,779 DEBUG    root            Loaded Command Group: ['gcloud', 'compute', 'instances', 'stop']
2016-11-09 11:09:54,789 DEBUG    root            No implementation for release track [GA] in file: [/data/data/com.termux/files/home/gcloud/google-cloud-sdk/lib/surface/compute/instances/create_from_container.pyc]
2016-11-09 11:09:54,791 DEBUG    root            Loaded Command Group: ['gcloud', 'compute', 'instances', 'set_scheduling']
2016-11-09 11:09:54,801 DEBUG    root            Loaded Command Group: ['gcloud', 'compute', 'instances', 'add_metadata']
2016-11-09 11:09:54,815 DEBUG    root            No implementation for release track [GA] in file: [/data/data/com.termux/files/home/gcloud/google-cloud-sdk/lib/surface/compute/instances/set_iam_policy.pyc]
2016-11-09 11:09:54,817 DEBUG    root            Loaded Command Group: ['gcloud', 'compute', 'instances', 'remove_metadata']
2016-11-09 11:09:54,836 DEBUG    root            Loaded Command Group: ['gcloud', 'compute', 'instances', 'reset']
2016-11-09 11:09:54,845 DEBUG    root            Loaded Command Group: ['gcloud', 'compute', 'instances', 'set_machine_type']
2016-11-09 11:09:54,854 DEBUG    root            Loaded Command Group: ['gcloud', 'compute', 'instances', 'attach_disk']
2016-11-09 11:09:54,865 DEBUG    root            Loaded Command Group: ['gcloud', 'compute', 'instances', 'set_disk_auto_delete']
2016-11-09 11:09:54,876 DEBUG    root            Loaded Command Group: ['gcloud', 'compute', 'instances', 'create']
2016-11-09 11:09:54,893 DEBUG    root            Loaded Command Group: ['gcloud', 'compute', 'instances', 'add_tags']
2016-11-09 11:09:54,902 DEBUG    root            Loaded Command Group: ['gcloud', 'compute', 'instances', 'list']
2016-11-09 11:09:54,914 DEBUG    root            Loaded Command Group: ['gcloud', 'compute', 'instances', 'describe']
2016-11-09 11:09:54,984 DEBUG    root            Loaded Command Group: ['gcloud', 'compute', 'instances', 'get_serial_port_output']
2016-11-09 11:09:55,030 DEBUG    root            Loaded Command Group: ['gcloud', 'compute', 'instances', 'start']
2016-11-09 11:09:55,040 DEBUG    root            No implementation for release track [GA] in file: [/data/data/com.termux/files/home/gcloud/google-cloud-sdk/lib/surface/compute/instances/get_iam_policy.pyc]
2016-11-09 11:09:55,043 DEBUG    root            No implementation for release track [GA] in file: [/data/data/com.termux/files/home/gcloud/google-cloud-sdk/lib/surface/compute/instances/set_scopes.pyc]
2016-11-09 11:09:55,045 DEBUG    root            Loaded Command Group: ['gcloud', 'compute', 'instances', 'remove_tags']
2016-11-09 11:09:55,054 DEBUG    root            Loaded Command Group: ['gcloud', 'compute', 'instances', 'add_access_config']
2016-11-09 11:09:55,064 DEBUG    root            Loaded Command Group: ['gcloud', 'compute', 'instances', 'delete']
2016-11-09 11:09:55,100 DEBUG    root            Loaded Command Group: ['gcloud', 'compute', 'instance_groups']
2016-11-09 11:09:55,114 DEBUG    root            Loaded Command Group: ['gcloud', 'compute', 'instance-groups', 'set_named_ports']
2016-11-09 11:09:55,125 DEBUG    root            Loaded Command Group: ['gcloud', 'compute', 'instance-groups', 'list']
2016-11-09 11:09:55,162 DEBUG    root            Loaded Command Group: ['gcloud', 'compute', 'instance-groups', 'managed']
2016-11-09 11:09:55,174 DEBUG    root            Loaded Command Group: ['gcloud', 'compute', 'instance-groups', 'managed', 'set_autoscaling']
2016-11-09 11:09:55,188 DEBUG    root            Loaded Command Group: ['gcloud', 'compute', 'instance-groups', 'managed', 'describe']
2016-11-09 11:09:55,199 DEBUG    root            Loaded Command Group: ['gcloud', 'compute', 'instance-groups', 'managed', 'recreate_instances']
2016-11-09 11:09:55,215 DEBUG    root            Loaded Command Group: ['gcloud', 'compute', 'instance-groups', 'managed', 'list_instances']
2016-11-09 11:09:55,232 DEBUG    root            Loaded Command Group: ['gcloud', 'compute', 'instance-groups', 'managed', 'abandon_instances']
2016-11-09 11:09:55,247 DEBUG    root            Loaded Command Group: ['gcloud', 'compute', 'instance-groups', 'managed', 'delete_instances']
2016-11-09 11:09:55,263 DEBUG    root            Loaded Command Group: ['gcloud', 'compute', 'instance-groups', 'managed', 'resize']
2016-11-09 11:09:55,280 DEBUG    root            Loaded Command Group: ['gcloud', 'compute', 'instance-groups', 'managed', 'set_named_ports']
2016-11-09 11:09:55,296 DEBUG    root            No implementation for release track [GA] in file: [/data/data/com.termux/files/home/gcloud/google-cloud-sdk/lib/surface/compute/instance_groups/managed/set_autohealing.pyc]
2016-11-09 11:09:55,302 DEBUG    root            Loaded Command Group: ['gcloud', 'compute', 'instance-groups', 'managed', 'create']
2016-11-09 11:09:55,323 DEBUG    root            Loaded Command Group: ['gcloud', 'compute', 'instance-groups', 'managed', 'list']
2016-11-09 11:09:55,363 DEBUG    root            Loaded Command Group: ['gcloud', 'compute', 'instance-groups', 'managed', 'stop_autoscaling']
2016-11-09 11:09:55,399 DEBUG    root            Loaded Command Group: ['gcloud', 'compute', 'instance-groups', 'managed', 'wait_until_stable']
2016-11-09 11:09:55,414 DEBUG    root            No implementation for release track [GA] in file: [/data/data/com.termux/files/home/gcloud/google-cloud-sdk/lib/surface/compute/instance_groups/managed/update_instances.pyc]
2016-11-09 11:09:55,416 DEBUG    root            Loaded Command Group: ['gcloud', 'compute', 'instance-groups', 'managed', 'set_target_pools']
2016-11-09 11:09:55,427 DEBUG    root            No implementation for release track [GA] in file: [/data/data/com.termux/files/home/gcloud/google-cloud-sdk/lib/surface/compute/instance_groups/managed/stop_proactive_update_instances.pyc]
2016-11-09 11:09:55,429 DEBUG    root            Loaded Command Group: ['gcloud', 'compute', 'instance-groups', 'managed', 'set_instance_template']
2016-11-09 11:09:55,442 DEBUG    root            Loaded Command Group: ['gcloud', 'compute', 'instance-groups', 'managed', 'get_named_ports']
2016-11-09 11:09:55,454 DEBUG    root            Loaded Command Group: ['gcloud', 'compute', 'instance-groups', 'managed', 'delete']
2016-11-09 11:09:55,494 DEBUG    root            Loaded Command Group: ['gcloud', 'compute', 'instance-groups', 'unmanaged']
2016-11-09 11:09:55,505 DEBUG    root            Loaded Command Group: ['gcloud', 'compute', 'instance-groups', 'unmanaged', 'set_named_ports']
2016-11-09 11:09:55,514 DEBUG    root            Loaded Command Group: ['gcloud', 'compute', 'instance-groups', 'unmanaged', 'remove_instances']
2016-11-09 11:09:55,524 DEBUG    root            Loaded Command Group: ['gcloud', 'compute', 'instance-groups', 'unmanaged', 'create']
2016-11-09 11:09:55,534 DEBUG    root            Loaded Command Group: ['gcloud', 'compute', 'instance-groups', 'unmanaged', 'describe']
2016-11-09 11:09:55,542 DEBUG    root            Loaded Command Group: ['gcloud', 'compute', 'instance-groups', 'unmanaged', 'list']
2016-11-09 11:09:55,552 DEBUG    root            Loaded Command Group: ['gcloud', 'compute', 'instance-groups', 'unmanaged', 'list_instances']
2016-11-09 11:09:55,563 DEBUG    root            Loaded Command Group: ['gcloud', 'compute', 'instance-groups', 'unmanaged', 'add_instances']
2016-11-09 11:09:55,573 DEBUG    root            Loaded Command Group: ['gcloud', 'compute', 'instance-groups', 'unmanaged', 'get_named_ports']
2016-11-09 11:09:55,584 DEBUG    root            Loaded Command Group: ['gcloud', 'compute', 'instance-groups', 'unmanaged', 'delete']
2016-11-09 11:09:55,592 DEBUG    root            Loaded Command Group: ['gcloud', 'compute', 'instance-groups', 'describe']
2016-11-09 11:09:55,604 DEBUG    root            Loaded Command Group: ['gcloud', 'compute', 'instance-groups', 'get_named_ports']
2016-11-09 11:09:55,615 DEBUG    root            Loaded Command Group: ['gcloud', 'compute', 'instance-groups', 'list_instances']
2016-11-09 11:09:55,658 DEBUG    root            Loaded Command Group: ['gcloud', 'compute', 'images']
2016-11-09 11:09:55,670 DEBUG    root            Loaded Command Group: ['gcloud', 'compute', 'images', 'deprecate']
2016-11-09 11:09:55,682 DEBUG    root            Loaded Command Group: ['gcloud', 'compute', 'images', 'create']
2016-11-09 11:09:55,693 DEBUG    root            Loaded Command Group: ['gcloud', 'compute', 'images', 'describe']
2016-11-09 11:09:55,702 DEBUG    root            Loaded Command Group: ['gcloud', 'compute', 'images', 'list']
2016-11-09 11:09:55,712 DEBUG    root            Loaded Command Group: ['gcloud', 'compute', 'images', 'describe_from_family']
2016-11-09 11:09:55,721 DEBUG    root            Loaded Command Group: ['gcloud', 'compute', 'images', 'delete']
2016-11-09 11:09:55,762 DEBUG    root            Loaded Command Group: ['gcloud', 'compute', 'networks']
2016-11-09 11:09:55,812 DEBUG    root            Loaded Command Group: ['gcloud', 'compute', 'networks', 'subnets']
2016-11-09 11:09:55,832 DEBUG    root            Loaded Command Group: ['gcloud', 'compute', 'networks', 'subnets', 'create']
2016-11-09 11:09:55,847 DEBUG    root            Loaded Command Group: ['gcloud', 'compute', 'networks', 'subnets', 'describe']
2016-11-09 11:09:55,860 DEBUG    root            Loaded Command Group: ['gcloud', 'compute', 'networks', 'subnets', 'list']
2016-11-09 11:09:55,874 DEBUG    root            No implementation for release track [GA] in file: [/data/data/com.termux/files/home/gcloud/google-cloud-sdk/lib/surface/compute/networks/subnets/update.pyc]
2016-11-09 11:09:55,895 DEBUG    root            No implementation for release track [GA] in file: [/data/data/com.termux/files/home/gcloud/google-cloud-sdk/lib/surface/compute/networks/subnets/get_iam_policy.pyc]
2016-11-09 11:09:55,898 DEBUG    root            No implementation for release track [GA] in file: [/data/data/com.termux/files/home/gcloud/google-cloud-sdk/lib/surface/compute/networks/subnets/set_iam_policy.pyc]
2016-11-09 11:09:55,902 DEBUG    root            No implementation for release track [GA] in file: [/data/data/com.termux/files/home/gcloud/google-cloud-sdk/lib/surface/compute/networks/subnets/expand_ip_range.pyc]
2016-11-09 11:09:55,904 DEBUG    root            Loaded Command Group: ['gcloud', 'compute', 'networks', 'subnets', 'delete']
2016-11-09 11:09:55,917 DEBUG    root            No implementation for release track [GA] in file: [/data/data/com.termux/files/home/gcloud/google-cloud-sdk/lib/surface/compute/networks/switch_mode.pyc]
2016-11-09 11:09:55,921 DEBUG    root            Loaded Command Group: ['gcloud', 'compute', 'networks', 'create']
2016-11-09 11:09:55,934 DEBUG    root            Loaded Command Group: ['gcloud', 'compute', 'networks', 'describe']
2016-11-09 11:09:56,462 DEBUG    root            Loaded Command Group: ['gcloud', 'compute', 'networks', 'list']
2016-11-09 11:09:56,474 DEBUG    root            Loaded Command Group: ['gcloud', 'compute', 'networks', 'delete']
2016-11-09 11:09:56,496 DEBUG    root            No implementation for release track [GA] in file: [/data/data/com.termux/files/home/gcloud/google-cloud-sdk/lib/surface/compute/connect_to_serial_port.pyc]
2016-11-09 11:09:56,535 DEBUG    root            No implementation for release track [GA] in file: [/data/data/com.termux/files/home/gcloud/google-cloud-sdk/lib/surface/compute/xpn/__init__.pyc]
2016-11-09 11:09:56,573 DEBUG    root            Loaded Command Group: ['gcloud', 'compute', 'backend_services']
2016-11-09 11:09:56,597 DEBUG    root            Loaded Command Group: ['gcloud', 'compute', 'backend-services', 'remove_backend']
2016-11-09 11:09:56,663 DEBUG    root            Loaded Command Group: ['gcloud', 'compute', 'backend-services', 'edit']
2016-11-09 11:09:56,677 DEBUG    root            Loaded Command Group: ['gcloud', 'compute', 'backend-services', 'create']
2016-11-09 11:09:56,694 DEBUG    root            Loaded Command Group: ['gcloud', 'compute', 'backend-services', 'describe']
2016-11-09 11:09:56,707 DEBUG    root            Loaded Command Group: ['gcloud', 'compute', 'backend-services', 'list']
2016-11-09 11:09:56,723 DEBUG    root            Loaded Command Group: ['gcloud', 'compute', 'backend-services', 'update']
2016-11-09 11:09:56,751 DEBUG    root            Loaded Command Group: ['gcloud', 'compute', 'backend-services', 'get_health']
2016-11-09 11:09:56,782 DEBUG    root            Loaded Command Group: ['gcloud', 'compute', 'backend-services', 'update_backend']
2016-11-09 11:09:56,826 DEBUG    root            Loaded Command Group: ['gcloud', 'compute', 'backend-services', 'add_backend']
2016-11-09 11:10:51,272 DEBUG    root            Loaded Command Group: ['gcloud', 'compute', 'backend-services', 'delete']
2016-11-09 11:10:51,331 DEBUG    root            Loaded Command Group: ['gcloud', 'compute', 'ssl_certificates']
2016-11-09 11:10:51,343 DEBUG    root            Loaded Command Group: ['gcloud', 'compute', 'ssl-certificates', 'create']
2016-11-09 11:10:51,355 DEBUG    root            Loaded Command Group: ['gcloud', 'compute', 'ssl-certificates', 'describe']
2016-11-09 11:10:51,367 DEBUG    root            Loaded Command Group: ['gcloud', 'compute', 'ssl-certificates', 'list']
2016-11-09 11:10:51,384 DEBUG    root            Loaded Command Group: ['gcloud', 'compute', 'ssl-certificates', 'delete']
2016-11-09 11:10:51,507 DEBUG    root            Loaded Command Group: ['gcloud', 'compute', 'copy_files']
2016-11-09 11:10:51,523 DEBUG    root            Loaded Command Group: ['gcloud', 'compute', 'reset_windows_password']
2016-11-09 11:10:51,569 DEBUG    root            Loaded Command Group: ['gcloud', 'compute', 'regions']
2016-11-09 11:10:51,578 DEBUG    root            Loaded Command Group: ['gcloud', 'compute', 'regions', 'describe']
2016-11-09 11:10:51,585 DEBUG    root            Loaded Command Group: ['gcloud', 'compute', 'regions', 'list']
2016-11-09 11:10:51,632 DEBUG    root            Loaded Command Group: ['gcloud', 'compute', 'forwarding_rules']
2016-11-09 11:10:51,647 DEBUG    root            Loaded Command Group: ['gcloud', 'compute', 'forwarding-rules', 'create']
2016-11-09 11:10:51,660 DEBUG    root            Loaded Command Group: ['gcloud', 'compute', 'forwarding-rules', 'describe']
2016-11-09 11:10:51,670 DEBUG    root            Loaded Command Group: ['gcloud', 'compute', 'forwarding-rules', 'list']
2016-11-09 11:10:51,682 DEBUG    root            Loaded Command Group: ['gcloud', 'compute', 'forwarding-rules', 'set_target']
2016-11-09 11:10:51,693 DEBUG    root            Loaded Command Group: ['gcloud', 'compute', 'forwarding-rules', 'delete']
2016-11-09 11:10:51,736 DEBUG    root            Loaded Command Group: ['gcloud', 'compute', 'target_pools']
2016-11-09 11:10:51,747 DEBUG    root            Loaded Command Group: ['gcloud', 'compute', 'target-pools', 'set_backup']
2016-11-09 11:10:51,759 DEBUG    root            Loaded Command Group: ['gcloud', 'compute', 'target-pools', 'create']
2016-11-09 11:10:51,770 DEBUG    root            Loaded Command Group: ['gcloud', 'compute', 'target-pools', 'describe']
2016-11-09 11:10:51,779 DEBUG    root            Loaded Command Group: ['gcloud', 'compute', 'target-pools', 'list']
2016-11-09 11:10:51,790 DEBUG    root            Loaded Command Group: ['gcloud', 'compute', 'target-pools', 'remove_health_checks']
2016-11-09 11:10:51,804 DEBUG    root            Loaded Command Group: ['gcloud', 'compute', 'target-pools', 'remove_instances']
2016-11-09 11:10:51,821 DEBUG    root            Loaded Command Group: ['gcloud', 'compute', 'target-pools', 'add_instances']
2016-11-09 11:10:51,837 DEBUG    root            Loaded Command Group: ['gcloud', 'compute', 'target-pools', 'get_health']
2016-11-09 11:10:51,848 DEBUG    root            Loaded Command Group: ['gcloud', 'compute', 'target-pools', 'add_health_checks']
2016-11-09 11:10:51,862 DEBUG    root            Loaded Command Group: ['gcloud', 'compute', 'target-pools', 'delete']
2016-11-09 11:10:51,911 DEBUG    root            Loaded Command Group: ['gcloud', 'compute', 'http_health_checks']
2016-11-09 11:10:51,922 DEBUG    root            Loaded Command Group: ['gcloud', 'compute', 'http-health-checks', 'create']
2016-11-09 11:10:51,934 DEBUG    root            Loaded Command Group: ['gcloud', 'compute', 'http-health-checks', 'describe']
2016-11-09 11:10:51,943 DEBUG    root            Loaded Command Group: ['gcloud', 'compute', 'http-health-checks', 'list']
2016-11-09 11:10:51,955 DEBUG    root            Loaded Command Group: ['gcloud', 'compute', 'http-health-checks', 'update']
2016-11-09 11:10:51,967 DEBUG    root            Loaded Command Group: ['gcloud', 'compute', 'http-health-checks', 'delete']
2016-11-09 11:10:52,023 DEBUG    root            Loaded Command Group: ['gcloud', 'compute', 'target_vpn_gateways']
2016-11-09 11:10:52,034 DEBUG    root            Loaded Command Group: ['gcloud', 'compute', 'target-vpn-gateways', 'create']
2016-11-09 11:10:52,049 DEBUG    root            Loaded Command Group: ['gcloud', 'compute', 'target-vpn-gateways', 'describe']
2016-11-09 11:10:52,057 DEBUG    root            Loaded Command Group: ['gcloud', 'compute', 'target-vpn-gateways', 'list']
2016-11-09 11:10:52,068 DEBUG    root            Loaded Command Group: ['gcloud', 'compute', 'target-vpn-gateways', 'delete']
2016-11-09 11:10:52,112 DEBUG    root            Loaded Command Group: ['gcloud', 'compute', 'target_http_proxies']
2016-11-09 11:10:52,122 DEBUG    root            Loaded Command Group: ['gcloud', 'compute', 'target-http-proxies', 'create']
2016-11-09 11:10:52,131 DEBUG    root            Loaded Command Group: ['gcloud', 'compute', 'target-http-proxies', 'describe']
2016-11-09 11:10:52,139 DEBUG    root            Loaded Command Group: ['gcloud', 'compute', 'target-http-proxies', 'list']
2016-11-09 11:10:52,149 DEBUG    root            Loaded Command Group: ['gcloud', 'compute', 'target-http-proxies', 'update']
2016-11-09 11:10:52,157 DEBUG    root            Loaded Command Group: ['gcloud', 'compute', 'target-http-proxies', 'delete']
2016-11-09 11:10:52,201 DEBUG    root            No implementation for release track [GA] in file: [/data/data/com.termux/files/home/gcloud/google-cloud-sdk/lib/surface/compute/users/__init__.pyc]
2016-11-09 11:10:52,245 DEBUG    root            Loaded Command Group: ['gcloud', 'compute', 'firewall_rules']
2016-11-09 11:10:52,266 DEBUG    root            Loaded Command Group: ['gcloud', 'compute', 'firewall-rules', 'create']
2016-11-09 11:10:52,280 DEBUG    root            Loaded Command Group: ['gcloud', 'compute', 'firewall-rules', 'describe']
2016-11-09 11:10:52,292 DEBUG    root            Loaded Command Group: ['gcloud', 'compute', 'firewall-rules', 'list']
2016-11-09 11:10:52,307 DEBUG    root            Loaded Command Group: ['gcloud', 'compute', 'firewall-rules', 'update']
2016-11-09 11:10:52,320 DEBUG    root            Loaded Command Group: ['gcloud', 'compute', 'firewall-rules', 'delete']
2016-11-09 11:10:52,375 DEBUG    root            Loaded Command Group: ['gcloud', 'compute', 'routers']
2016-11-09 11:10:52,392 DEBUG    root            Loaded Command Group: ['gcloud', 'compute', 'routers', 'add_interface']
2016-11-09 11:10:52,464 DEBUG    root            Loaded Command Group: ['gcloud', 'compute', 'routers', 'remove_bgp_peer']
2016-11-09 11:10:52,533 DEBUG    root            Loaded Command Group: ['gcloud', 'compute', 'routers', 'update_bgp_peer']
2016-11-09 11:10:52,549 DEBUG    root            Loaded Command Group: ['gcloud', 'compute', 'routers', 'create']
2016-11-09 11:10:52,564 DEBUG    root            Loaded Command Group: ['gcloud', 'compute', 'routers', 'describe']
2016-11-09 11:10:52,578 DEBUG    root            Loaded Command Group: ['gcloud', 'compute', 'routers', 'list']
2016-11-09 11:10:52,663 DEBUG    root            Loaded Command Group: ['gcloud', 'compute', 'routers', 'remove_interface']
2016-11-09 11:10:52,678 DEBUG    root            Loaded Command Group: ['gcloud', 'compute', 'routers', 'get_status']
2016-11-09 11:10:52,803 DEBUG    root            Loaded Command Group: ['gcloud', 'compute', 'routers', 'update_interface']
2016-11-09 11:10:52,819 DEBUG    root            Loaded Command Group: ['gcloud', 'compute', 'routers', 'add_bgp_peer']
2016-11-09 11:10:52,835 DEBUG    root            Loaded Command Group: ['gcloud', 'compute', 'routers', 'delete']
2016-11-09 11:10:52,895 DEBUG    root            Loaded Command Group: ['gcloud', 'compute', 'target_https_proxies']
2016-11-09 11:10:52,913 DEBUG    root            Loaded Command Group: ['gcloud', 'compute', 'target-https-proxies', 'create']
2016-11-09 11:10:52,927 DEBUG    root            Loaded Command Group: ['gcloud', 'compute', 'target-https-proxies', 'describe']
2016-11-09 11:10:52,940 DEBUG    root            Loaded Command Group: ['gcloud', 'compute', 'target-https-proxies', 'list']
2016-11-09 11:10:52,954 DEBUG    root            Loaded Command Group: ['gcloud', 'compute', 'target-https-proxies', 'update']
2016-11-09 11:10:52,968 DEBUG    root            Loaded Command Group: ['gcloud', 'compute', 'target-https-proxies', 'delete']
2016-11-09 11:10:53,024 DEBUG    root            Loaded Command Group: ['gcloud', 'compute', 'url_maps']
2016-11-09 11:10:53,040 DEBUG    root            Loaded Command Group: ['gcloud', 'compute', 'url-maps', 'remove_host_rule']
2016-11-09 11:10:53,056 DEBUG    root            Loaded Command Group: ['gcloud', 'compute', 'url-maps', 'invalidate_cdn_cache']
2016-11-09 11:10:53,070 DEBUG    root            Loaded Command Group: ['gcloud', 'compute', 'url-maps', 'list_cdn_cache_invalidations']
2016-11-09 11:10:53,140 DEBUG    root            Loaded Command Group: ['gcloud', 'compute', 'url-maps', 'edit']
2016-11-09 11:10:53,155 DEBUG    root            Loaded Command Group: ['gcloud', 'compute', 'url-maps', 'add_host_rule']
2016-11-09 11:10:53,168 DEBUG    root            Loaded Command Group: ['gcloud', 'compute', 'url-maps', 'describe']
2016-11-09 11:10:53,182 DEBUG    root            Loaded Command Group: ['gcloud', 'compute', 'url-maps', 'list']
2016-11-09 11:10:53,199 DEBUG    root            Loaded Command Group: ['gcloud', 'compute', 'url-maps', 'add_path_matcher']
2016-11-09 11:10:53,217 DEBUG    root            Loaded Command Group: ['gcloud', 'compute', 'url-maps', 'set_default_service']
2016-11-09 11:10:53,231 DEBUG    root            Loaded Command Group: ['gcloud', 'compute', 'url-maps', 'create']
2016-11-09 11:10:53,245 DEBUG    root            Loaded Command Group: ['gcloud', 'compute', 'url-maps', 'remove_path_matcher']
2016-11-09 11:10:53,260 DEBUG    root            Loaded Command Group: ['gcloud', 'compute', 'url-maps', 'delete']
2016-11-09 11:10:53,332 DEBUG    root            Loaded Command Group: ['gcloud', 'compute', 'health_checks']
2016-11-09 11:10:53,393 DEBUG    root            Loaded Command Group: ['gcloud', 'compute', 'health-checks', 'create']
2016-11-09 11:10:53,408 DEBUG    root            Loaded Command Group: ['gcloud', 'compute', 'health-checks', 'create', 'ssl']
2016-11-09 11:10:53,422 DEBUG    root            No implementation for release track [GA] in file: [/data/data/com.termux/files/home/gcloud/google-cloud-sdk/lib/surface/compute/health_checks/create/udp.pyc]
2016-11-09 11:10:53,426 DEBUG    root            Loaded Command Group: ['gcloud', 'compute', 'health-checks', 'create', 'http']
2016-11-09 11:10:53,442 DEBUG    root            Loaded Command Group: ['gcloud', 'compute', 'health-checks', 'create', 'https']
2016-11-09 11:10:53,456 DEBUG    root            No implementation for release track [GA] in file: [/data/data/com.termux/files/home/gcloud/google-cloud-sdk/lib/surface/compute/health_checks/create/http2.pyc]
2016-11-09 11:10:53,459 DEBUG    root            Loaded Command Group: ['gcloud', 'compute', 'health-checks', 'create', 'tcp']
2016-11-09 11:10:53,478 DEBUG    root            Loaded Command Group: ['gcloud', 'compute', 'health-checks', 'describe']
2016-11-09 11:10:53,551 DEBUG    root            Loaded Command Group: ['gcloud', 'compute', 'health-checks', 'list']
2016-11-09 11:10:53,611 DEBUG    root            Loaded Command Group: ['gcloud', 'compute', 'health-checks', 'update']
2016-11-09 11:10:53,628 DEBUG    root            Loaded Command Group: ['gcloud', 'compute', 'health-checks', 'update', 'ssl']
2016-11-09 11:10:53,644 DEBUG    root            No implementation for release track [GA] in file: [/data/data/com.termux/files/home/gcloud/google-cloud-sdk/lib/surface/compute/health_checks/update/udp.pyc]
2016-11-09 11:10:53,648 DEBUG    root            Loaded Command Group: ['gcloud', 'compute', 'health-checks', 'update', 'http']
2016-11-09 11:10:53,663 DEBUG    root            Loaded Command Group: ['gcloud', 'compute', 'health-checks', 'update', 'https']
2016-11-09 11:10:53,678 DEBUG    root            No implementation for release track [GA] in file: [/data/data/com.termux/files/home/gcloud/google-cloud-sdk/lib/surface/compute/health_checks/update/http2.pyc]
2016-11-09 11:10:53,682 DEBUG    root            Loaded Command Group: ['gcloud', 'compute', 'health-checks', 'update', 'tcp']
2016-11-09 11:10:53,696 DEBUG    root            Loaded Command Group: ['gcloud', 'compute', 'health-checks', 'delete']
2016-11-09 11:10:53,709 DEBUG    root            Loaded Command Group: ['gcloud', 'compute', 'ssh']
2016-11-09 11:10:53,773 DEBUG    root            No implementation for release track [GA] in file: [/data/data/com.termux/files/home/gcloud/google-cloud-sdk/lib/surface/compute/groups/__init__.pyc]
2016-11-09 11:10:53,822 DEBUG    root            Loaded Command Group: ['gcloud', 'compute', 'instance_templates']
2016-11-09 11:10:53,842 DEBUG    root            Loaded Command Group: ['gcloud', 'compute', 'instance-templates', 'create']
2016-11-09 11:10:53,879 DEBUG    root            Loaded Command Group: ['gcloud', 'compute', 'instance-templates', 'describe']
2016-11-09 11:10:53,902 DEBUG    root            Loaded Command Group: ['gcloud', 'compute', 'instance-templates', 'list']
2016-11-09 11:10:53,932 DEBUG    root            No implementation for release track [GA] in file: [/data/data/com.termux/files/home/gcloud/google-cloud-sdk/lib/surface/compute/instance_templates/create_from_container.pyc]
2016-11-09 11:11:34,294 DEBUG    root            Loaded Command Group: ['gcloud', 'compute', 'instance-templates', 'delete']
2016-11-09 11:11:34,315 DEBUG    root            Loaded Command Group: ['gcloud', 'compute', 'config_ssh']
2016-11-09 11:11:34,393 DEBUG    root            Loaded Command Group: ['gcloud', 'compute', 'vpn_tunnels']
2016-11-09 11:11:34,530 DEBUG    root            Loaded Command Group: ['gcloud', 'compute', 'vpn-tunnels', 'create']
2016-11-09 11:11:34,544 DEBUG    root            Loaded Command Group: ['gcloud', 'compute', 'vpn-tunnels', 'describe']
2016-11-09 11:11:34,554 DEBUG    root            Loaded Command Group: ['gcloud', 'compute', 'vpn-tunnels', 'list']
2016-11-09 11:11:34,564 DEBUG    root            Loaded Command Group: ['gcloud', 'compute', 'vpn-tunnels', 'delete']
2016-11-09 11:11:34,615 DEBUG    root            Loaded Command Group: ['gcloud', 'compute', 'project_info']
2016-11-09 11:11:34,625 DEBUG    root            Loaded Command Group: ['gcloud', 'compute', 'project-info', 'remove_metadata']
2016-11-09 11:11:34,634 DEBUG    root            No implementation for release track [GA] in file: [/data/data/com.termux/files/home/gcloud/google-cloud-sdk/lib/surface/compute/project_info/set_default_service_account.pyc]
2016-11-09 11:11:34,637 DEBUG    root            Loaded Command Group: ['gcloud', 'compute', 'project-info', 'describe']
2016-11-09 11:11:34,644 DEBUG    root            Loaded Command Group: ['gcloud', 'compute', 'project-info', 'set_usage_bucket']
2016-11-09 11:11:34,653 DEBUG    root            Loaded Command Group: ['gcloud', 'compute', 'project-info', 'add_metadata']
2016-11-09 11:11:34,703 DEBUG    root            Loaded Command Group: ['gcloud', 'compute', 'https_health_checks']
2016-11-09 11:11:34,714 DEBUG    root            Loaded Command Group: ['gcloud', 'compute', 'https-health-checks', 'create']
2016-11-09 11:11:34,724 DEBUG    root            Loaded Command Group: ['gcloud', 'compute', 'https-health-checks', 'describe']
2016-11-09 11:11:34,732 DEBUG    root            Loaded Command Group: ['gcloud', 'compute', 'https-health-checks', 'list']
2016-11-09 11:11:34,742 DEBUG    root            Loaded Command Group: ['gcloud', 'compute', 'https-health-checks', 'update']
2016-11-09 11:11:34,753 DEBUG    root            Loaded Command Group: ['gcloud', 'compute', 'https-health-checks', 'delete']
2016-11-09 11:11:34,802 DEBUG    root            No implementation for release track [GA] in file: [/data/data/com.termux/files/home/gcloud/google-cloud-sdk/lib/surface/compute/backend_buckets/__init__.pyc]
2016-11-09 11:11:34,912 DEBUG    root            No implementation for release track [GA] in file: [/data/data/com.termux/files/home/gcloud/google-cloud-sdk/lib/surface/compute/scp.pyc]
2016-11-09 11:11:34,962 DEBUG    root            Loaded Command Group: ['gcloud', 'compute', 'target_instances']
2016-11-09 11:11:34,973 DEBUG    root            Loaded Command Group: ['gcloud', 'compute', 'target-instances', 'create']
2016-11-09 11:11:34,987 DEBUG    root            Loaded Command Group: ['gcloud', 'compute', 'target-instances', 'describe']
2016-11-09 11:11:34,996 DEBUG    root            Loaded Command Group: ['gcloud', 'compute', 'target-instances', 'list']
2016-11-09 11:11:35,005 DEBUG    root            Loaded Command Group: ['gcloud', 'compute', 'target-instances', 'delete']
2016-11-09 11:11:35,056 DEBUG    root            Loaded Command Group: ['gcloud', 'compute', 'machine_types']
2016-11-09 11:11:35,065 DEBUG    root            Loaded Command Group: ['gcloud', 'compute', 'machine-types', 'describe']
2016-11-09 11:11:35,075 DEBUG    root            Loaded Command Group: ['gcloud', 'compute', 'machine-types', 'list']
2016-11-09 11:11:35,127 DEBUG    root            No implementation for release track [GA] in file: [/data/data/com.termux/files/home/gcloud/google-cloud-sdk/lib/surface/compute/rolling_updates/__init__.pyc]
2016-11-09 11:11:35,171 DEBUG    root            Loaded Command Group: ['gcloud', 'compute', 'routes']
2016-11-09 11:11:35,182 DEBUG    root            Loaded Command Group: ['gcloud', 'compute', 'routes', 'create']
2016-11-09 11:11:35,194 DEBUG    root            Loaded Command Group: ['gcloud', 'compute', 'routes', 'describe']
2016-11-09 11:11:35,202 DEBUG    root            Loaded Command Group: ['gcloud', 'compute', 'routes', 'list']
2016-11-09 11:11:35,212 DEBUG    root            Loaded Command Group: ['gcloud', 'compute', 'routes', 'delete']
2016-11-09 11:11:35,273 DEBUG    root            No implementation for release track [GA] in file: [/data/data/com.termux/files/home/gcloud/google-cloud-sdk/lib/surface/service_management/__init__.pyc]
2016-11-09 11:11:35,374 DEBUG    root            No implementation for release track [GA] in file: [/data/data/com.termux/files/home/gcloud/google-cloud-sdk/lib/surface/dataflow/__init__.pyc]
2016-11-09 11:11:35,426 DEBUG    root            No implementation for release track [GA] in file: [/data/data/com.termux/files/home/gcloud/google-cloud-sdk/lib/surface/ml/__init__.pyc]
2016-11-09 11:11:35,432 DEBUG    root            Loaded Command Group: ['gcloud', 'components', 'restore']
2016-11-09 11:11:35,444 DEBUG    root            Loaded Command Group: ['gcloud', 'components', 'list']
2016-11-09 11:11:35,509 DEBUG    root            Loaded Command Group: ['gcloud', 'components', 'repositories']
2016-11-09 11:11:35,526 DEBUG    root            Loaded Command Group: ['gcloud', 'components', 'repositories', 'add']
2016-11-09 11:11:35,540 DEBUG    root            Loaded Command Group: ['gcloud', 'components', 'repositories', 'list']
2016-11-09 11:11:35,568 DEBUG    root            Loaded Command Group: ['gcloud', 'components', 'repositories', 'remove']
2016-11-09 11:11:35,581 DEBUG    root            Loaded Command Group: ['gcloud', 'components', 'update']
2016-11-09 11:11:35,594 DEBUG    root            Loaded Command Group: ['gcloud', 'components', 'remove']
2016-11-09 11:11:35,606 DEBUG    root            Loaded Command Group: ['gcloud', 'components', 'install']
2016-11-09 11:11:35,619 DEBUG    root            Loaded Command Group: ['gcloud', 'components', 'copy_bundled_python']
2016-11-09 11:11:35,633 DEBUG    root            Loaded Command Group: ['gcloud', 'components', 'reinstall']
2016-11-09 11:11:35,696 DEBUG    root            No implementation for release track [GA] in file: [/data/data/com.termux/files/home/gcloud/google-cloud-sdk/lib/surface/debug/__init__.pyc]
2016-11-09 11:11:35,699 DEBUG    root            Loaded Command Group: ['gcloud', 'docker']
2016-11-09 11:11:35,763 DEBUG    root            Loaded Command Group: ['gcloud', 'deployment_manager']
2016-11-09 11:11:35,828 DEBUG    root            Loaded Command Group: ['gcloud', 'deployment-manager', 'operations']
2016-11-09 11:11:35,853 DEBUG    root            Loaded Command Group: ['gcloud', 'deployment-manager', 'operations', 'describe']
2016-11-09 11:11:35,867 DEBUG    root            Loaded Command Group: ['gcloud', 'deployment-manager', 'operations', 'list']
2016-11-09 11:11:35,881 DEBUG    root            Loaded Command Group: ['gcloud', 'deployment-manager', 'operations', 'wait']
2016-11-09 11:11:35,944 DEBUG    root            Loaded Command Group: ['gcloud', 'deployment-manager', 'types']
2016-11-09 11:11:35,959 DEBUG    root            Loaded Command Group: ['gcloud', 'deployment-manager', 'types', 'list']
2016-11-09 11:11:36,026 DEBUG    root            Loaded Command Group: ['gcloud', 'deployment-manager', 'manifests']
2016-11-09 11:11:36,044 DEBUG    root            Loaded Command Group: ['gcloud', 'deployment-manager', 'manifests', 'describe']
2016-11-09 11:11:36,059 DEBUG    root            Loaded Command Group: ['gcloud', 'deployment-manager', 'manifests', 'list']
2016-11-09 11:11:36,123 DEBUG    root            No implementation for release track [GA] in file: [/data/data/com.termux/files/home/gcloud/google-cloud-sdk/lib/surface/deployment_manager/runtime_configs/__init__.pyc]
2016-11-09 11:11:36,177 DEBUG    root            Loaded Command Group: ['gcloud', 'deployment-manager', 'resources']
2016-11-09 11:11:36,192 DEBUG    root            Loaded Command Group: ['gcloud', 'deployment-manager', 'resources', 'describe']
2016-11-09 11:11:36,204 DEBUG    root            Loaded Command Group: ['gcloud', 'deployment-manager', 'resources', 'list']
2016-11-09 11:11:36,270 DEBUG    root            Loaded Command Group: ['gcloud', 'deployment-manager', 'deployments']
2016-11-09 11:11:36,289 DEBUG    root            Loaded Command Group: ['gcloud', 'deployment-manager', 'deployments', 'delete']
2016-11-09 11:11:36,319 DEBUG    root            Loaded Command Group: ['gcloud', 'deployment-manager', 'deployments', 'stop']
2016-11-09 11:11:36,336 DEBUG    root            Loaded Command Group: ['gcloud', 'deployment-manager', 'deployments', 'create']
2016-11-09 11:11:36,416 DEBUG    root            Loaded Command Group: ['gcloud', 'deployment-manager', 'deployments', 'describe']
2016-11-09 11:11:36,430 DEBUG    root            Loaded Command Group: ['gcloud', 'deployment-manager', 'deployments', 'list']
2016-11-09 11:11:36,445 DEBUG    root            Loaded Command Group: ['gcloud', 'deployment-manager', 'deployments', 'update']
2016-11-09 11:11:36,518 DEBUG    root            Loaded Command Group: ['gcloud', 'deployment-manager', 'deployments', 'cancel_preview']
2016-11-09 11:13:13,541 INFO     root            Display format "none".
2016-11-09 11:13:13,587 DEBUG    root            Metrics reporting process started...
