2016-11-09 11:29:08,234 DEBUG    root            Loaded Command Group: ['gcloud', 'info']
2016-11-09 11:29:08,238 DEBUG    root            Loaded Command Group: ['gcloud', 'feedback']
2016-11-09 11:29:08,243 DEBUG    root            Loaded Command Group: ['gcloud', 'app']
2016-11-09 11:29:08,247 DEBUG    root            Loaded Command Group: ['gcloud', 'topic']
2016-11-09 11:29:08,251 DEBUG    root            Loaded Command Group: ['gcloud', 'meta']
2016-11-09 11:29:08,256 DEBUG    root            No implementation for release track [GA] in file: [/data/data/com.termux/files/home/gcloud/google-cloud-sdk/lib/surface/datastore/__init__.pyc]
2016-11-09 11:29:08,256 DEBUG    root            Loaded Command Group: ['gcloud', 'help']
2016-11-09 11:29:08,260 DEBUG    root            Loaded Command Group: ['gcloud', 'iam']
2016-11-09 11:29:08,264 DEBUG    root            No implementation for release track [GA] in file: [/data/data/com.termux/files/home/gcloud/google-cloud-sdk/lib/surface/genomics/__init__.pyc]
2016-11-09 11:29:08,265 DEBUG    root            No implementation for release track [GA] in file: [/data/data/com.termux/files/home/gcloud/google-cloud-sdk/lib/surface/functions/__init__.pyc]
2016-11-09 11:29:08,363 DEBUG    root            Loaded Command Group: ['gcloud', 'container']
2016-11-09 11:29:08,372 DEBUG    root            No implementation for release track [GA] in file: [/data/data/com.termux/files/home/gcloud/google-cloud-sdk/lib/surface/billing/__init__.pyc]
2016-11-09 11:29:08,419 DEBUG    root            Loaded Command Group: ['gcloud', 'source']
2016-11-09 11:29:08,443 DEBUG    root            Loaded Command Group: ['gcloud', 'init']
2016-11-09 11:29:08,446 DEBUG    root            Loaded Command Group: ['gcloud', 'version']
2016-11-09 11:29:08,450 DEBUG    root            Loaded Command Group: ['gcloud', 'projects']
2016-11-09 11:29:08,454 DEBUG    root            Loaded Command Group: ['gcloud', 'dns']
2016-11-09 11:29:08,459 DEBUG    root            No implementation for release track [GA] in file: [/data/data/com.termux/files/home/gcloud/google-cloud-sdk/lib/surface/test/__init__.pyc]
2016-11-09 11:29:08,461 DEBUG    root            Loaded Command Group: ['gcloud', 'config']
2016-11-09 11:29:08,466 DEBUG    root            No implementation for release track [GA] in file: [/data/data/com.termux/files/home/gcloud/google-cloud-sdk/lib/surface/pubsub/__init__.pyc]
2016-11-09 11:29:08,468 DEBUG    root            No implementation for release track [GA] in file: [/data/data/com.termux/files/home/gcloud/google-cloud-sdk/lib/surface/bio/__init__.pyc]
2016-11-09 11:29:08,470 DEBUG    root            No implementation for release track [GA] in file: [/data/data/com.termux/files/home/gcloud/google-cloud-sdk/lib/surface/error_reporting/__init__.pyc]
2016-11-09 11:29:08,472 DEBUG    root            No implementation for release track [GA] in file: [/data/data/com.termux/files/home/gcloud/google-cloud-sdk/lib/surface/service_registry/__init__.pyc]
2016-11-09 11:29:08,473 DEBUG    root            Loaded Command Group: ['gcloud', 'dataproc']
2016-11-09 11:29:08,477 DEBUG    root            No implementation for release track [GA] in file: [/data/data/com.termux/files/home/gcloud/google-cloud-sdk/lib/surface/emulators/__init__.pyc]
2016-11-09 11:29:08,479 DEBUG    root            Loaded Command Group: ['gcloud', 'auth']
2016-11-09 11:29:08,484 DEBUG    root            Loaded Command Group: ['gcloud', 'sql']
2016-11-09 11:29:08,488 DEBUG    root            No implementation for release track [GA] in file: [/data/data/com.termux/files/home/gcloud/google-cloud-sdk/lib/surface/logging/__init__.pyc]
2016-11-09 11:29:08,490 DEBUG    root            No implementation for release track [GA] in file: [/data/data/com.termux/files/home/gcloud/google-cloud-sdk/lib/surface/bigtable/__init__.pyc]
2016-11-09 11:29:08,491 DEBUG    root            No implementation for release track [GA] in file: [/data/data/com.termux/files/home/gcloud/google-cloud-sdk/lib/surface/resource_manager/__init__.pyc]
2016-11-09 11:29:08,493 DEBUG    root            No implementation for release track [GA] in file: [/data/data/com.termux/files/home/gcloud/google-cloud-sdk/lib/surface/organizations/__init__.pyc]
2016-11-09 11:29:08,496 DEBUG    root            Loaded Command Group: ['gcloud', 'compute']
2016-11-09 11:29:08,502 DEBUG    root            No implementation for release track [GA] in file: [/data/data/com.termux/files/home/gcloud/google-cloud-sdk/lib/surface/service_management/__init__.pyc]
2016-11-09 11:29:08,504 DEBUG    root            No implementation for release track [GA] in file: [/data/data/com.termux/files/home/gcloud/google-cloud-sdk/lib/surface/dataflow/__init__.pyc]
2016-11-09 11:29:08,505 DEBUG    root            No implementation for release track [GA] in file: [/data/data/com.termux/files/home/gcloud/google-cloud-sdk/lib/surface/ml/__init__.pyc]
2016-11-09 11:29:08,507 DEBUG    root            Loaded Command Group: ['gcloud', 'components']
2016-11-09 11:29:08,515 DEBUG    root            No implementation for release track [GA] in file: [/data/data/com.termux/files/home/gcloud/google-cloud-sdk/lib/surface/debug/__init__.pyc]
2016-11-09 11:29:08,518 DEBUG    root            Loaded Command Group: ['gcloud', 'docker']
2016-11-09 11:29:08,522 DEBUG    root            Loaded Command Group: ['gcloud', 'deployment_manager']
2016-11-09 11:29:08,542 ERROR    root            (gcloud) too few arguments
2016-11-09 11:29:08,554 DEBUG    root            Metrics reporting process started...
