2016-11-09 12:22:14,593 DEBUG    root            Loaded Command Group: ['gcloud', 'info']
2016-11-09 12:22:14,603 DEBUG    root            Loaded Command Group: ['gcloud', 'feedback']
2016-11-09 12:22:14,614 DEBUG    root            Loaded Command Group: ['gcloud', 'app']
2016-11-09 12:22:14,624 DEBUG    root            Loaded Command Group: ['gcloud', 'topic']
2016-11-09 12:22:14,632 DEBUG    root            Loaded Command Group: ['gcloud', 'meta']
2016-11-09 12:22:14,642 DEBUG    root            No implementation for release track [GA] in file: [/data/data/com.termux/files/home/gcloud/google-cloud-sdk/lib/surface/datastore/__init__.pyc]
2016-11-09 12:22:14,643 DEBUG    root            Loaded Command Group: ['gcloud', 'help']
2016-11-09 12:22:14,650 DEBUG    root            Loaded Command Group: ['gcloud', 'iam']
2016-11-09 12:22:14,663 DEBUG    root            No implementation for release track [GA] in file: [/data/data/com.termux/files/home/gcloud/google-cloud-sdk/lib/surface/genomics/__init__.pyc]
2016-11-09 12:22:14,667 DEBUG    root            No implementation for release track [GA] in file: [/data/data/com.termux/files/home/gcloud/google-cloud-sdk/lib/surface/functions/__init__.pyc]
2016-11-09 12:22:14,817 DEBUG    root            Loaded Command Group: ['gcloud', 'container']
2016-11-09 12:22:14,829 DEBUG    root            No implementation for release track [GA] in file: [/data/data/com.termux/files/home/gcloud/google-cloud-sdk/lib/surface/billing/__init__.pyc]
2016-11-09 12:22:14,891 DEBUG    root            Loaded Command Group: ['gcloud', 'source']
2016-11-09 12:22:14,935 DEBUG    root            Loaded Command Group: ['gcloud', 'init']
2016-11-09 12:22:14,940 DEBUG    root            Loaded Command Group: ['gcloud', 'version']
2016-11-09 12:22:14,945 DEBUG    root            Loaded Command Group: ['gcloud', 'projects']
2016-11-09 12:22:14,952 DEBUG    root            Loaded Command Group: ['gcloud', 'dns']
2016-11-09 12:22:14,961 DEBUG    root            No implementation for release track [GA] in file: [/data/data/com.termux/files/home/gcloud/google-cloud-sdk/lib/surface/test/__init__.pyc]
2016-11-09 12:22:14,964 DEBUG    root            Loaded Command Group: ['gcloud', 'config']
2016-11-09 12:22:14,970 DEBUG    root            No implementation for release track [GA] in file: [/data/data/com.termux/files/home/gcloud/google-cloud-sdk/lib/surface/pubsub/__init__.pyc]
2016-11-09 12:22:14,974 DEBUG    root            No implementation for release track [GA] in file: [/data/data/com.termux/files/home/gcloud/google-cloud-sdk/lib/surface/bio/__init__.pyc]
2016-11-09 12:22:14,978 DEBUG    root            No implementation for release track [GA] in file: [/data/data/com.termux/files/home/gcloud/google-cloud-sdk/lib/surface/error_reporting/__init__.pyc]
2016-11-09 12:22:14,982 DEBUG    root            No implementation for release track [GA] in file: [/data/data/com.termux/files/home/gcloud/google-cloud-sdk/lib/surface/service_registry/__init__.pyc]
2016-11-09 12:22:14,984 DEBUG    root            Loaded Command Group: ['gcloud', 'dataproc']
2016-11-09 12:22:14,989 DEBUG    root            No implementation for release track [GA] in file: [/data/data/com.termux/files/home/gcloud/google-cloud-sdk/lib/surface/emulators/__init__.pyc]
2016-11-09 12:22:14,991 DEBUG    root            Loaded Command Group: ['gcloud', 'auth']
2016-11-09 12:22:14,999 DEBUG    root            Loaded Command Group: ['gcloud', 'sql']
2016-11-09 12:22:15,007 DEBUG    root            No implementation for release track [GA] in file: [/data/data/com.termux/files/home/gcloud/google-cloud-sdk/lib/surface/logging/__init__.pyc]
2016-11-09 12:22:15,009 DEBUG    root            No implementation for release track [GA] in file: [/data/data/com.termux/files/home/gcloud/google-cloud-sdk/lib/surface/bigtable/__init__.pyc]
2016-11-09 12:22:15,011 DEBUG    root            No implementation for release track [GA] in file: [/data/data/com.termux/files/home/gcloud/google-cloud-sdk/lib/surface/resource_manager/__init__.pyc]
2016-11-09 12:22:15,012 DEBUG    root            No implementation for release track [GA] in file: [/data/data/com.termux/files/home/gcloud/google-cloud-sdk/lib/surface/organizations/__init__.pyc]
2016-11-09 12:22:15,016 DEBUG    root            Loaded Command Group: ['gcloud', 'compute']
2016-11-09 12:22:15,032 DEBUG    root            No implementation for release track [GA] in file: [/data/data/com.termux/files/home/gcloud/google-cloud-sdk/lib/surface/service_management/__init__.pyc]
2016-11-09 12:22:15,035 DEBUG    root            No implementation for release track [GA] in file: [/data/data/com.termux/files/home/gcloud/google-cloud-sdk/lib/surface/dataflow/__init__.pyc]
2016-11-09 12:22:15,037 DEBUG    root            No implementation for release track [GA] in file: [/data/data/com.termux/files/home/gcloud/google-cloud-sdk/lib/surface/ml/__init__.pyc]
2016-11-09 12:22:15,039 DEBUG    root            Loaded Command Group: ['gcloud', 'components']
2016-11-09 12:22:15,051 DEBUG    root            No implementation for release track [GA] in file: [/data/data/com.termux/files/home/gcloud/google-cloud-sdk/lib/surface/debug/__init__.pyc]
2016-11-09 12:22:15,054 DEBUG    root            Loaded Command Group: ['gcloud', 'docker']
2016-11-09 12:22:15,059 DEBUG    root            Loaded Command Group: ['gcloud', 'deployment_manager']
2016-11-09 12:22:15,076 ERROR    root            (gcloud) too few arguments
2016-11-09 12:22:15,089 DEBUG    root            Metrics reporting process started...
