2016-11-09 13:37:44,350 DEBUG    root            Loaded Command Group: ['gcloud', 'info']
2016-11-09 13:37:44,357 DEBUG    root            Loaded Command Group: ['gcloud', 'feedback']
2016-11-09 13:37:44,363 DEBUG    root            Loaded Command Group: ['gcloud', 'app']
2016-11-09 13:37:44,368 DEBUG    root            Loaded Command Group: ['gcloud', 'topic']
2016-11-09 13:37:44,372 DEBUG    root            Loaded Command Group: ['gcloud', 'meta']
2016-11-09 13:37:44,377 DEBUG    root            No implementation for release track [GA] in file: [/data/data/com.termux/files/home/gcloud/google-cloud-sdk/lib/surface/datastore/__init__.pyc]
2016-11-09 13:37:44,378 DEBUG    root            Loaded Command Group: ['gcloud', 'help']
2016-11-09 13:37:44,382 DEBUG    root            Loaded Command Group: ['gcloud', 'iam']
2016-11-09 13:37:44,388 DEBUG    root            No implementation for release track [GA] in file: [/data/data/com.termux/files/home/gcloud/google-cloud-sdk/lib/surface/genomics/__init__.pyc]
2016-11-09 13:37:44,389 DEBUG    root            No implementation for release track [GA] in file: [/data/data/com.termux/files/home/gcloud/google-cloud-sdk/lib/surface/functions/__init__.pyc]
2016-11-09 13:37:44,491 DEBUG    root            Loaded Command Group: ['gcloud', 'container']
2016-11-09 13:37:44,500 DEBUG    root            No implementation for release track [GA] in file: [/data/data/com.termux/files/home/gcloud/google-cloud-sdk/lib/surface/billing/__init__.pyc]
2016-11-09 13:37:44,549 DEBUG    root            Loaded Command Group: ['gcloud', 'source']
2016-11-09 13:37:44,581 DEBUG    root            Loaded Command Group: ['gcloud', 'init']
2016-11-09 13:37:44,586 DEBUG    root            Loaded Command Group: ['gcloud', 'version']
2016-11-09 13:37:44,589 DEBUG    root            Loaded Command Group: ['gcloud', 'projects']
2016-11-09 13:37:44,595 DEBUG    root            Loaded Command Group: ['gcloud', 'dns']
2016-11-09 13:37:44,602 DEBUG    root            No implementation for release track [GA] in file: [/data/data/com.termux/files/home/gcloud/google-cloud-sdk/lib/surface/test/__init__.pyc]
2016-11-09 13:37:44,604 DEBUG    root            Loaded Command Group: ['gcloud', 'config']
2016-11-09 13:37:44,609 DEBUG    root            No implementation for release track [GA] in file: [/data/data/com.termux/files/home/gcloud/google-cloud-sdk/lib/surface/pubsub/__init__.pyc]
2016-11-09 13:37:44,613 DEBUG    root            No implementation for release track [GA] in file: [/data/data/com.termux/files/home/gcloud/google-cloud-sdk/lib/surface/bio/__init__.pyc]
2016-11-09 13:37:44,616 DEBUG    root            No implementation for release track [GA] in file: [/data/data/com.termux/files/home/gcloud/google-cloud-sdk/lib/surface/error_reporting/__init__.pyc]
2016-11-09 13:37:44,619 DEBUG    root            No implementation for release track [GA] in file: [/data/data/com.termux/files/home/gcloud/google-cloud-sdk/lib/surface/service_registry/__init__.pyc]
2016-11-09 13:37:44,621 DEBUG    root            Loaded Command Group: ['gcloud', 'dataproc']
2016-11-09 13:37:44,625 DEBUG    root            No implementation for release track [GA] in file: [/data/data/com.termux/files/home/gcloud/google-cloud-sdk/lib/surface/emulators/__init__.pyc]
2016-11-09 13:37:44,628 DEBUG    root            Loaded Command Group: ['gcloud', 'auth']
2016-11-09 13:37:44,634 DEBUG    root            Loaded Command Group: ['gcloud', 'sql']
2016-11-09 13:37:44,639 DEBUG    root            No implementation for release track [GA] in file: [/data/data/com.termux/files/home/gcloud/google-cloud-sdk/lib/surface/logging/__init__.pyc]
2016-11-09 13:37:44,641 DEBUG    root            No implementation for release track [GA] in file: [/data/data/com.termux/files/home/gcloud/google-cloud-sdk/lib/surface/bigtable/__init__.pyc]
2016-11-09 13:37:44,643 DEBUG    root            No implementation for release track [GA] in file: [/data/data/com.termux/files/home/gcloud/google-cloud-sdk/lib/surface/resource_manager/__init__.pyc]
2016-11-09 13:37:44,644 DEBUG    root            No implementation for release track [GA] in file: [/data/data/com.termux/files/home/gcloud/google-cloud-sdk/lib/surface/organizations/__init__.pyc]
2016-11-09 13:37:44,648 DEBUG    root            Loaded Command Group: ['gcloud', 'compute']
2016-11-09 13:37:44,658 DEBUG    root            No implementation for release track [GA] in file: [/data/data/com.termux/files/home/gcloud/google-cloud-sdk/lib/surface/service_management/__init__.pyc]
2016-11-09 13:37:44,661 DEBUG    root            No implementation for release track [GA] in file: [/data/data/com.termux/files/home/gcloud/google-cloud-sdk/lib/surface/dataflow/__init__.pyc]
2016-11-09 13:37:44,662 DEBUG    root            No implementation for release track [GA] in file: [/data/data/com.termux/files/home/gcloud/google-cloud-sdk/lib/surface/ml/__init__.pyc]
2016-11-09 13:37:44,664 DEBUG    root            Loaded Command Group: ['gcloud', 'components']
2016-11-09 13:37:44,675 DEBUG    root            No implementation for release track [GA] in file: [/data/data/com.termux/files/home/gcloud/google-cloud-sdk/lib/surface/debug/__init__.pyc]
2016-11-09 13:37:44,678 DEBUG    root            Loaded Command Group: ['gcloud', 'docker']
2016-11-09 13:37:44,682 DEBUG    root            Loaded Command Group: ['gcloud', 'deployment_manager']
2016-11-09 13:37:44,699 ERROR    root            (gcloud) too few arguments
