2016-11-09 14:18:05,087 DEBUG    root            Loaded Command Group: ['gcloud', 'components']
2016-11-09 14:18:05,116 DEBUG    root            Loaded Command Group: ['gcloud', 'components', 'post_process']
2016-11-09 14:18:05,122 DEBUG    root            Running gcloud.components.post-process with Namespace(__calliope_internal_deepest_parser=ArgumentParser(prog='gcloud.components.post-process', usage=None, description='Performs any necessary post installation steps.', version=None, formatter_class=<class 'argparse.HelpFormatter'>, conflict_handler='error', add_help=False), account=None, architecture_override=None, authority_selector=None, authorization_token_file=None, calliope_command=<googlecloudsdk.calliope.backend.Command object at 0xb5be1ff0>, command_path=['gcloud', 'components', 'post-process'], configuration=None, credential_file_override=None, data='', document=None, flatten=None, format=None, h=None, help=None, http_timeout=None, log_http=None, operating_system_override=None, project=None, quiet=None, sdk_root_override=None, snapshot_url_override=None, trace_email=None, trace_log=None, trace_token=None, user_output_enabled=None, verbosity='warning', version=None).
2016-11-09 14:18:21,518 DEBUG    root            Loaded Command Group: ['gcloud', 'info']
2016-11-09 14:18:21,523 DEBUG    root            Loaded Command Group: ['gcloud', 'feedback']
2016-11-09 14:18:21,528 DEBUG    root            Loaded Command Group: ['gcloud', 'app']
2016-11-09 14:18:21,849 DEBUG    root            Loaded Command Group: ['gcloud', 'app', 'open_console']
2016-11-09 14:18:21,854 DEBUG    root            Loaded Command Group: ['gcloud', 'app', 'logs']
2016-11-09 14:18:21,860 DEBUG    root            Loaded Command Group: ['gcloud', 'app', 'logs', 'read']
2016-11-09 14:18:21,865 DEBUG    root            Loaded Command Group: ['gcloud', 'app', 'versions']
2016-11-09 14:18:21,869 DEBUG    root            Loaded Command Group: ['gcloud', 'app', 'versions', 'start']
2016-11-09 14:18:21,872 DEBUG    root            Loaded Command Group: ['gcloud', 'app', 'versions', 'browse']
2016-11-09 14:18:21,876 DEBUG    root            Loaded Command Group: ['gcloud', 'app', 'versions', 'stop']
2016-11-09 14:18:21,880 DEBUG    root            Loaded Command Group: ['gcloud', 'app', 'versions', 'describe']
2016-11-09 14:18:21,884 DEBUG    root            Loaded Command Group: ['gcloud', 'app', 'versions', 'list']
2016-11-09 14:18:21,889 DEBUG    root            Loaded Command Group: ['gcloud', 'app', 'versions', 'delete']
2016-11-09 14:18:21,892 DEBUG    root            Loaded Command Group: ['gcloud', 'app', 'browse']
2016-11-09 14:18:21,898 DEBUG    root            No implementation for release track [GA] in file: [/data/data/com.termux/files/usr/google-cloud-sdk/lib/surface/app/create.pyc]
2016-11-09 14:18:22,090 DEBUG    root            Loaded Command Group: ['gcloud', 'app', 'deploy']
2016-11-09 14:18:22,096 DEBUG    root            No implementation for release track [GA] in file: [/data/data/com.termux/files/usr/google-cloud-sdk/lib/surface/app/modules/__init__.pyc]
2016-11-09 14:18:22,098 DEBUG    root            No implementation for release track [GA] in file: [/data/data/com.termux/files/usr/google-cloud-sdk/lib/surface/app/regions/__init__.pyc]
2016-11-09 14:18:22,100 DEBUG    root            Loaded Command Group: ['gcloud', 'app', 'instances']
2016-11-09 14:18:22,104 DEBUG    root            Loaded Command Group: ['gcloud', 'app', 'instances', 'disable_debug']
2016-11-09 14:18:22,107 DEBUG    root            No implementation for release track [GA] in file: [/data/data/com.termux/files/usr/google-cloud-sdk/lib/surface/app/instances/describe.pyc]
2016-11-09 14:18:22,108 DEBUG    root            Loaded Command Group: ['gcloud', 'app', 'instances', 'list']
2016-11-09 14:18:22,112 DEBUG    root            Loaded Command Group: ['gcloud', 'app', 'instances', 'enable_debug']
2016-11-09 14:18:22,228 DEBUG    root            No implementation for release track [GA] in file: [/data/data/com.termux/files/usr/google-cloud-sdk/lib/surface/app/gen_config.pyc]
2016-11-09 14:18:22,231 DEBUG    root            Loaded Command Group: ['gcloud', 'app', 'services']
2016-11-09 14:18:22,235 DEBUG    root            Loaded Command Group: ['gcloud', 'app', 'services', 'browse']
2016-11-09 14:18:22,241 DEBUG    root            Loaded Command Group: ['gcloud', 'app', 'services', 'set_traffic']
2016-11-09 14:18:22,244 DEBUG    root            Loaded Command Group: ['gcloud', 'app', 'services', 'list']
2016-11-09 14:18:22,247 DEBUG    root            Loaded Command Group: ['gcloud', 'app', 'services', 'delete']
2016-11-09 14:18:22,250 DEBUG    root            Loaded Command Group: ['gcloud', 'app', 'gen_repo_info_file']
2016-11-09 14:18:22,255 DEBUG    root            Loaded Command Group: ['gcloud', 'topic']
2016-11-09 14:18:22,291 DEBUG    root            Loaded Command Group: ['gcloud', 'topic', 'projections']
2016-11-09 14:18:22,293 DEBUG    root            Loaded Command Group: ['gcloud', 'topic', 'escaping']
2016-11-09 14:18:22,297 DEBUG    root            Loaded Command Group: ['gcloud', 'topic', 'filters']
2016-11-09 14:18:22,300 DEBUG    root            Loaded Command Group: ['gcloud', 'topic', 'datetimes']
2016-11-09 14:18:22,304 DEBUG    root            Loaded Command Group: ['gcloud', 'topic', 'arg_files']
2016-11-09 14:18:22,307 DEBUG    root            Loaded Command Group: ['gcloud', 'topic', 'resource_keys']
2016-11-09 14:18:22,312 DEBUG    root            Loaded Command Group: ['gcloud', 'topic', 'formats']
2016-11-09 14:18:22,315 DEBUG    root            Loaded Command Group: ['gcloud', 'topic', 'configurations']
2016-11-09 14:18:22,321 DEBUG    root            Loaded Command Group: ['gcloud', 'meta']
2016-11-09 14:18:22,336 DEBUG    root            Loaded Command Group: ['gcloud', 'meta', 'generate_help_docs']
2016-11-09 14:18:22,346 DEBUG    root            Loaded Command Group: ['gcloud', 'meta', 'render_markdown']
2016-11-09 14:18:22,349 DEBUG    root            Loaded Command Group: ['gcloud', 'meta', 'list_from_json']
2016-11-09 14:18:22,424 DEBUG    root            Loaded Command Group: ['gcloud', 'meta', 'debug']
2016-11-09 14:18:22,427 DEBUG    root            Loaded Command Group: ['gcloud', 'meta', 'list_gcloud']
2016-11-09 14:18:22,445 DEBUG    root            Loaded Command Group: ['gcloud', 'meta', 'lint']
2016-11-09 14:18:22,450 DEBUG    root            Loaded Command Group: ['gcloud', 'meta', 'list_commands']
2016-11-09 14:18:22,455 DEBUG    root            No implementation for release track [GA] in file: [/data/data/com.termux/files/usr/google-cloud-sdk/lib/surface/datastore/__init__.pyc]
2016-11-09 14:18:22,456 DEBUG    root            Loaded Command Group: ['gcloud', 'help']
2016-11-09 14:18:22,462 DEBUG    root            Loaded Command Group: ['gcloud', 'iam']
2016-11-09 14:18:22,467 DEBUG    root            Loaded Command Group: ['gcloud', 'iam', 'service_accounts']
2016-11-09 14:18:22,485 DEBUG    root            Loaded Command Group: ['gcloud', 'iam', 'service-accounts', 'add_iam_policy_binding']
2016-11-09 14:18:22,489 DEBUG    root            Loaded Command Group: ['gcloud', 'iam', 'service-accounts', 'remove_iam_policy_binding']
2016-11-09 14:18:22,492 DEBUG    root            Loaded Command Group: ['gcloud', 'iam', 'service-accounts', 'sign_blob']
2016-11-09 14:18:22,497 DEBUG    root            Loaded Command Group: ['gcloud', 'iam', 'service-accounts', 'keys']
2016-11-09 14:18:22,501 DEBUG    root            Loaded Command Group: ['gcloud', 'iam', 'service-accounts', 'keys', 'create']
2016-11-09 14:18:22,505 DEBUG    root            Loaded Command Group: ['gcloud', 'iam', 'service-accounts', 'keys', 'list']
2016-11-09 14:18:22,508 DEBUG    root            Loaded Command Group: ['gcloud', 'iam', 'service-accounts', 'keys', 'delete']
2016-11-09 14:18:22,511 DEBUG    root            Loaded Command Group: ['gcloud', 'iam', 'service-accounts', 'create']
2016-11-09 14:18:22,514 DEBUG    root            Loaded Command Group: ['gcloud', 'iam', 'service-accounts', 'describe']
2016-11-09 14:18:22,517 DEBUG    root            Loaded Command Group: ['gcloud', 'iam', 'service-accounts', 'list']
2016-11-09 14:18:22,521 DEBUG    root            Loaded Command Group: ['gcloud', 'iam', 'service-accounts', 'update']
2016-11-09 14:18:22,524 DEBUG    root            Loaded Command Group: ['gcloud', 'iam', 'service-accounts', 'get_iam_policy']
2016-11-09 14:18:22,527 DEBUG    root            Loaded Command Group: ['gcloud', 'iam', 'service-accounts', 'set_iam_policy']
2016-11-09 14:18:22,530 DEBUG    root            Loaded Command Group: ['gcloud', 'iam', 'service-accounts', 'delete']
2016-11-09 14:18:22,533 DEBUG    root            Loaded Command Group: ['gcloud', 'iam', 'list_grantable_roles']
2016-11-09 14:18:22,539 DEBUG    root            No implementation for release track [GA] in file: [/data/data/com.termux/files/usr/google-cloud-sdk/lib/surface/genomics/__init__.pyc]
2016-11-09 14:18:22,543 DEBUG    root            No implementation for release track [GA] in file: [/data/data/com.termux/files/usr/google-cloud-sdk/lib/surface/functions/__init__.pyc]
2016-11-09 14:18:22,558 DEBUG    root            Loaded Command Group: ['gcloud', 'container']
2016-11-09 14:18:22,565 DEBUG    root            Loaded Command Group: ['gcloud', 'container', 'operations']
2016-11-09 14:18:22,570 DEBUG    root            No implementation for release track [GA] in file: [/data/data/com.termux/files/usr/google-cloud-sdk/lib/surface/container/operations/cancel.pyc]
2016-11-09 14:18:22,570 DEBUG    root            Loaded Command Group: ['gcloud', 'container', 'operations', 'describe']
2016-11-09 14:18:22,573 DEBUG    root            Loaded Command Group: ['gcloud', 'container', 'operations', 'list']
2016-11-09 14:18:22,576 DEBUG    root            Loaded Command Group: ['gcloud', 'container', 'operations', 'wait']
2016-11-09 14:18:22,582 DEBUG    root            No implementation for release track [GA] in file: [/data/data/com.termux/files/usr/google-cloud-sdk/lib/surface/container/builds/__init__.pyc]
2016-11-09 14:18:22,585 DEBUG    root            Loaded Command Group: ['gcloud', 'container', 'node_pools']
2016-11-09 14:18:22,589 DEBUG    root            Loaded Command Group: ['gcloud', 'container', 'node-pools', 'create']
2016-11-09 14:18:22,594 DEBUG    root            Loaded Command Group: ['gcloud', 'container', 'node-pools', 'describe']
2016-11-09 14:18:22,597 DEBUG    root            Loaded Command Group: ['gcloud', 'container', 'node-pools', 'list']
2016-11-09 14:18:22,602 DEBUG    root            Loaded Command Group: ['gcloud', 'container', 'node-pools', 'delete']
2016-11-09 14:18:22,607 DEBUG    root            No implementation for release track [GA] in file: [/data/data/com.termux/files/usr/google-cloud-sdk/lib/surface/container/images/__init__.pyc]
2016-11-09 14:18:22,611 DEBUG    root            Loaded Command Group: ['gcloud', 'container', 'clusters']
2016-11-09 14:18:22,625 DEBUG    root            Loaded Command Group: ['gcloud', 'container', 'clusters', 'upgrade']
2016-11-09 14:18:22,629 DEBUG    root            Loaded Command Group: ['gcloud', 'container', 'clusters', 'create']
2016-11-09 14:18:22,647 DEBUG    root            Loaded Command Group: ['gcloud', 'container', 'clusters', 'describe']
2016-11-09 14:18:22,650 DEBUG    root            Loaded Command Group: ['gcloud', 'container', 'clusters', 'list']
2016-11-09 14:18:22,659 DEBUG    root            Loaded Command Group: ['gcloud', 'container', 'clusters', 'update']
2016-11-09 14:18:22,665 DEBUG    root            Loaded Command Group: ['gcloud', 'container', 'clusters', 'get_credentials']
2016-11-09 14:18:22,669 DEBUG    root            Loaded Command Group: ['gcloud', 'container', 'clusters', 'resize']
2016-11-09 14:18:22,673 DEBUG    root            Loaded Command Group: ['gcloud', 'container', 'clusters', 'delete']
2016-11-09 14:18:22,676 DEBUG    root            Loaded Command Group: ['gcloud', 'container', 'get_server_config']
2016-11-09 14:18:22,684 DEBUG    root            No implementation for release track [GA] in file: [/data/data/com.termux/files/usr/google-cloud-sdk/lib/surface/billing/__init__.pyc]
2016-11-09 14:18:22,730 DEBUG    root            Loaded Command Group: ['gcloud', 'source']
2016-11-09 14:18:22,737 DEBUG    root            No implementation for release track [GA] in file: [/data/data/com.termux/files/usr/google-cloud-sdk/lib/surface/source/captures/__init__.pyc]
2016-11-09 14:18:22,746 DEBUG    root            Loaded Command Group: ['gcloud', 'source', 'repos']
2016-11-09 14:18:22,754 DEBUG    root            Loaded Command Group: ['gcloud', 'source', 'repos', 'clone']
2016-11-09 14:18:22,758 DEBUG    root            No implementation for release track [GA] in file: [/data/data/com.termux/files/usr/google-cloud-sdk/lib/surface/source/repos/list.pyc]
2016-11-09 14:18:22,759 DEBUG    root            No implementation for release track [GA] in file: [/data/data/com.termux/files/usr/google-cloud-sdk/lib/surface/source/repos/create.pyc]
2016-11-09 14:18:22,760 DEBUG    root            No implementation for release track [GA] in file: [/data/data/com.termux/files/usr/google-cloud-sdk/lib/surface/source/repos/delete.pyc]
2016-11-09 14:18:22,850 DEBUG    root            Loaded Command Group: ['gcloud', 'init']
2016-11-09 14:18:22,854 DEBUG    root            Loaded Command Group: ['gcloud', 'version']
2016-11-09 14:18:22,861 DEBUG    root            Loaded Command Group: ['gcloud', 'projects']
2016-11-09 14:18:22,867 DEBUG    root            Loaded Command Group: ['gcloud', 'projects', 'add_iam_policy_binding']
2016-11-09 14:18:22,871 DEBUG    root            Loaded Command Group: ['gcloud', 'projects', 'remove_iam_policy_binding']
2016-11-09 14:18:22,876 DEBUG    root            No implementation for release track [GA] in file: [/data/data/com.termux/files/usr/google-cloud-sdk/lib/surface/projects/move.pyc]
2016-11-09 14:18:22,877 DEBUG    root            Loaded Command Group: ['gcloud', 'projects', 'undelete']
2016-11-09 14:18:22,881 DEBUG    root            No implementation for release track [GA] in file: [/data/data/com.termux/files/usr/google-cloud-sdk/lib/surface/projects/create.pyc]
2016-11-09 14:18:22,882 DEBUG    root            Loaded Command Group: ['gcloud', 'projects', 'describe']
2016-11-09 14:18:22,885 DEBUG    root            Loaded Command Group: ['gcloud', 'projects', 'list']
2016-11-09 14:18:22,894 DEBUG    root            Loaded Command Group: ['gcloud', 'projects', 'update']
2016-11-09 14:18:22,898 DEBUG    root            Loaded Command Group: ['gcloud', 'projects', 'get_iam_policy']
2016-11-09 14:18:22,901 DEBUG    root            Loaded Command Group: ['gcloud', 'projects', 'set_iam_policy']
2016-11-09 14:18:22,904 DEBUG    root            Loaded Command Group: ['gcloud', 'projects', 'delete']
2016-11-09 14:18:22,913 DEBUG    root            Loaded Command Group: ['gcloud', 'dns']
2016-11-09 14:18:22,922 DEBUG    root            Loaded Command Group: ['gcloud', 'dns', 'managed_zones']
2016-11-09 14:18:22,927 DEBUG    root            Loaded Command Group: ['gcloud', 'dns', 'managed-zones', 'create']
2016-11-09 14:18:22,930 DEBUG    root            Loaded Command Group: ['gcloud', 'dns', 'managed-zones', 'describe']
2016-11-09 14:18:22,933 DEBUG    root            Loaded Command Group: ['gcloud', 'dns', 'managed-zones', 'list']
2016-11-09 14:18:22,937 DEBUG    root            Loaded Command Group: ['gcloud', 'dns', 'managed-zones', 'delete']
2016-11-09 14:18:22,944 DEBUG    root            Loaded Command Group: ['gcloud', 'dns', 'record_sets']
2016-11-09 14:18:22,977 DEBUG    root            Loaded Command Group: ['gcloud', 'dns', 'record-sets', 'import']
2016-11-09 14:18:22,982 DEBUG    root            Loaded Command Group: ['gcloud', 'dns', 'record-sets', 'export']
2016-11-09 14:18:22,991 DEBUG    root            Loaded Command Group: ['gcloud', 'dns', 'record-sets', 'transaction']
2016-11-09 14:18:22,996 DEBUG    root            Loaded Command Group: ['gcloud', 'dns', 'record-sets', 'transaction', 'start']
2016-11-09 14:18:22,999 DEBUG    root            Loaded Command Group: ['gcloud', 'dns', 'record-sets', 'transaction', 'execute']
2016-11-09 14:18:23,003 DEBUG    root            Loaded Command Group: ['gcloud', 'dns', 'record-sets', 'transaction', 'abort']
2016-11-09 14:18:23,006 DEBUG    root            Loaded Command Group: ['gcloud', 'dns', 'record-sets', 'transaction', 'describe']
2016-11-09 14:18:23,009 DEBUG    root            Loaded Command Group: ['gcloud', 'dns', 'record-sets', 'transaction', 'add']
2016-11-09 14:18:23,012 DEBUG    root            Loaded Command Group: ['gcloud', 'dns', 'record-sets', 'transaction', 'remove']
2016-11-09 14:18:23,020 DEBUG    root            Loaded Command Group: ['gcloud', 'dns', 'record-sets', 'changes']
2016-11-09 14:18:23,024 DEBUG    root            Loaded Command Group: ['gcloud', 'dns', 'record-sets', 'changes', 'describe']
2016-11-09 14:18:23,031 DEBUG    root            Loaded Command Group: ['gcloud', 'dns', 'record-sets', 'changes', 'list']
2016-11-09 14:18:23,035 DEBUG    root            Loaded Command Group: ['gcloud', 'dns', 'record-sets', 'list']
2016-11-09 14:18:23,043 DEBUG    root            Loaded Command Group: ['gcloud', 'dns', 'project_info']
2016-11-09 14:18:23,047 DEBUG    root            Loaded Command Group: ['gcloud', 'dns', 'project-info', 'describe']
2016-11-09 14:18:23,055 DEBUG    root            No implementation for release track [GA] in file: [/data/data/com.termux/files/usr/google-cloud-sdk/lib/surface/test/__init__.pyc]
2016-11-09 14:18:23,056 DEBUG    root            No implementation for release track [PREVIEW] in file: [/data/data/com.termux/files/usr/google-cloud-sdk/lib/surface/info.pyc]
2016-11-09 14:18:23,057 DEBUG    root            No implementation for release track [PREVIEW] in file: [/data/data/com.termux/files/usr/google-cloud-sdk/lib/surface/feedback.pyc]
2016-11-09 14:18:23,067 DEBUG    root            Loaded Command Group: ['gcloud', 'preview', 'app']
2016-11-09 14:18:23,071 DEBUG    root            Loaded Command Group: ['gcloud', 'preview', 'app', 'open_console']
2016-11-09 14:18:23,078 DEBUG    root            Loaded Command Group: ['gcloud', 'preview', 'app', 'logs']
2016-11-09 14:18:23,081 DEBUG    root            Loaded Command Group: ['gcloud', 'preview', 'app', 'logs', 'read']
2016-11-09 14:18:23,089 DEBUG    root            Loaded Command Group: ['gcloud', 'preview', 'app', 'versions']
2016-11-09 14:18:23,098 DEBUG    root            Loaded Command Group: ['gcloud', 'preview', 'app', 'versions', 'start']
2016-11-09 14:18:23,102 DEBUG    root            Loaded Command Group: ['gcloud', 'preview', 'app', 'versions', 'browse']
2016-11-09 14:18:23,110 DEBUG    root            Loaded Command Group: ['gcloud', 'preview', 'app', 'versions', 'stop']
2016-11-09 14:18:23,113 DEBUG    root            Loaded Command Group: ['gcloud', 'preview', 'app', 'versions', 'describe']
2016-11-09 14:18:23,123 DEBUG    root            Loaded Command Group: ['gcloud', 'preview', 'app', 'versions', 'list']
2016-11-09 14:18:23,133 DEBUG    root            Loaded Command Group: ['gcloud', 'preview', 'app', 'versions', 'delete']
2016-11-09 14:18:23,137 DEBUG    root            Loaded Command Group: ['gcloud', 'preview', 'app', 'browse']
2016-11-09 14:18:23,143 DEBUG    root            No implementation for release track [PREVIEW] in file: [/data/data/com.termux/files/usr/google-cloud-sdk/lib/surface/app/create.pyc]
2016-11-09 14:18:23,145 DEBUG    root            Loaded Command Group: ['gcloud', 'preview', 'app', 'deploy']
2016-11-09 14:18:23,157 DEBUG    root            Loaded Command Group: ['gcloud', 'preview', 'app', 'modules']
2016-11-09 14:18:23,162 DEBUG    root            Loaded Command Group: ['gcloud', 'preview', 'app', 'modules', 'start']
2016-11-09 14:18:23,167 DEBUG    root            Loaded Command Group: ['gcloud', 'preview', 'app', 'modules', 'set_managed_by']
2016-11-09 14:18:23,171 DEBUG    root            Loaded Command Group: ['gcloud', 'preview', 'app', 'modules', 'set_default']
2016-11-09 14:18:23,174 DEBUG    root            Loaded Command Group: ['gcloud', 'preview', 'app', 'modules', 'stop']
2016-11-09 14:18:23,178 DEBUG    root            Loaded Command Group: ['gcloud', 'preview', 'app', 'modules', 'list']
2016-11-09 14:18:23,183 DEBUG    root            Loaded Command Group: ['gcloud', 'preview', 'app', 'modules', 'get_logs']
2016-11-09 14:18:23,188 DEBUG    root            Loaded Command Group: ['gcloud', 'preview', 'app', 'modules', 'delete']
2016-11-09 14:18:23,196 DEBUG    root            No implementation for release track [PREVIEW] in file: [/data/data/com.termux/files/usr/google-cloud-sdk/lib/surface/app/regions/__init__.pyc]
2016-11-09 14:18:23,202 DEBUG    root            Loaded Command Group: ['gcloud', 'preview', 'app', 'instances']
2016-11-09 14:18:23,206 DEBUG    root            Loaded Command Group: ['gcloud', 'preview', 'app', 'instances', 'disable_debug']
2016-11-09 14:18:23,209 DEBUG    root            No implementation for release track [PREVIEW] in file: [/data/data/com.termux/files/usr/google-cloud-sdk/lib/surface/app/instances/describe.pyc]
2016-11-09 14:18:23,210 DEBUG    root            Loaded Command Group: ['gcloud', 'preview', 'app', 'instances', 'list']
2016-11-09 14:18:23,214 DEBUG    root            Loaded Command Group: ['gcloud', 'preview', 'app', 'instances', 'enable_debug']
2016-11-09 14:18:23,218 DEBUG    root            Loaded Command Group: ['gcloud', 'preview', 'app', 'gen_config']
2016-11-09 14:18:23,226 DEBUG    root            Loaded Command Group: ['gcloud', 'preview', 'app', 'services']
2016-11-09 14:18:23,230 DEBUG    root            Loaded Command Group: ['gcloud', 'preview', 'app', 'services', 'browse']
2016-11-09 14:18:23,240 DEBUG    root            Loaded Command Group: ['gcloud', 'preview', 'app', 'services', 'set_traffic']
2016-11-09 14:18:23,244 DEBUG    root            Loaded Command Group: ['gcloud', 'preview', 'app', 'services', 'list']
2016-11-09 14:18:23,251 DEBUG    root            Loaded Command Group: ['gcloud', 'preview', 'app', 'services', 'delete']
2016-11-09 14:18:23,255 DEBUG    root            Loaded Command Group: ['gcloud', 'preview', 'app', 'gen_repo_info_file']
2016-11-09 14:18:23,263 DEBUG    root            No implementation for release track [PREVIEW] in file: [/data/data/com.termux/files/usr/google-cloud-sdk/lib/surface/topic/__init__.pyc]
2016-11-09 14:18:23,269 DEBUG    root            No implementation for release track [PREVIEW] in file: [/data/data/com.termux/files/usr/google-cloud-sdk/lib/surface/meta/__init__.pyc]
2016-11-09 14:18:23,275 DEBUG    root            Loaded Command Group: ['gcloud', 'preview', 'datastore']
2016-11-09 14:18:23,278 DEBUG    root            Loaded Command Group: ['gcloud', 'preview', 'datastore', 'cleanup_indexes']
2016-11-09 14:18:23,282 DEBUG    root            Loaded Command Group: ['gcloud', 'preview', 'datastore', 'create_indexes']
2016-11-09 14:18:23,284 DEBUG    root            No implementation for release track [PREVIEW] in file: [/data/data/com.termux/files/usr/google-cloud-sdk/lib/surface/help.pyc]
2016-11-09 14:18:23,291 DEBUG    root            No implementation for release track [PREVIEW] in file: [/data/data/com.termux/files/usr/google-cloud-sdk/lib/surface/iam/__init__.pyc]
2016-11-09 14:18:23,296 DEBUG    root            No implementation for release track [PREVIEW] in file: [/data/data/com.termux/files/usr/google-cloud-sdk/lib/surface/genomics/__init__.pyc]
2016-11-09 14:18:23,303 DEBUG    root            No implementation for release track [PREVIEW] in file: [/data/data/com.termux/files/usr/google-cloud-sdk/lib/surface/functions/__init__.pyc]
2016-11-09 14:18:23,318 DEBUG    root            No implementation for release track [PREVIEW] in file: [/data/data/com.termux/files/usr/google-cloud-sdk/lib/surface/container/__init__.pyc]
2016-11-09 14:18:23,324 DEBUG    root            No implementation for release track [PREVIEW] in file: [/data/data/com.termux/files/usr/google-cloud-sdk/lib/surface/billing/__init__.pyc]
2016-11-09 14:18:23,329 DEBUG    root            No implementation for release track [PREVIEW] in file: [/data/data/com.termux/files/usr/google-cloud-sdk/lib/surface/source/__init__.pyc]
2016-11-09 14:18:23,331 DEBUG    root            No implementation for release track [PREVIEW] in file: [/data/data/com.termux/files/usr/google-cloud-sdk/lib/surface/init.pyc]
2016-11-09 14:18:23,332 DEBUG    root            No implementation for release track [PREVIEW] in file: [/data/data/com.termux/files/usr/google-cloud-sdk/lib/surface/version.pyc]
2016-11-09 14:18:23,343 DEBUG    root            No implementation for release track [PREVIEW] in file: [/data/data/com.termux/files/usr/google-cloud-sdk/lib/surface/bigtable/__init__.pyc]
2016-11-09 14:18:23,349 DEBUG    root            No implementation for release track [PREVIEW] in file: [/data/data/com.termux/files/usr/google-cloud-sdk/lib/surface/dns/__init__.pyc]
2016-11-09 14:18:23,355 DEBUG    root            No implementation for release track [PREVIEW] in file: [/data/data/com.termux/files/usr/google-cloud-sdk/lib/surface/test/__init__.pyc]
2016-11-09 14:18:23,361 DEBUG    root            No implementation for release track [PREVIEW] in file: [/data/data/com.termux/files/usr/google-cloud-sdk/lib/surface/config/__init__.pyc]
2016-11-09 14:18:23,369 DEBUG    root            No implementation for release track [PREVIEW] in file: [/data/data/com.termux/files/usr/google-cloud-sdk/lib/surface/pubsub/__init__.pyc]
2016-11-09 14:18:23,377 DEBUG    root            No implementation for release track [PREVIEW] in file: [/data/data/com.termux/files/usr/google-cloud-sdk/lib/surface/bio/__init__.pyc]
2016-11-09 14:18:23,383 DEBUG    root            No implementation for release track [PREVIEW] in file: [/data/data/com.termux/files/usr/google-cloud-sdk/lib/surface/components/__init__.pyc]
2016-11-09 14:18:23,389 DEBUG    root            No implementation for release track [PREVIEW] in file: [/data/data/com.termux/files/usr/google-cloud-sdk/lib/surface/service_registry/__init__.pyc]
2016-11-09 14:18:23,395 DEBUG    root            No implementation for release track [PREVIEW] in file: [/data/data/com.termux/files/usr/google-cloud-sdk/lib/surface/dataproc/__init__.pyc]
2016-11-09 14:18:23,402 DEBUG    root            No implementation for release track [PREVIEW] in file: [/data/data/com.termux/files/usr/google-cloud-sdk/lib/surface/emulators/__init__.pyc]
2016-11-09 14:18:23,408 DEBUG    root            No implementation for release track [PREVIEW] in file: [/data/data/com.termux/files/usr/google-cloud-sdk/lib/surface/auth/__init__.pyc]
2016-11-09 14:18:23,422 DEBUG    root            No implementation for release track [PREVIEW] in file: [/data/data/com.termux/files/usr/google-cloud-sdk/lib/surface/sql/__init__.pyc]
2016-11-09 14:18:23,429 DEBUG    root            No implementation for release track [PREVIEW] in file: [/data/data/com.termux/files/usr/google-cloud-sdk/lib/surface/compute/__init__.pyc]
2016-11-09 14:18:23,435 DEBUG    root            No implementation for release track [PREVIEW] in file: [/data/data/com.termux/files/usr/google-cloud-sdk/lib/surface/projects/__init__.pyc]
2016-11-09 14:18:23,441 DEBUG    root            No implementation for release track [PREVIEW] in file: [/data/data/com.termux/files/usr/google-cloud-sdk/lib/surface/resource_manager/__init__.pyc]
2016-11-09 14:18:23,447 DEBUG    root            No implementation for release track [PREVIEW] in file: [/data/data/com.termux/files/usr/google-cloud-sdk/lib/surface/organizations/__init__.pyc]
2016-11-09 14:18:23,453 DEBUG    root            No implementation for release track [PREVIEW] in file: [/data/data/com.termux/files/usr/google-cloud-sdk/lib/surface/logging/__init__.pyc]
2016-11-09 14:18:23,459 DEBUG    root            No implementation for release track [PREVIEW] in file: [/data/data/com.termux/files/usr/google-cloud-sdk/lib/surface/service_management/__init__.pyc]
2016-11-09 14:18:23,470 DEBUG    root            No implementation for release track [PREVIEW] in file: [/data/data/com.termux/files/usr/google-cloud-sdk/lib/surface/dataflow/__init__.pyc]
2016-11-09 14:18:23,476 DEBUG    root            No implementation for release track [PREVIEW] in file: [/data/data/com.termux/files/usr/google-cloud-sdk/lib/surface/ml/__init__.pyc]
2016-11-09 14:18:23,482 DEBUG    root            No implementation for release track [PREVIEW] in file: [/data/data/com.termux/files/usr/google-cloud-sdk/lib/surface/error_reporting/__init__.pyc]
2016-11-09 14:18:23,494 DEBUG    root            No implementation for release track [PREVIEW] in file: [/data/data/com.termux/files/usr/google-cloud-sdk/lib/surface/debug/__init__.pyc]
2016-11-09 14:18:23,495 DEBUG    root            No implementation for release track [PREVIEW] in file: [/data/data/com.termux/files/usr/google-cloud-sdk/lib/surface/docker.pyc]
2016-11-09 14:18:23,501 DEBUG    root            No implementation for release track [PREVIEW] in file: [/data/data/com.termux/files/usr/google-cloud-sdk/lib/surface/deployment_manager/__init__.pyc]
2016-11-09 14:18:23,508 DEBUG    root            Loaded Command Group: ['gcloud', 'config']
2016-11-09 14:18:23,514 DEBUG    root            Loaded Command Group: ['gcloud', 'config', 'set']
2016-11-09 14:18:23,526 DEBUG    root            Loaded Command Group: ['gcloud', 'config', 'list']
2016-11-09 14:18:23,531 DEBUG    root            No implementation for release track [GA] in file: [/data/data/com.termux/files/usr/google-cloud-sdk/lib/surface/config/get_value.pyc]
2016-11-09 14:18:23,533 DEBUG    root            Loaded Command Group: ['gcloud', 'config', 'unset']
2016-11-09 14:18:23,542 DEBUG    root            Loaded Command Group: ['gcloud', 'config', 'configurations']
2016-11-09 14:18:23,546 DEBUG    root            Loaded Command Group: ['gcloud', 'config', 'configurations', 'list']
2016-11-09 14:18:23,549 DEBUG    root            Loaded Command Group: ['gcloud', 'config', 'configurations', 'create']
2016-11-09 14:18:23,552 DEBUG    root            Loaded Command Group: ['gcloud', 'config', 'configurations', 'describe']
2016-11-09 14:18:23,555 DEBUG    root            Loaded Command Group: ['gcloud', 'config', 'configurations', 'activate']
2016-11-09 14:18:23,558 DEBUG    root            Loaded Command Group: ['gcloud', 'config', 'configurations', 'delete']
2016-11-09 14:18:23,567 DEBUG    root            No implementation for release track [GA] in file: [/data/data/com.termux/files/usr/google-cloud-sdk/lib/surface/pubsub/__init__.pyc]
2016-11-09 14:18:23,573 DEBUG    root            No implementation for release track [GA] in file: [/data/data/com.termux/files/usr/google-cloud-sdk/lib/surface/bio/__init__.pyc]
2016-11-09 14:18:23,580 DEBUG    root            No implementation for release track [GA] in file: [/data/data/com.termux/files/usr/google-cloud-sdk/lib/surface/error_reporting/__init__.pyc]
2016-11-09 14:18:23,586 DEBUG    root            No implementation for release track [GA] in file: [/data/data/com.termux/files/usr/google-cloud-sdk/lib/surface/service_registry/__init__.pyc]
2016-11-09 14:18:23,592 DEBUG    root            Loaded Command Group: ['gcloud', 'dataproc']
2016-11-09 14:18:23,601 DEBUG    root            Loaded Command Group: ['gcloud', 'dataproc', 'operations']
2016-11-09 14:18:23,605 DEBUG    root            Loaded Command Group: ['gcloud', 'dataproc', 'operations', 'cancel']
2016-11-09 14:18:23,608 DEBUG    root            Loaded Command Group: ['gcloud', 'dataproc', 'operations', 'describe']
2016-11-09 14:18:23,610 DEBUG    root            Loaded Command Group: ['gcloud', 'dataproc', 'operations', 'list']
2016-11-09 14:18:23,614 DEBUG    root            Loaded Command Group: ['gcloud', 'dataproc', 'operations', 'delete']
2016-11-09 14:18:23,623 DEBUG    root            Loaded Command Group: ['gcloud', 'dataproc', 'clusters']
2016-11-09 14:18:23,660 DEBUG    root            Loaded Command Group: ['gcloud', 'dataproc', 'clusters', 'diagnose']
2016-11-09 14:18:23,690 DEBUG    root            Loaded Command Group: ['gcloud', 'dataproc', 'clusters', 'create']
2016-11-09 14:18:23,698 DEBUG    root            Loaded Command Group: ['gcloud', 'dataproc', 'clusters', 'describe']
2016-11-09 14:18:23,701 DEBUG    root            Loaded Command Group: ['gcloud', 'dataproc', 'clusters', 'list']
2016-11-09 14:18:23,706 DEBUG    root            Loaded Command Group: ['gcloud', 'dataproc', 'clusters', 'update']
2016-11-09 14:18:23,709 DEBUG    root            Loaded Command Group: ['gcloud', 'dataproc', 'clusters', 'delete']
2016-11-09 14:18:23,720 DEBUG    root            Loaded Command Group: ['gcloud', 'dataproc', 'jobs']
2016-11-09 14:18:23,724 DEBUG    root            Loaded Command Group: ['gcloud', 'dataproc', 'jobs', 'kill']
2016-11-09 14:18:23,727 DEBUG    root            Loaded Command Group: ['gcloud', 'dataproc', 'jobs', 'wait']
2016-11-09 14:18:23,729 DEBUG    root            Loaded Command Group: ['gcloud', 'dataproc', 'jobs', 'describe']
2016-11-09 14:18:23,743 DEBUG    root            Loaded Command Group: ['gcloud', 'dataproc', 'jobs', 'list']
2016-11-09 14:18:23,755 DEBUG    root            Loaded Command Group: ['gcloud', 'dataproc', 'jobs', 'submit']
2016-11-09 14:18:23,771 DEBUG    root            Loaded Command Group: ['gcloud', 'dataproc', 'jobs', 'submit', 'pyspark']
2016-11-09 14:18:23,786 DEBUG    root            Loaded Command Group: ['gcloud', 'dataproc', 'jobs', 'submit', 'spark']
2016-11-09 14:18:23,801 DEBUG    root            Loaded Command Group: ['gcloud', 'dataproc', 'jobs', 'submit', 'pig']
2016-11-09 14:18:23,815 DEBUG    root            Loaded Command Group: ['gcloud', 'dataproc', 'jobs', 'submit', 'hadoop']
2016-11-09 14:18:23,830 DEBUG    root            Loaded Command Group: ['gcloud', 'dataproc', 'jobs', 'submit', 'hive']
2016-11-09 14:18:23,845 DEBUG    root            Loaded Command Group: ['gcloud', 'dataproc', 'jobs', 'submit', 'spark_sql']
2016-11-09 14:18:23,849 DEBUG    root            Loaded Command Group: ['gcloud', 'dataproc', 'jobs', 'delete']
2016-11-09 14:18:23,860 DEBUG    root            No implementation for release track [GA] in file: [/data/data/com.termux/files/usr/google-cloud-sdk/lib/surface/emulators/__init__.pyc]
2016-11-09 14:18:23,871 DEBUG    root            Loaded Command Group: ['gcloud', 'auth']
2016-11-09 14:18:23,875 DEBUG    root            Loaded Command Group: ['gcloud', 'auth', 'activate_refresh_token']
2016-11-09 14:18:23,878 DEBUG    root            Loaded Command Group: ['gcloud', 'auth', 'revoke']
2016-11-09 14:18:23,882 DEBUG    root            Loaded Command Group: ['gcloud', 'auth', 'print_refresh_token']
2016-11-09 14:18:23,886 DEBUG    root            Loaded Command Group: ['gcloud', 'auth', 'list']
2016-11-09 14:18:23,892 DEBUG    root            Loaded Command Group: ['gcloud', 'auth', 'git_helper']
2016-11-09 14:18:23,896 DEBUG    root            Loaded Command Group: ['gcloud', 'auth', 'login']
2016-11-09 14:18:23,903 DEBUG    root            Loaded Command Group: ['gcloud', 'auth', 'activate_service_account']
2016-11-09 14:18:23,907 DEBUG    root            Loaded Command Group: ['gcloud', 'auth', 'print_access_token']
2016-11-09 14:18:23,920 DEBUG    root            Loaded Command Group: ['gcloud', 'auth', 'application_default']
2016-11-09 14:18:23,924 DEBUG    root            Loaded Command Group: ['gcloud', 'auth', 'application-default', 'login']
2016-11-09 14:18:23,928 DEBUG    root            Loaded Command Group: ['gcloud', 'auth', 'application-default', 'revoke']
2016-11-09 14:18:23,932 DEBUG    root            Loaded Command Group: ['gcloud', 'auth', 'application-default', 'print_access_token']
2016-11-09 14:18:23,951 DEBUG    root            Loaded Command Group: ['gcloud', 'sql']
2016-11-09 14:18:23,971 DEBUG    root            Loaded Command Group: ['gcloud', 'sql', 'operations']
2016-11-09 14:18:23,988 DEBUG    root            Loaded Command Group: ['gcloud', 'sql', 'operations', 'describe']
2016-11-09 14:18:24,004 DEBUG    root            Loaded Command Group: ['gcloud', 'sql', 'operations', 'list']
2016-11-09 14:18:24,020 DEBUG    root            Loaded Command Group: ['gcloud', 'sql', 'operations', 'wait']
2016-11-09 14:18:24,032 DEBUG    root            Loaded Command Group: ['gcloud', 'sql', 'instances']
2016-11-09 14:18:24,048 DEBUG    root            Loaded Command Group: ['gcloud', 'sql', 'instances', 'reset_ssl_config']
2016-11-09 14:18:24,064 DEBUG    root            Loaded Command Group: ['gcloud', 'sql', 'instances', 'promote_replica']
2016-11-09 14:18:24,079 DEBUG    root            Loaded Command Group: ['gcloud', 'sql', 'instances', 'clone']
2016-11-09 14:18:24,094 DEBUG    root            Loaded Command Group: ['gcloud', 'sql', 'instances', 'describe']
2016-11-09 14:18:24,113 DEBUG    root            Loaded Command Group: ['gcloud', 'sql', 'instances', 'list']
2016-11-09 14:18:24,142 DEBUG    root            Loaded Command Group: ['gcloud', 'sql', 'instances', 'patch']
2016-11-09 14:18:24,149 DEBUG    root            Loaded Command Group: ['gcloud', 'sql', 'instances', 'restore_backup']
2016-11-09 14:18:24,167 DEBUG    root            Loaded Command Group: ['gcloud', 'sql', 'instances', 'export']
2016-11-09 14:18:24,172 DEBUG    root            Loaded Command Group: ['gcloud', 'sql', 'instances', 'set_root_password']
2016-11-09 14:18:24,176 DEBUG    root            Loaded Command Group: ['gcloud', 'sql', 'instances', 'import']
2016-11-09 14:18:24,193 DEBUG    root            Loaded Command Group: ['gcloud', 'sql', 'instances', 'create']
2016-11-09 14:18:24,199 DEBUG    root            No implementation for release track [GA] in file: [/data/data/com.termux/files/usr/google-cloud-sdk/lib/surface/sql/instances/failover.pyc]
2016-11-09 14:18:24,213 DEBUG    root            Loaded Command Group: ['gcloud', 'sql', 'instances', 'restart']
2016-11-09 14:18:24,217 DEBUG    root            Loaded Command Group: ['gcloud', 'sql', 'instances', 'delete']
2016-11-09 14:18:24,229 DEBUG    root            Loaded Command Group: ['gcloud', 'sql', 'tiers']
2016-11-09 14:18:24,245 DEBUG    root            Loaded Command Group: ['gcloud', 'sql', 'tiers', 'list']
2016-11-09 14:18:24,258 DEBUG    root            Loaded Command Group: ['gcloud', 'sql', 'flags']
2016-11-09 14:18:24,274 DEBUG    root            Loaded Command Group: ['gcloud', 'sql', 'flags', 'list']
2016-11-09 14:18:24,287 DEBUG    root            No implementation for release track [GA] in file: [/data/data/com.termux/files/usr/google-cloud-sdk/lib/surface/sql/users/__init__.pyc]
2016-11-09 14:18:24,297 DEBUG    root            Loaded Command Group: ['gcloud', 'sql', 'backups']
2016-11-09 14:18:24,301 DEBUG    root            No implementation for release track [GA] in file: [/data/data/com.termux/files/usr/google-cloud-sdk/lib/surface/sql/backups/restore.pyc]
2016-11-09 14:18:24,302 DEBUG    root            No implementation for release track [GA] in file: [/data/data/com.termux/files/usr/google-cloud-sdk/lib/surface/sql/backups/create.pyc]
2016-11-09 14:18:24,303 DEBUG    root            Loaded Command Group: ['gcloud', 'sql', 'backups', 'describe']
2016-11-09 14:18:24,320 DEBUG    root            Loaded Command Group: ['gcloud', 'sql', 'backups', 'list']
2016-11-09 14:18:24,336 DEBUG    root            Loaded Command Group: ['gcloud', 'sql', 'ssl_certs']
2016-11-09 14:18:24,354 DEBUG    root            Loaded Command Group: ['gcloud', 'sql', 'ssl-certs', 'create']
2016-11-09 14:18:24,370 DEBUG    root            Loaded Command Group: ['gcloud', 'sql', 'ssl-certs', 'describe']
2016-11-09 14:18:24,387 DEBUG    root            Loaded Command Group: ['gcloud', 'sql', 'ssl-certs', 'list']
2016-11-09 14:18:24,405 DEBUG    root            Loaded Command Group: ['gcloud', 'sql', 'ssl-certs', 'delete']
2016-11-09 14:18:24,410 DEBUG    root            No implementation for release track [GA] in file: [/data/data/com.termux/files/usr/google-cloud-sdk/lib/surface/sql/connect.pyc]
2016-11-09 14:18:24,423 DEBUG    root            No implementation for release track [GA] in file: [/data/data/com.termux/files/usr/google-cloud-sdk/lib/surface/logging/__init__.pyc]
2016-11-09 14:18:24,443 DEBUG    root            No implementation for release track [GA] in file: [/data/data/com.termux/files/usr/google-cloud-sdk/lib/surface/bigtable/__init__.pyc]
2016-11-09 14:18:24,453 DEBUG    root            No implementation for release track [GA] in file: [/data/data/com.termux/files/usr/google-cloud-sdk/lib/surface/resource_manager/__init__.pyc]
2016-11-09 14:18:24,463 DEBUG    root            No implementation for release track [GA] in file: [/data/data/com.termux/files/usr/google-cloud-sdk/lib/surface/organizations/__init__.pyc]
2016-11-09 14:18:24,473 DEBUG    root            Loaded Command Group: ['gcloud', 'compute']
2016-11-09 14:18:24,489 DEBUG    root            Loaded Command Group: ['gcloud', 'compute', 'operations']
2016-11-09 14:18:24,494 DEBUG    root            Loaded Command Group: ['gcloud', 'compute', 'operations', 'describe']
2016-11-09 14:18:24,499 DEBUG    root            Loaded Command Group: ['gcloud', 'compute', 'operations', 'list']
2016-11-09 14:18:24,513 DEBUG    root            Loaded Command Group: ['gcloud', 'compute', 'disks']
2016-11-09 14:18:24,518 DEBUG    root            Loaded Command Group: ['gcloud', 'compute', 'disks', 'move']
2016-11-09 14:18:24,523 DEBUG    root            Loaded Command Group: ['gcloud', 'compute', 'disks', 'snapshot']
2016-11-09 14:18:24,528 DEBUG    root            Loaded Command Group: ['gcloud', 'compute', 'disks', 'create']
2016-11-09 14:18:24,533 DEBUG    root            Loaded Command Group: ['gcloud', 'compute', 'disks', 'describe']
2016-11-09 14:18:24,536 DEBUG    root            Loaded Command Group: ['gcloud', 'compute', 'disks', 'list']
2016-11-09 14:18:24,541 DEBUG    root            Loaded Command Group: ['gcloud', 'compute', 'disks', 'resize']
2016-11-09 14:18:24,544 DEBUG    root            Loaded Command Group: ['gcloud', 'compute', 'disks', 'delete']
2016-11-09 14:18:24,561 DEBUG    root            Loaded Command Group: ['gcloud', 'compute', 'addresses']
2016-11-09 14:18:24,566 DEBUG    root            Loaded Command Group: ['gcloud', 'compute', 'addresses', 'create']
2016-11-09 14:18:24,570 DEBUG    root            Loaded Command Group: ['gcloud', 'compute', 'addresses', 'describe']
2016-11-09 14:18:24,574 DEBUG    root            Loaded Command Group: ['gcloud', 'compute', 'addresses', 'list']
2016-11-09 14:18:24,580 DEBUG    root            Loaded Command Group: ['gcloud', 'compute', 'addresses', 'delete']
2016-11-09 14:18:24,596 DEBUG    root            Loaded Command Group: ['gcloud', 'compute', 'target_ssl_proxies']
2016-11-09 14:18:24,601 DEBUG    root            Loaded Command Group: ['gcloud', 'compute', 'target-ssl-proxies', 'create']
2016-11-09 14:18:24,604 DEBUG    root            Loaded Command Group: ['gcloud', 'compute', 'target-ssl-proxies', 'describe']
2016-11-09 14:18:24,607 DEBUG    root            Loaded Command Group: ['gcloud', 'compute', 'target-ssl-proxies', 'list']
2016-11-09 14:18:24,611 DEBUG    root            Loaded Command Group: ['gcloud', 'compute', 'target-ssl-proxies', 'update']
2016-11-09 14:18:24,614 DEBUG    root            Loaded Command Group: ['gcloud', 'compute', 'target-ssl-proxies', 'delete']
2016-11-09 14:18:24,628 DEBUG    root            Loaded Command Group: ['gcloud', 'compute', 'snapshots']
2016-11-09 14:18:24,632 DEBUG    root            Loaded Command Group: ['gcloud', 'compute', 'snapshots', 'describe']
2016-11-09 14:18:24,635 DEBUG    root            Loaded Command Group: ['gcloud', 'compute', 'snapshots', 'list']
2016-11-09 14:18:24,639 DEBUG    root            Loaded Command Group: ['gcloud', 'compute', 'snapshots', 'delete']
2016-11-09 14:18:24,653 DEBUG    root            Loaded Command Group: ['gcloud', 'compute', 'disk_types']
2016-11-09 14:18:24,657 DEBUG    root            Loaded Command Group: ['gcloud', 'compute', 'disk-types', 'describe']
2016-11-09 14:18:24,661 DEBUG    root            Loaded Command Group: ['gcloud', 'compute', 'disk-types', 'list']
2016-11-09 14:18:24,679 DEBUG    root            Loaded Command Group: ['gcloud', 'compute', 'zones']
2016-11-09 14:18:24,683 DEBUG    root            Loaded Command Group: ['gcloud', 'compute', 'zones', 'describe']
2016-11-09 14:18:24,687 DEBUG    root            Loaded Command Group: ['gcloud', 'compute', 'zones', 'list']
2016-11-09 14:18:24,701 DEBUG    root            Loaded Command Group: ['gcloud', 'compute', 'instances']
2016-11-09 14:18:24,722 DEBUG    root            Loaded Command Group: ['gcloud', 'compute', 'instances', 'tail_serial_port_output']
2016-11-09 14:18:24,726 DEBUG    root            No implementation for release track [GA] in file: [/data/data/com.termux/files/usr/google-cloud-sdk/lib/surface/compute/instances/suspend.pyc]
2016-11-09 14:18:24,727 DEBUG    root            Loaded Command Group: ['gcloud', 'compute', 'instances', 'delete_access_config']
2016-11-09 14:18:24,731 DEBUG    root            Loaded Command Group: ['gcloud', 'compute', 'instances', 'detach_disk']
2016-11-09 14:18:24,735 DEBUG    root            Loaded Command Group: ['gcloud', 'compute', 'instances', 'move']
2016-11-09 14:18:24,739 DEBUG    root            Loaded Command Group: ['gcloud', 'compute', 'instances', 'stop']
2016-11-09 14:18:24,744 DEBUG    root            No implementation for release track [GA] in file: [/data/data/com.termux/files/usr/google-cloud-sdk/lib/surface/compute/instances/create_from_container.pyc]
2016-11-09 14:18:24,744 DEBUG    root            Loaded Command Group: ['gcloud', 'compute', 'instances', 'set_scheduling']
2016-11-09 14:18:24,748 DEBUG    root            Loaded Command Group: ['gcloud', 'compute', 'instances', 'add_metadata']
2016-11-09 14:18:24,753 DEBUG    root            No implementation for release track [GA] in file: [/data/data/com.termux/files/usr/google-cloud-sdk/lib/surface/compute/instances/set_iam_policy.pyc]
2016-11-09 14:18:24,754 DEBUG    root            Loaded Command Group: ['gcloud', 'compute', 'instances', 'remove_metadata']
2016-11-09 14:18:24,758 DEBUG    root            Loaded Command Group: ['gcloud', 'compute', 'instances', 'reset']
2016-11-09 14:18:24,766 DEBUG    root            Loaded Command Group: ['gcloud', 'compute', 'instances', 'set_machine_type']
2016-11-09 14:18:24,770 DEBUG    root            Loaded Command Group: ['gcloud', 'compute', 'instances', 'attach_disk']
2016-11-09 14:18:24,774 DEBUG    root            Loaded Command Group: ['gcloud', 'compute', 'instances', 'set_disk_auto_delete']
2016-11-09 14:18:24,779 DEBUG    root            Loaded Command Group: ['gcloud', 'compute', 'instances', 'create']
2016-11-09 14:18:24,787 DEBUG    root            Loaded Command Group: ['gcloud', 'compute', 'instances', 'add_tags']
2016-11-09 14:18:24,790 DEBUG    root            Loaded Command Group: ['gcloud', 'compute', 'instances', 'list']
2016-11-09 14:18:24,794 DEBUG    root            Loaded Command Group: ['gcloud', 'compute', 'instances', 'describe']
2016-11-09 14:18:24,814 DEBUG    root            Loaded Command Group: ['gcloud', 'compute', 'instances', 'get_serial_port_output']
2016-11-09 14:18:24,834 DEBUG    root            Loaded Command Group: ['gcloud', 'compute', 'instances', 'start']
2016-11-09 14:18:24,838 DEBUG    root            No implementation for release track [GA] in file: [/data/data/com.termux/files/usr/google-cloud-sdk/lib/surface/compute/instances/get_iam_policy.pyc]
2016-11-09 14:18:24,839 DEBUG    root            No implementation for release track [GA] in file: [/data/data/com.termux/files/usr/google-cloud-sdk/lib/surface/compute/instances/set_scopes.pyc]
2016-11-09 14:18:24,840 DEBUG    root            Loaded Command Group: ['gcloud', 'compute', 'instances', 'remove_tags']
2016-11-09 14:18:24,844 DEBUG    root            Loaded Command Group: ['gcloud', 'compute', 'instances', 'add_access_config']
2016-11-09 14:18:24,848 DEBUG    root            Loaded Command Group: ['gcloud', 'compute', 'instances', 'delete']
2016-11-09 14:18:24,864 DEBUG    root            Loaded Command Group: ['gcloud', 'compute', 'instance_groups']
2016-11-09 14:18:24,871 DEBUG    root            Loaded Command Group: ['gcloud', 'compute', 'instance-groups', 'set_named_ports']
2016-11-09 14:18:24,876 DEBUG    root            Loaded Command Group: ['gcloud', 'compute', 'instance-groups', 'list']
2016-11-09 14:18:24,893 DEBUG    root            Loaded Command Group: ['gcloud', 'compute', 'instance-groups', 'managed']
2016-11-09 14:18:24,899 DEBUG    root            Loaded Command Group: ['gcloud', 'compute', 'instance-groups', 'managed', 'set_autoscaling']
2016-11-09 14:18:24,905 DEBUG    root            Loaded Command Group: ['gcloud', 'compute', 'instance-groups', 'managed', 'describe']
2016-11-09 14:18:24,909 DEBUG    root            Loaded Command Group: ['gcloud', 'compute', 'instance-groups', 'managed', 'recreate_instances']
2016-11-09 14:18:24,914 DEBUG    root            Loaded Command Group: ['gcloud', 'compute', 'instance-groups', 'managed', 'list_instances']
2016-11-09 14:18:24,921 DEBUG    root            Loaded Command Group: ['gcloud', 'compute', 'instance-groups', 'managed', 'abandon_instances']
2016-11-09 14:18:24,926 DEBUG    root            Loaded Command Group: ['gcloud', 'compute', 'instance-groups', 'managed', 'delete_instances']
2016-11-09 14:18:24,930 DEBUG    root            Loaded Command Group: ['gcloud', 'compute', 'instance-groups', 'managed', 'resize']
2016-11-09 14:18:24,935 DEBUG    root            Loaded Command Group: ['gcloud', 'compute', 'instance-groups', 'managed', 'set_named_ports']
2016-11-09 14:18:24,940 DEBUG    root            No implementation for release track [GA] in file: [/data/data/com.termux/files/usr/google-cloud-sdk/lib/surface/compute/instance_groups/managed/set_autohealing.pyc]
2016-11-09 14:18:24,941 DEBUG    root            Loaded Command Group: ['gcloud', 'compute', 'instance-groups', 'managed', 'create']
2016-11-09 14:18:24,946 DEBUG    root            Loaded Command Group: ['gcloud', 'compute', 'instance-groups', 'managed', 'list']
2016-11-09 14:18:24,950 DEBUG    root            Loaded Command Group: ['gcloud', 'compute', 'instance-groups', 'managed', 'stop_autoscaling']
2016-11-09 14:18:24,960 DEBUG    root            Loaded Command Group: ['gcloud', 'compute', 'instance-groups', 'managed', 'wait_until_stable']
2016-11-09 14:18:24,965 DEBUG    root            No implementation for release track [GA] in file: [/data/data/com.termux/files/usr/google-cloud-sdk/lib/surface/compute/instance_groups/managed/update_instances.pyc]
2016-11-09 14:18:24,966 DEBUG    root            Loaded Command Group: ['gcloud', 'compute', 'instance-groups', 'managed', 'set_target_pools']
2016-11-09 14:18:24,971 DEBUG    root            No implementation for release track [GA] in file: [/data/data/com.termux/files/usr/google-cloud-sdk/lib/surface/compute/instance_groups/managed/stop_proactive_update_instances.pyc]
2016-11-09 14:18:24,972 DEBUG    root            Loaded Command Group: ['gcloud', 'compute', 'instance-groups', 'managed', 'set_instance_template']
2016-11-09 14:18:24,976 DEBUG    root            Loaded Command Group: ['gcloud', 'compute', 'instance-groups', 'managed', 'get_named_ports']
2016-11-09 14:18:24,980 DEBUG    root            Loaded Command Group: ['gcloud', 'compute', 'instance-groups', 'managed', 'delete']
2016-11-09 14:18:24,998 DEBUG    root            Loaded Command Group: ['gcloud', 'compute', 'instance-groups', 'unmanaged']
2016-11-09 14:18:25,003 DEBUG    root            Loaded Command Group: ['gcloud', 'compute', 'instance-groups', 'unmanaged', 'set_named_ports']
2016-11-09 14:18:25,007 DEBUG    root            Loaded Command Group: ['gcloud', 'compute', 'instance-groups', 'unmanaged', 'remove_instances']
2016-11-09 14:18:25,010 DEBUG    root            Loaded Command Group: ['gcloud', 'compute', 'instance-groups', 'unmanaged', 'create']
2016-11-09 14:18:25,014 DEBUG    root            Loaded Command Group: ['gcloud', 'compute', 'instance-groups', 'unmanaged', 'describe']
2016-11-09 14:18:25,017 DEBUG    root            Loaded Command Group: ['gcloud', 'compute', 'instance-groups', 'unmanaged', 'list']
2016-11-09 14:18:25,022 DEBUG    root            Loaded Command Group: ['gcloud', 'compute', 'instance-groups', 'unmanaged', 'list_instances']
2016-11-09 14:18:25,026 DEBUG    root            Loaded Command Group: ['gcloud', 'compute', 'instance-groups', 'unmanaged', 'add_instances']
2016-11-09 14:18:25,030 DEBUG    root            Loaded Command Group: ['gcloud', 'compute', 'instance-groups', 'unmanaged', 'get_named_ports']
2016-11-09 14:18:25,034 DEBUG    root            Loaded Command Group: ['gcloud', 'compute', 'instance-groups', 'unmanaged', 'delete']
2016-11-09 14:18:25,037 DEBUG    root            Loaded Command Group: ['gcloud', 'compute', 'instance-groups', 'describe']
2016-11-09 14:18:25,041 DEBUG    root            Loaded Command Group: ['gcloud', 'compute', 'instance-groups', 'get_named_ports']
2016-11-09 14:18:25,046 DEBUG    root            Loaded Command Group: ['gcloud', 'compute', 'instance-groups', 'list_instances']
2016-11-09 14:18:25,064 DEBUG    root            Loaded Command Group: ['gcloud', 'compute', 'images']
2016-11-09 14:18:25,070 DEBUG    root            Loaded Command Group: ['gcloud', 'compute', 'images', 'deprecate']
2016-11-09 14:18:25,074 DEBUG    root            Loaded Command Group: ['gcloud', 'compute', 'images', 'create']
2016-11-09 14:18:25,079 DEBUG    root            Loaded Command Group: ['gcloud', 'compute', 'images', 'describe']
2016-11-09 14:18:25,082 DEBUG    root            Loaded Command Group: ['gcloud', 'compute', 'images', 'list']
2016-11-09 14:18:25,087 DEBUG    root            Loaded Command Group: ['gcloud', 'compute', 'images', 'describe_from_family']
2016-11-09 14:18:25,090 DEBUG    root            Loaded Command Group: ['gcloud', 'compute', 'images', 'delete']
2016-11-09 14:18:25,106 DEBUG    root            Loaded Command Group: ['gcloud', 'compute', 'networks']
2016-11-09 14:18:25,124 DEBUG    root            Loaded Command Group: ['gcloud', 'compute', 'networks', 'subnets']
2016-11-09 14:18:25,131 DEBUG    root            Loaded Command Group: ['gcloud', 'compute', 'networks', 'subnets', 'create']
2016-11-09 14:18:25,137 DEBUG    root            Loaded Command Group: ['gcloud', 'compute', 'networks', 'subnets', 'describe']
2016-11-09 14:18:25,142 DEBUG    root            Loaded Command Group: ['gcloud', 'compute', 'networks', 'subnets', 'list']
2016-11-09 14:18:25,146 DEBUG    root            No implementation for release track [GA] in file: [/data/data/com.termux/files/usr/google-cloud-sdk/lib/surface/compute/networks/subnets/update.pyc]
2016-11-09 14:18:25,147 DEBUG    root            No implementation for release track [GA] in file: [/data/data/com.termux/files/usr/google-cloud-sdk/lib/surface/compute/networks/subnets/get_iam_policy.pyc]
2016-11-09 14:18:25,148 DEBUG    root            No implementation for release track [GA] in file: [/data/data/com.termux/files/usr/google-cloud-sdk/lib/surface/compute/networks/subnets/set_iam_policy.pyc]
2016-11-09 14:18:25,149 DEBUG    root            No implementation for release track [GA] in file: [/data/data/com.termux/files/usr/google-cloud-sdk/lib/surface/compute/networks/subnets/expand_ip_range.pyc]
2016-11-09 14:18:25,156 DEBUG    root            Loaded Command Group: ['gcloud', 'compute', 'networks', 'subnets', 'delete']
2016-11-09 14:18:25,161 DEBUG    root            No implementation for release track [GA] in file: [/data/data/com.termux/files/usr/google-cloud-sdk/lib/surface/compute/networks/switch_mode.pyc]
2016-11-09 14:18:25,162 DEBUG    root            Loaded Command Group: ['gcloud', 'compute', 'networks', 'create']
2016-11-09 14:18:25,166 DEBUG    root            Loaded Command Group: ['gcloud', 'compute', 'networks', 'describe']
2016-11-09 14:18:25,171 DEBUG    root            Loaded Command Group: ['gcloud', 'compute', 'networks', 'list']
2016-11-09 14:18:25,336 DEBUG    root            Loaded Command Group: ['gcloud', 'compute', 'networks', 'delete']
2016-11-09 14:18:25,344 DEBUG    root            No implementation for release track [GA] in file: [/data/data/com.termux/files/usr/google-cloud-sdk/lib/surface/compute/connect_to_serial_port.pyc]
2016-11-09 14:18:25,367 DEBUG    root            No implementation for release track [GA] in file: [/data/data/com.termux/files/usr/google-cloud-sdk/lib/surface/compute/xpn/__init__.pyc]
2016-11-09 14:18:25,382 DEBUG    root            Loaded Command Group: ['gcloud', 'compute', 'backend_services']
2016-11-09 14:18:25,390 DEBUG    root            Loaded Command Group: ['gcloud', 'compute', 'backend-services', 'remove_backend']
2016-11-09 14:18:25,419 DEBUG    root            Loaded Command Group: ['gcloud', 'compute', 'backend-services', 'edit']
2016-11-09 14:18:25,424 DEBUG    root            Loaded Command Group: ['gcloud', 'compute', 'backend-services', 'create']
2016-11-09 14:18:25,430 DEBUG    root            Loaded Command Group: ['gcloud', 'compute', 'backend-services', 'describe']
2016-11-09 14:18:25,435 DEBUG    root            Loaded Command Group: ['gcloud', 'compute', 'backend-services', 'list']
2016-11-09 14:18:25,439 DEBUG    root            Loaded Command Group: ['gcloud', 'compute', 'backend-services', 'update']
2016-11-09 14:18:25,446 DEBUG    root            Loaded Command Group: ['gcloud', 'compute', 'backend-services', 'get_health']
2016-11-09 14:18:25,450 DEBUG    root            Loaded Command Group: ['gcloud', 'compute', 'backend-services', 'update_backend']
2016-11-09 14:18:25,457 DEBUG    root            Loaded Command Group: ['gcloud', 'compute', 'backend-services', 'add_backend']
2016-11-09 14:18:25,463 DEBUG    root            Loaded Command Group: ['gcloud', 'compute', 'backend-services', 'delete']
2016-11-09 14:18:25,482 DEBUG    root            Loaded Command Group: ['gcloud', 'compute', 'ssl_certificates']
2016-11-09 14:18:25,487 DEBUG    root            Loaded Command Group: ['gcloud', 'compute', 'ssl-certificates', 'create']
2016-11-09 14:18:25,490 DEBUG    root            Loaded Command Group: ['gcloud', 'compute', 'ssl-certificates', 'describe']
2016-11-09 14:18:25,493 DEBUG    root            Loaded Command Group: ['gcloud', 'compute', 'ssl-certificates', 'list']
2016-11-09 14:18:25,497 DEBUG    root            Loaded Command Group: ['gcloud', 'compute', 'ssl-certificates', 'delete']
2016-11-09 14:18:25,541 DEBUG    root            Loaded Command Group: ['gcloud', 'compute', 'copy_files']
2016-11-09 14:18:25,552 DEBUG    root            Loaded Command Group: ['gcloud', 'compute', 'reset_windows_password']
2016-11-09 14:18:25,571 DEBUG    root            Loaded Command Group: ['gcloud', 'compute', 'regions']
2016-11-09 14:18:25,576 DEBUG    root            Loaded Command Group: ['gcloud', 'compute', 'regions', 'describe']
2016-11-09 14:18:25,590 DEBUG    root            Loaded Command Group: ['gcloud', 'compute', 'regions', 'list']
2016-11-09 14:18:25,617 DEBUG    root            Loaded Command Group: ['gcloud', 'compute', 'forwarding_rules']
2016-11-09 14:18:25,624 DEBUG    root            Loaded Command Group: ['gcloud', 'compute', 'forwarding-rules', 'create']
2016-11-09 14:18:25,629 DEBUG    root            Loaded Command Group: ['gcloud', 'compute', 'forwarding-rules', 'describe']
2016-11-09 14:18:25,633 DEBUG    root            Loaded Command Group: ['gcloud', 'compute', 'forwarding-rules', 'list']
2016-11-09 14:18:25,638 DEBUG    root            Loaded Command Group: ['gcloud', 'compute', 'forwarding-rules', 'set_target']
2016-11-09 14:18:25,644 DEBUG    root            Loaded Command Group: ['gcloud', 'compute', 'forwarding-rules', 'delete']
2016-11-09 14:18:25,674 DEBUG    root            Loaded Command Group: ['gcloud', 'compute', 'target_pools']
2016-11-09 14:18:25,694 DEBUG    root            Loaded Command Group: ['gcloud', 'compute', 'target-pools', 'set_backup']
2016-11-09 14:18:25,702 DEBUG    root            Loaded Command Group: ['gcloud', 'compute', 'target-pools', 'create']
2016-11-09 14:18:25,710 DEBUG    root            Loaded Command Group: ['gcloud', 'compute', 'target-pools', 'describe']
2016-11-09 14:18:25,721 DEBUG    root            Loaded Command Group: ['gcloud', 'compute', 'target-pools', 'list']
2016-11-09 14:18:25,725 DEBUG    root            Loaded Command Group: ['gcloud', 'compute', 'target-pools', 'remove_health_checks']
2016-11-09 14:18:25,729 DEBUG    root            Loaded Command Group: ['gcloud', 'compute', 'target-pools', 'remove_instances']
2016-11-09 14:18:25,734 DEBUG    root            Loaded Command Group: ['gcloud', 'compute', 'target-pools', 'add_instances']
2016-11-09 14:18:25,738 DEBUG    root            Loaded Command Group: ['gcloud', 'compute', 'target-pools', 'get_health']
2016-11-09 14:18:25,743 DEBUG    root            Loaded Command Group: ['gcloud', 'compute', 'target-pools', 'add_health_checks']
2016-11-09 14:18:25,747 DEBUG    root            Loaded Command Group: ['gcloud', 'compute', 'target-pools', 'delete']
2016-11-09 14:18:25,767 DEBUG    root            Loaded Command Group: ['gcloud', 'compute', 'http_health_checks']
2016-11-09 14:18:25,771 DEBUG    root            Loaded Command Group: ['gcloud', 'compute', 'http-health-checks', 'create']
2016-11-09 14:18:25,776 DEBUG    root            Loaded Command Group: ['gcloud', 'compute', 'http-health-checks', 'describe']
2016-11-09 14:18:25,779 DEBUG    root            Loaded Command Group: ['gcloud', 'compute', 'http-health-checks', 'list']
2016-11-09 14:18:25,783 DEBUG    root            Loaded Command Group: ['gcloud', 'compute', 'http-health-checks', 'update']
2016-11-09 14:18:25,787 DEBUG    root            Loaded Command Group: ['gcloud', 'compute', 'http-health-checks', 'delete']
2016-11-09 14:18:25,806 DEBUG    root            Loaded Command Group: ['gcloud', 'compute', 'target_vpn_gateways']
2016-11-09 14:18:25,815 DEBUG    root            Loaded Command Group: ['gcloud', 'compute', 'target-vpn-gateways', 'create']
2016-11-09 14:18:25,820 DEBUG    root            Loaded Command Group: ['gcloud', 'compute', 'target-vpn-gateways', 'describe']
2016-11-09 14:18:25,823 DEBUG    root            Loaded Command Group: ['gcloud', 'compute', 'target-vpn-gateways', 'list']
2016-11-09 14:18:25,827 DEBUG    root            Loaded Command Group: ['gcloud', 'compute', 'target-vpn-gateways', 'delete']
2016-11-09 14:18:25,847 DEBUG    root            Loaded Command Group: ['gcloud', 'compute', 'target_http_proxies']
2016-11-09 14:18:25,852 DEBUG    root            Loaded Command Group: ['gcloud', 'compute', 'target-http-proxies', 'create']
2016-11-09 14:18:25,855 DEBUG    root            Loaded Command Group: ['gcloud', 'compute', 'target-http-proxies', 'describe']
2016-11-09 14:18:25,858 DEBUG    root            Loaded Command Group: ['gcloud', 'compute', 'target-http-proxies', 'list']
2016-11-09 14:18:25,863 DEBUG    root            Loaded Command Group: ['gcloud', 'compute', 'target-http-proxies', 'update']
2016-11-09 14:18:25,866 DEBUG    root            Loaded Command Group: ['gcloud', 'compute', 'target-http-proxies', 'delete']
2016-11-09 14:18:25,885 DEBUG    root            No implementation for release track [GA] in file: [/data/data/com.termux/files/usr/google-cloud-sdk/lib/surface/compute/users/__init__.pyc]
2016-11-09 14:18:25,903 DEBUG    root            Loaded Command Group: ['gcloud', 'compute', 'firewall_rules']
2016-11-09 14:18:25,910 DEBUG    root            Loaded Command Group: ['gcloud', 'compute', 'firewall-rules', 'create']
2016-11-09 14:18:25,914 DEBUG    root            Loaded Command Group: ['gcloud', 'compute', 'firewall-rules', 'describe']
2016-11-09 14:18:25,919 DEBUG    root            Loaded Command Group: ['gcloud', 'compute', 'firewall-rules', 'list']
2016-11-09 14:18:25,923 DEBUG    root            Loaded Command Group: ['gcloud', 'compute', 'firewall-rules', 'update']
2016-11-09 14:18:25,928 DEBUG    root            Loaded Command Group: ['gcloud', 'compute', 'firewall-rules', 'delete']
2016-11-09 14:18:25,948 DEBUG    root            Loaded Command Group: ['gcloud', 'compute', 'routers']
2016-11-09 14:18:25,954 DEBUG    root            Loaded Command Group: ['gcloud', 'compute', 'routers', 'add_interface']
2016-11-09 14:18:25,980 DEBUG    root            Loaded Command Group: ['gcloud', 'compute', 'routers', 'remove_bgp_peer']
2016-11-09 14:18:26,006 DEBUG    root            Loaded Command Group: ['gcloud', 'compute', 'routers', 'update_bgp_peer']
2016-11-09 14:18:26,011 DEBUG    root            Loaded Command Group: ['gcloud', 'compute', 'routers', 'create']
2016-11-09 14:18:26,015 DEBUG    root            Loaded Command Group: ['gcloud', 'compute', 'routers', 'describe']
2016-11-09 14:18:26,018 DEBUG    root            Loaded Command Group: ['gcloud', 'compute', 'routers', 'list']
2016-11-09 14:18:26,044 DEBUG    root            Loaded Command Group: ['gcloud', 'compute', 'routers', 'remove_interface']
2016-11-09 14:18:26,052 DEBUG    root            Loaded Command Group: ['gcloud', 'compute', 'routers', 'get_status']
2016-11-09 14:18:26,098 DEBUG    root            Loaded Command Group: ['gcloud', 'compute', 'routers', 'update_interface']
2016-11-09 14:18:26,103 DEBUG    root            Loaded Command Group: ['gcloud', 'compute', 'routers', 'add_bgp_peer']
2016-11-09 14:18:26,107 DEBUG    root            Loaded Command Group: ['gcloud', 'compute', 'routers', 'delete']
2016-11-09 14:18:26,128 DEBUG    root            Loaded Command Group: ['gcloud', 'compute', 'target_https_proxies']
2016-11-09 14:18:26,137 DEBUG    root            Loaded Command Group: ['gcloud', 'compute', 'target-https-proxies', 'create']
2016-11-09 14:18:26,142 DEBUG    root            Loaded Command Group: ['gcloud', 'compute', 'target-https-proxies', 'describe']
2016-11-09 14:18:26,146 DEBUG    root            Loaded Command Group: ['gcloud', 'compute', 'target-https-proxies', 'list']
2016-11-09 14:18:26,150 DEBUG    root            Loaded Command Group: ['gcloud', 'compute', 'target-https-proxies', 'update']
2016-11-09 14:18:26,155 DEBUG    root            Loaded Command Group: ['gcloud', 'compute', 'target-https-proxies', 'delete']
2016-11-09 14:18:26,182 DEBUG    root            Loaded Command Group: ['gcloud', 'compute', 'url_maps']
2016-11-09 14:18:26,188 DEBUG    root            Loaded Command Group: ['gcloud', 'compute', 'url-maps', 'remove_host_rule']
2016-11-09 14:18:26,192 DEBUG    root            Loaded Command Group: ['gcloud', 'compute', 'url-maps', 'invalidate_cdn_cache']
2016-11-09 14:18:26,196 DEBUG    root            Loaded Command Group: ['gcloud', 'compute', 'url-maps', 'list_cdn_cache_invalidations']
2016-11-09 14:18:26,223 DEBUG    root            Loaded Command Group: ['gcloud', 'compute', 'url-maps', 'edit']
2016-11-09 14:18:26,227 DEBUG    root            Loaded Command Group: ['gcloud', 'compute', 'url-maps', 'add_host_rule']
2016-11-09 14:18:26,230 DEBUG    root            Loaded Command Group: ['gcloud', 'compute', 'url-maps', 'describe']
2016-11-09 14:18:26,234 DEBUG    root            Loaded Command Group: ['gcloud', 'compute', 'url-maps', 'list']
2016-11-09 14:18:26,244 DEBUG    root            Loaded Command Group: ['gcloud', 'compute', 'url-maps', 'add_path_matcher']
2016-11-09 14:18:26,252 DEBUG    root            Loaded Command Group: ['gcloud', 'compute', 'url-maps', 'set_default_service']
2016-11-09 14:18:26,258 DEBUG    root            Loaded Command Group: ['gcloud', 'compute', 'url-maps', 'create']
2016-11-09 14:18:26,263 DEBUG    root            Loaded Command Group: ['gcloud', 'compute', 'url-maps', 'remove_path_matcher']
2016-11-09 14:18:26,269 DEBUG    root            Loaded Command Group: ['gcloud', 'compute', 'url-maps', 'delete']
2016-11-09 14:18:26,297 DEBUG    root            Loaded Command Group: ['gcloud', 'compute', 'health_checks']
2016-11-09 14:18:26,329 DEBUG    root            Loaded Command Group: ['gcloud', 'compute', 'health-checks', 'create']
2016-11-09 14:18:26,335 DEBUG    root            Loaded Command Group: ['gcloud', 'compute', 'health-checks', 'create', 'ssl']
2016-11-09 14:18:26,340 DEBUG    root            No implementation for release track [GA] in file: [/data/data/com.termux/files/usr/google-cloud-sdk/lib/surface/compute/health_checks/create/udp.pyc]
2016-11-09 14:18:26,342 DEBUG    root            Loaded Command Group: ['gcloud', 'compute', 'health-checks', 'create', 'http']
2016-11-09 14:18:26,348 DEBUG    root            Loaded Command Group: ['gcloud', 'compute', 'health-checks', 'create', 'https']
2016-11-09 14:18:26,353 DEBUG    root            No implementation for release track [GA] in file: [/data/data/com.termux/files/usr/google-cloud-sdk/lib/surface/compute/health_checks/create/http2.pyc]
2016-11-09 14:18:26,354 DEBUG    root            Loaded Command Group: ['gcloud', 'compute', 'health-checks', 'create', 'tcp']
2016-11-09 14:18:26,359 DEBUG    root            Loaded Command Group: ['gcloud', 'compute', 'health-checks', 'describe']
2016-11-09 14:18:26,392 DEBUG    root            Loaded Command Group: ['gcloud', 'compute', 'health-checks', 'list']
2016-11-09 14:18:26,424 DEBUG    root            Loaded Command Group: ['gcloud', 'compute', 'health-checks', 'update']
2016-11-09 14:18:26,429 DEBUG    root            Loaded Command Group: ['gcloud', 'compute', 'health-checks', 'update', 'ssl']
2016-11-09 14:18:26,434 DEBUG    root            No implementation for release track [GA] in file: [/data/data/com.termux/files/usr/google-cloud-sdk/lib/surface/compute/health_checks/update/udp.pyc]
2016-11-09 14:18:26,436 DEBUG    root            Loaded Command Group: ['gcloud', 'compute', 'health-checks', 'update', 'http']
2016-11-09 14:18:26,441 DEBUG    root            Loaded Command Group: ['gcloud', 'compute', 'health-checks', 'update', 'https']
2016-11-09 14:18:26,446 DEBUG    root            No implementation for release track [GA] in file: [/data/data/com.termux/files/usr/google-cloud-sdk/lib/surface/compute/health_checks/update/http2.pyc]
2016-11-09 14:18:26,447 DEBUG    root            Loaded Command Group: ['gcloud', 'compute', 'health-checks', 'update', 'tcp']
2016-11-09 14:18:26,451 DEBUG    root            Loaded Command Group: ['gcloud', 'compute', 'health-checks', 'delete']
2016-11-09 14:18:26,454 DEBUG    root            Loaded Command Group: ['gcloud', 'compute', 'ssh']
2016-11-09 14:18:26,478 DEBUG    root            No implementation for release track [GA] in file: [/data/data/com.termux/files/usr/google-cloud-sdk/lib/surface/compute/groups/__init__.pyc]
2016-11-09 14:18:26,497 DEBUG    root            Loaded Command Group: ['gcloud', 'compute', 'instance_templates']
2016-11-09 14:18:26,503 DEBUG    root            Loaded Command Group: ['gcloud', 'compute', 'instance-templates', 'create']
2016-11-09 14:18:26,511 DEBUG    root            Loaded Command Group: ['gcloud', 'compute', 'instance-templates', 'describe']
2016-11-09 14:18:26,514 DEBUG    root            Loaded Command Group: ['gcloud', 'compute', 'instance-templates', 'list']
2016-11-09 14:18:26,519 DEBUG    root            No implementation for release track [GA] in file: [/data/data/com.termux/files/usr/google-cloud-sdk/lib/surface/compute/instance_templates/create_from_container.pyc]
2016-11-09 14:18:26,520 DEBUG    root            Loaded Command Group: ['gcloud', 'compute', 'instance-templates', 'delete']
2016-11-09 14:18:26,524 DEBUG    root            Loaded Command Group: ['gcloud', 'compute', 'config_ssh']
2016-11-09 14:18:26,550 DEBUG    root            Loaded Command Group: ['gcloud', 'compute', 'vpn_tunnels']
2016-11-09 14:18:26,601 DEBUG    root            Loaded Command Group: ['gcloud', 'compute', 'vpn-tunnels', 'create']
2016-11-09 14:18:26,607 DEBUG    root            Loaded Command Group: ['gcloud', 'compute', 'vpn-tunnels', 'describe']
2016-11-09 14:18:26,611 DEBUG    root            Loaded Command Group: ['gcloud', 'compute', 'vpn-tunnels', 'list']
2016-11-09 14:18:26,615 DEBUG    root            Loaded Command Group: ['gcloud', 'compute', 'vpn-tunnels', 'delete']
2016-11-09 14:18:26,637 DEBUG    root            Loaded Command Group: ['gcloud', 'compute', 'project_info']
2016-11-09 14:18:26,642 DEBUG    root            Loaded Command Group: ['gcloud', 'compute', 'project-info', 'remove_metadata']
2016-11-09 14:18:26,647 DEBUG    root            No implementation for release track [GA] in file: [/data/data/com.termux/files/usr/google-cloud-sdk/lib/surface/compute/project_info/set_default_service_account.pyc]
2016-11-09 14:18:26,647 DEBUG    root            Loaded Command Group: ['gcloud', 'compute', 'project-info', 'describe']
2016-11-09 14:18:26,651 DEBUG    root            Loaded Command Group: ['gcloud', 'compute', 'project-info', 'set_usage_bucket']
2016-11-09 14:18:26,654 DEBUG    root            Loaded Command Group: ['gcloud', 'compute', 'project-info', 'add_metadata']
2016-11-09 14:18:26,680 DEBUG    root            Loaded Command Group: ['gcloud', 'compute', 'https_health_checks']
2016-11-09 14:18:26,686 DEBUG    root            Loaded Command Group: ['gcloud', 'compute', 'https-health-checks', 'create']
2016-11-09 14:18:26,691 DEBUG    root            Loaded Command Group: ['gcloud', 'compute', 'https-health-checks', 'describe']
2016-11-09 14:18:26,694 DEBUG    root            Loaded Command Group: ['gcloud', 'compute', 'https-health-checks', 'list']
2016-11-09 14:18:26,698 DEBUG    root            Loaded Command Group: ['gcloud', 'compute', 'https-health-checks', 'update']
2016-11-09 14:18:26,702 DEBUG    root            Loaded Command Group: ['gcloud', 'compute', 'https-health-checks', 'delete']
2016-11-09 14:18:26,725 DEBUG    root            No implementation for release track [GA] in file: [/data/data/com.termux/files/usr/google-cloud-sdk/lib/surface/compute/backend_buckets/__init__.pyc]
2016-11-09 14:18:26,775 DEBUG    root            No implementation for release track [GA] in file: [/data/data/com.termux/files/usr/google-cloud-sdk/lib/surface/compute/scp.pyc]
2016-11-09 14:18:26,798 DEBUG    root            Loaded Command Group: ['gcloud', 'compute', 'target_instances']
2016-11-09 14:18:26,803 DEBUG    root            Loaded Command Group: ['gcloud', 'compute', 'target-instances', 'create']
2016-11-09 14:18:26,808 DEBUG    root            Loaded Command Group: ['gcloud', 'compute', 'target-instances', 'describe']
2016-11-09 14:18:26,811 DEBUG    root            Loaded Command Group: ['gcloud', 'compute', 'target-instances', 'list']
2016-11-09 14:18:26,815 DEBUG    root            Loaded Command Group: ['gcloud', 'compute', 'target-instances', 'delete']
2016-11-09 14:18:26,838 DEBUG    root            Loaded Command Group: ['gcloud', 'compute', 'machine_types']
2016-11-09 14:18:26,842 DEBUG    root            Loaded Command Group: ['gcloud', 'compute', 'machine-types', 'describe']
2016-11-09 14:18:26,846 DEBUG    root            Loaded Command Group: ['gcloud', 'compute', 'machine-types', 'list']
2016-11-09 14:18:26,870 DEBUG    root            No implementation for release track [GA] in file: [/data/data/com.termux/files/usr/google-cloud-sdk/lib/surface/compute/rolling_updates/__init__.pyc]
2016-11-09 14:18:26,890 DEBUG    root            Loaded Command Group: ['gcloud', 'compute', 'routes']
2016-11-09 14:18:26,896 DEBUG    root            Loaded Command Group: ['gcloud', 'compute', 'routes', 'create']
2016-11-09 14:18:26,902 DEBUG    root            Loaded Command Group: ['gcloud', 'compute', 'routes', 'describe']
2016-11-09 14:18:26,905 DEBUG    root            Loaded Command Group: ['gcloud', 'compute', 'routes', 'list']
2016-11-09 14:18:26,909 DEBUG    root            Loaded Command Group: ['gcloud', 'compute', 'routes', 'delete']
2016-11-09 14:18:26,936 DEBUG    root            No implementation for release track [GA] in file: [/data/data/com.termux/files/usr/google-cloud-sdk/lib/surface/service_management/__init__.pyc]
2016-11-09 14:18:26,976 DEBUG    root            No implementation for release track [GA] in file: [/data/data/com.termux/files/usr/google-cloud-sdk/lib/surface/dataflow/__init__.pyc]
2016-11-09 14:18:26,996 DEBUG    root            No implementation for release track [GA] in file: [/data/data/com.termux/files/usr/google-cloud-sdk/lib/surface/ml/__init__.pyc]
2016-11-09 14:18:26,998 DEBUG    root            Loaded Command Group: ['gcloud', 'components', 'restore']
2016-11-09 14:18:27,002 DEBUG    root            Loaded Command Group: ['gcloud', 'components', 'list']
2016-11-09 14:18:27,026 DEBUG    root            Loaded Command Group: ['gcloud', 'components', 'repositories']
2016-11-09 14:18:27,030 DEBUG    root            Loaded Command Group: ['gcloud', 'components', 'repositories', 'add']
2016-11-09 14:18:27,033 DEBUG    root            Loaded Command Group: ['gcloud', 'components', 'repositories', 'list']
2016-11-09 14:18:27,037 DEBUG    root            Loaded Command Group: ['gcloud', 'components', 'repositories', 'remove']
2016-11-09 14:18:27,041 DEBUG    root            Loaded Command Group: ['gcloud', 'components', 'update']
2016-11-09 14:18:27,048 DEBUG    root            Loaded Command Group: ['gcloud', 'components', 'remove']
2016-11-09 14:18:27,051 DEBUG    root            Loaded Command Group: ['gcloud', 'components', 'install']
2016-11-09 14:18:27,054 DEBUG    root            Loaded Command Group: ['gcloud', 'components', 'copy_bundled_python']
2016-11-09 14:18:27,057 DEBUG    root            Loaded Command Group: ['gcloud', 'components', 'reinstall']
2016-11-09 14:18:27,081 DEBUG    root            No implementation for release track [GA] in file: [/data/data/com.termux/files/usr/google-cloud-sdk/lib/surface/debug/__init__.pyc]
2016-11-09 14:18:27,082 DEBUG    root            Loaded Command Group: ['gcloud', 'docker']
2016-11-09 14:18:27,106 DEBUG    root            Loaded Command Group: ['gcloud', 'deployment_manager']
2016-11-09 14:18:27,130 DEBUG    root            Loaded Command Group: ['gcloud', 'deployment-manager', 'operations']
2016-11-09 14:18:27,141 DEBUG    root            Loaded Command Group: ['gcloud', 'deployment-manager', 'operations', 'describe']
2016-11-09 14:18:27,144 DEBUG    root            Loaded Command Group: ['gcloud', 'deployment-manager', 'operations', 'list']
2016-11-09 14:18:27,149 DEBUG    root            Loaded Command Group: ['gcloud', 'deployment-manager', 'operations', 'wait']
2016-11-09 14:18:27,176 DEBUG    root            Loaded Command Group: ['gcloud', 'deployment-manager', 'types']
2016-11-09 14:18:27,181 DEBUG    root            Loaded Command Group: ['gcloud', 'deployment-manager', 'types', 'list']
2016-11-09 14:18:27,207 DEBUG    root            Loaded Command Group: ['gcloud', 'deployment-manager', 'manifests']
2016-11-09 14:18:27,212 DEBUG    root            Loaded Command Group: ['gcloud', 'deployment-manager', 'manifests', 'describe']
2016-11-09 14:18:27,215 DEBUG    root            Loaded Command Group: ['gcloud', 'deployment-manager', 'manifests', 'list']
2016-11-09 14:18:27,239 DEBUG    root            No implementation for release track [GA] in file: [/data/data/com.termux/files/usr/google-cloud-sdk/lib/surface/deployment_manager/runtime_configs/__init__.pyc]
2016-11-09 14:18:27,260 DEBUG    root            Loaded Command Group: ['gcloud', 'deployment-manager', 'resources']
2016-11-09 14:18:27,265 DEBUG    root            Loaded Command Group: ['gcloud', 'deployment-manager', 'resources', 'describe']
2016-11-09 14:18:27,268 DEBUG    root            Loaded Command Group: ['gcloud', 'deployment-manager', 'resources', 'list']
2016-11-09 14:18:27,292 DEBUG    root            Loaded Command Group: ['gcloud', 'deployment-manager', 'deployments']
2016-11-09 14:18:27,297 DEBUG    root            Loaded Command Group: ['gcloud', 'deployment-manager', 'deployments', 'delete']
2016-11-09 14:18:27,301 DEBUG    root            Loaded Command Group: ['gcloud', 'deployment-manager', 'deployments', 'stop']
2016-11-09 14:18:27,308 DEBUG    root            Loaded Command Group: ['gcloud', 'deployment-manager', 'deployments', 'create']
2016-11-09 14:18:27,339 DEBUG    root            Loaded Command Group: ['gcloud', 'deployment-manager', 'deployments', 'describe']
2016-11-09 14:18:27,343 DEBUG    root            Loaded Command Group: ['gcloud', 'deployment-manager', 'deployments', 'list']
2016-11-09 14:18:27,348 DEBUG    root            Loaded Command Group: ['gcloud', 'deployment-manager', 'deployments', 'update']
2016-11-09 14:18:27,373 DEBUG    root            Loaded Command Group: ['gcloud', 'deployment-manager', 'deployments', 'cancel_preview']
2016-11-09 14:18:29,687 INFO     root            Display format "none".
2016-11-09 14:18:29,711 DEBUG    root            Metrics reporting process started...
