2016-11-09 16:11:30,287 DEBUG    root            Loaded Command Group: ['gcloud', 'info']
2016-11-09 16:11:30,294 DEBUG    root            Loaded Command Group: ['gcloud', 'feedback']
2016-11-09 16:11:30,302 DEBUG    root            Loaded Command Group: ['gcloud', 'app']
2016-11-09 16:11:30,310 DEBUG    root            Loaded Command Group: ['gcloud', 'topic']
2016-11-09 16:11:30,316 DEBUG    root            Loaded Command Group: ['gcloud', 'meta']
2016-11-09 16:11:30,322 DEBUG    root            No implementation for release track [GA] in file: [/data/data/com.termux/files/usr/google-cloud-sdk/lib/surface/datastore/__init__.pyc]
2016-11-09 16:11:30,323 DEBUG    root            Loaded Command Group: ['gcloud', 'help']
2016-11-09 16:11:30,328 DEBUG    root            Loaded Command Group: ['gcloud', 'iam']
2016-11-09 16:11:30,334 DEBUG    root            No implementation for release track [GA] in file: [/data/data/com.termux/files/usr/google-cloud-sdk/lib/surface/genomics/__init__.pyc]
2016-11-09 16:11:30,336 DEBUG    root            No implementation for release track [GA] in file: [/data/data/com.termux/files/usr/google-cloud-sdk/lib/surface/functions/__init__.pyc]
2016-11-09 16:11:30,444 DEBUG    root            Loaded Command Group: ['gcloud', 'container']
2016-11-09 16:11:30,455 DEBUG    root            No implementation for release track [GA] in file: [/data/data/com.termux/files/usr/google-cloud-sdk/lib/surface/billing/__init__.pyc]
2016-11-09 16:11:30,504 DEBUG    root            Loaded Command Group: ['gcloud', 'source']
2016-11-09 16:11:30,538 DEBUG    root            Loaded Command Group: ['gcloud', 'init']
2016-11-09 16:11:30,542 DEBUG    root            Loaded Command Group: ['gcloud', 'version']
2016-11-09 16:11:30,546 DEBUG    root            Loaded Command Group: ['gcloud', 'projects']
2016-11-09 16:11:30,552 DEBUG    root            Loaded Command Group: ['gcloud', 'dns']
2016-11-09 16:11:30,560 DEBUG    root            No implementation for release track [GA] in file: [/data/data/com.termux/files/usr/google-cloud-sdk/lib/surface/test/__init__.pyc]
2016-11-09 16:11:30,562 DEBUG    root            Loaded Command Group: ['gcloud', 'config']
2016-11-09 16:11:30,567 DEBUG    root            No implementation for release track [GA] in file: [/data/data/com.termux/files/usr/google-cloud-sdk/lib/surface/pubsub/__init__.pyc]
2016-11-09 16:11:30,571 DEBUG    root            No implementation for release track [GA] in file: [/data/data/com.termux/files/usr/google-cloud-sdk/lib/surface/bio/__init__.pyc]
2016-11-09 16:11:30,575 DEBUG    root            No implementation for release track [GA] in file: [/data/data/com.termux/files/usr/google-cloud-sdk/lib/surface/error_reporting/__init__.pyc]
2016-11-09 16:11:30,578 DEBUG    root            No implementation for release track [GA] in file: [/data/data/com.termux/files/usr/google-cloud-sdk/lib/surface/service_registry/__init__.pyc]
2016-11-09 16:11:30,580 DEBUG    root            Loaded Command Group: ['gcloud', 'dataproc']
2016-11-09 16:11:30,585 DEBUG    root            No implementation for release track [GA] in file: [/data/data/com.termux/files/usr/google-cloud-sdk/lib/surface/emulators/__init__.pyc]
2016-11-09 16:11:30,586 DEBUG    root            Loaded Command Group: ['gcloud', 'auth']
2016-11-09 16:11:30,593 DEBUG    root            Loaded Command Group: ['gcloud', 'sql']
2016-11-09 16:11:30,599 DEBUG    root            No implementation for release track [GA] in file: [/data/data/com.termux/files/usr/google-cloud-sdk/lib/surface/logging/__init__.pyc]
2016-11-09 16:11:30,602 DEBUG    root            No implementation for release track [GA] in file: [/data/data/com.termux/files/usr/google-cloud-sdk/lib/surface/bigtable/__init__.pyc]
2016-11-09 16:11:30,603 DEBUG    root            No implementation for release track [GA] in file: [/data/data/com.termux/files/usr/google-cloud-sdk/lib/surface/resource_manager/__init__.pyc]
2016-11-09 16:11:30,605 DEBUG    root            No implementation for release track [GA] in file: [/data/data/com.termux/files/usr/google-cloud-sdk/lib/surface/organizations/__init__.pyc]
2016-11-09 16:11:30,609 DEBUG    root            Loaded Command Group: ['gcloud', 'compute']
2016-11-09 16:11:30,625 DEBUG    root            No implementation for release track [GA] in file: [/data/data/com.termux/files/usr/google-cloud-sdk/lib/surface/service_management/__init__.pyc]
2016-11-09 16:11:30,628 DEBUG    root            No implementation for release track [GA] in file: [/data/data/com.termux/files/usr/google-cloud-sdk/lib/surface/dataflow/__init__.pyc]
2016-11-09 16:11:30,629 DEBUG    root            No implementation for release track [GA] in file: [/data/data/com.termux/files/usr/google-cloud-sdk/lib/surface/ml/__init__.pyc]
2016-11-09 16:11:30,631 DEBUG    root            Loaded Command Group: ['gcloud', 'components']
2016-11-09 16:11:30,642 DEBUG    root            No implementation for release track [GA] in file: [/data/data/com.termux/files/usr/google-cloud-sdk/lib/surface/debug/__init__.pyc]
2016-11-09 16:11:30,646 DEBUG    root            Loaded Command Group: ['gcloud', 'docker']
2016-11-09 16:11:30,650 DEBUG    root            Loaded Command Group: ['gcloud', 'deployment_manager']
2016-11-09 16:11:30,667 ERROR    root            (gcloud) too few arguments
2016-11-09 16:11:30,680 DEBUG    root            Metrics reporting process started...
