2016-11-09 16:22:41,700 DEBUG    root            Loaded Command Group: ['gcloud', 'info']
2016-11-09 16:22:41,707 DEBUG    root            Loaded Command Group: ['gcloud', 'feedback']
2016-11-09 16:22:41,715 DEBUG    root            Loaded Command Group: ['gcloud', 'app']
2016-11-09 16:22:41,723 DEBUG    root            Loaded Command Group: ['gcloud', 'topic']
2016-11-09 16:22:41,730 DEBUG    root            Loaded Command Group: ['gcloud', 'meta']
2016-11-09 16:22:41,738 DEBUG    root            No implementation for release track [GA] in file: [/data/data/com.termux/files/usr/google-cloud-sdk/lib/surface/datastore/__init__.pyc]
2016-11-09 16:22:41,739 DEBUG    root            Loaded Command Group: ['gcloud', 'help']
2016-11-09 16:22:41,745 DEBUG    root            Loaded Command Group: ['gcloud', 'iam']
2016-11-09 16:22:41,753 DEBUG    root            No implementation for release track [GA] in file: [/data/data/com.termux/files/usr/google-cloud-sdk/lib/surface/genomics/__init__.pyc]
2016-11-09 16:22:41,755 DEBUG    root            No implementation for release track [GA] in file: [/data/data/com.termux/files/usr/google-cloud-sdk/lib/surface/functions/__init__.pyc]
2016-11-09 16:22:41,870 DEBUG    root            Loaded Command Group: ['gcloud', 'container']
2016-11-09 16:22:41,879 DEBUG    root            No implementation for release track [GA] in file: [/data/data/com.termux/files/usr/google-cloud-sdk/lib/surface/billing/__init__.pyc]
2016-11-09 16:22:41,930 DEBUG    root            Loaded Command Group: ['gcloud', 'source']
2016-11-09 16:22:41,954 DEBUG    root            Loaded Command Group: ['gcloud', 'init']
2016-11-09 16:22:41,958 DEBUG    root            Loaded Command Group: ['gcloud', 'version']
2016-11-09 16:22:41,961 DEBUG    root            Loaded Command Group: ['gcloud', 'projects']
2016-11-09 16:22:41,966 DEBUG    root            Loaded Command Group: ['gcloud', 'dns']
2016-11-09 16:22:41,971 DEBUG    root            No implementation for release track [GA] in file: [/data/data/com.termux/files/usr/google-cloud-sdk/lib/surface/test/__init__.pyc]
2016-11-09 16:22:41,973 DEBUG    root            Loaded Command Group: ['gcloud', 'config']
2016-11-09 16:22:41,978 DEBUG    root            No implementation for release track [GA] in file: [/data/data/com.termux/files/usr/google-cloud-sdk/lib/surface/pubsub/__init__.pyc]
2016-11-09 16:22:41,980 DEBUG    root            No implementation for release track [GA] in file: [/data/data/com.termux/files/usr/google-cloud-sdk/lib/surface/bio/__init__.pyc]
2016-11-09 16:22:41,982 DEBUG    root            No implementation for release track [GA] in file: [/data/data/com.termux/files/usr/google-cloud-sdk/lib/surface/error_reporting/__init__.pyc]
2016-11-09 16:22:41,984 DEBUG    root            No implementation for release track [GA] in file: [/data/data/com.termux/files/usr/google-cloud-sdk/lib/surface/service_registry/__init__.pyc]
2016-11-09 16:22:41,985 DEBUG    root            Loaded Command Group: ['gcloud', 'dataproc']
2016-11-09 16:22:41,989 DEBUG    root            No implementation for release track [GA] in file: [/data/data/com.termux/files/usr/google-cloud-sdk/lib/surface/emulators/__init__.pyc]
2016-11-09 16:22:41,990 DEBUG    root            Loaded Command Group: ['gcloud', 'auth']
2016-11-09 16:22:41,996 DEBUG    root            Loaded Command Group: ['gcloud', 'sql']
2016-11-09 16:22:42,000 DEBUG    root            No implementation for release track [GA] in file: [/data/data/com.termux/files/usr/google-cloud-sdk/lib/surface/logging/__init__.pyc]
2016-11-09 16:22:42,002 DEBUG    root            No implementation for release track [GA] in file: [/data/data/com.termux/files/usr/google-cloud-sdk/lib/surface/bigtable/__init__.pyc]
2016-11-09 16:22:42,003 DEBUG    root            No implementation for release track [GA] in file: [/data/data/com.termux/files/usr/google-cloud-sdk/lib/surface/resource_manager/__init__.pyc]
2016-11-09 16:22:42,004 DEBUG    root            No implementation for release track [GA] in file: [/data/data/com.termux/files/usr/google-cloud-sdk/lib/surface/organizations/__init__.pyc]
2016-11-09 16:22:42,007 DEBUG    root            Loaded Command Group: ['gcloud', 'compute']
2016-11-09 16:22:42,014 DEBUG    root            No implementation for release track [GA] in file: [/data/data/com.termux/files/usr/google-cloud-sdk/lib/surface/service_management/__init__.pyc]
2016-11-09 16:22:42,016 DEBUG    root            No implementation for release track [GA] in file: [/data/data/com.termux/files/usr/google-cloud-sdk/lib/surface/dataflow/__init__.pyc]
2016-11-09 16:22:42,017 DEBUG    root            No implementation for release track [GA] in file: [/data/data/com.termux/files/usr/google-cloud-sdk/lib/surface/ml/__init__.pyc]
2016-11-09 16:22:42,019 DEBUG    root            Loaded Command Group: ['gcloud', 'components']
2016-11-09 16:22:42,028 DEBUG    root            No implementation for release track [GA] in file: [/data/data/com.termux/files/usr/google-cloud-sdk/lib/surface/debug/__init__.pyc]
2016-11-09 16:22:42,030 DEBUG    root            Loaded Command Group: ['gcloud', 'docker']
2016-11-09 16:22:42,034 DEBUG    root            Loaded Command Group: ['gcloud', 'deployment_manager']
2016-11-09 16:22:42,049 ERROR    root            (gcloud) too few arguments
2016-11-09 16:22:42,063 DEBUG    root            Metrics reporting process started...
