2016-11-20 22:15:25,777 DEBUG    root            Loaded Command Group: ['gcloud', 'info']
2016-11-20 22:15:25,782 DEBUG    root            Loaded Command Group: ['gcloud', 'feedback']
2016-11-20 22:15:25,787 DEBUG    root            Loaded Command Group: ['gcloud', 'app']
2016-11-20 22:15:25,792 DEBUG    root            Loaded Command Group: ['gcloud', 'topic']
2016-11-20 22:15:25,796 DEBUG    root            Loaded Command Group: ['gcloud', 'meta']
2016-11-20 22:15:25,800 DEBUG    root            No implementation for release track [GA] in file: [/data/data/com.termux/files/home/gcloud/google-cloud-sdk/lib/surface/datastore/__init__.pyc]
2016-11-20 22:15:25,800 DEBUG    root            Loaded Command Group: ['gcloud', 'help']
2016-11-20 22:15:25,804 DEBUG    root            Loaded Command Group: ['gcloud', 'iam']
2016-11-20 22:15:25,808 DEBUG    root            No implementation for release track [GA] in file: [/data/data/com.termux/files/home/gcloud/google-cloud-sdk/lib/surface/genomics/__init__.pyc]
2016-11-20 22:15:25,810 DEBUG    root            No implementation for release track [GA] in file: [/data/data/com.termux/files/home/gcloud/google-cloud-sdk/lib/surface/functions/__init__.pyc]
2016-11-20 22:15:25,896 DEBUG    root            Loaded Command Group: ['gcloud', 'container']
2016-11-20 22:15:25,903 DEBUG    root            No implementation for release track [GA] in file: [/data/data/com.termux/files/home/gcloud/google-cloud-sdk/lib/surface/billing/__init__.pyc]
2016-11-20 22:15:25,947 DEBUG    root            Loaded Command Group: ['gcloud', 'source']
2016-11-20 22:15:25,970 DEBUG    root            Loaded Command Group: ['gcloud', 'init']
2016-11-20 22:15:25,974 DEBUG    root            Loaded Command Group: ['gcloud', 'version']
2016-11-20 22:15:25,977 DEBUG    root            Loaded Command Group: ['gcloud', 'projects']
2016-11-20 22:15:25,982 DEBUG    root            Loaded Command Group: ['gcloud', 'dns']
2016-11-20 22:15:25,987 DEBUG    root            No implementation for release track [GA] in file: [/data/data/com.termux/files/home/gcloud/google-cloud-sdk/lib/surface/test/__init__.pyc]
2016-11-20 22:15:25,989 DEBUG    root            Loaded Command Group: ['gcloud', 'config']
2016-11-20 22:15:25,993 DEBUG    root            No implementation for release track [GA] in file: [/data/data/com.termux/files/home/gcloud/google-cloud-sdk/lib/surface/pubsub/__init__.pyc]
2016-11-20 22:15:25,996 DEBUG    root            No implementation for release track [GA] in file: [/data/data/com.termux/files/home/gcloud/google-cloud-sdk/lib/surface/bio/__init__.pyc]
2016-11-20 22:15:25,998 DEBUG    root            No implementation for release track [GA] in file: [/data/data/com.termux/files/home/gcloud/google-cloud-sdk/lib/surface/error_reporting/__init__.pyc]
2016-11-20 22:15:26,000 DEBUG    root            No implementation for release track [GA] in file: [/data/data/com.termux/files/home/gcloud/google-cloud-sdk/lib/surface/service_registry/__init__.pyc]
2016-11-20 22:15:26,001 DEBUG    root            Loaded Command Group: ['gcloud', 'dataproc']
2016-11-20 22:15:26,005 DEBUG    root            No implementation for release track [GA] in file: [/data/data/com.termux/files/home/gcloud/google-cloud-sdk/lib/surface/emulators/__init__.pyc]
2016-11-20 22:15:26,006 DEBUG    root            Loaded Command Group: ['gcloud', 'auth']
2016-11-20 22:15:26,012 DEBUG    root            Loaded Command Group: ['gcloud', 'sql']
2016-11-20 22:15:26,016 DEBUG    root            No implementation for release track [GA] in file: [/data/data/com.termux/files/home/gcloud/google-cloud-sdk/lib/surface/logging/__init__.pyc]
2016-11-20 22:15:26,018 DEBUG    root            No implementation for release track [GA] in file: [/data/data/com.termux/files/home/gcloud/google-cloud-sdk/lib/surface/bigtable/__init__.pyc]
2016-11-20 22:15:26,019 DEBUG    root            No implementation for release track [GA] in file: [/data/data/com.termux/files/home/gcloud/google-cloud-sdk/lib/surface/resource_manager/__init__.pyc]
2016-11-20 22:15:26,020 DEBUG    root            No implementation for release track [GA] in file: [/data/data/com.termux/files/home/gcloud/google-cloud-sdk/lib/surface/organizations/__init__.pyc]
2016-11-20 22:15:26,023 DEBUG    root            Loaded Command Group: ['gcloud', 'compute']
2016-11-20 22:15:26,030 DEBUG    root            No implementation for release track [GA] in file: [/data/data/com.termux/files/home/gcloud/google-cloud-sdk/lib/surface/service_management/__init__.pyc]
2016-11-20 22:15:26,032 DEBUG    root            No implementation for release track [GA] in file: [/data/data/com.termux/files/home/gcloud/google-cloud-sdk/lib/surface/dataflow/__init__.pyc]
2016-11-20 22:15:26,033 DEBUG    root            No implementation for release track [GA] in file: [/data/data/com.termux/files/home/gcloud/google-cloud-sdk/lib/surface/ml/__init__.pyc]
2016-11-20 22:15:26,034 DEBUG    root            Loaded Command Group: ['gcloud', 'components']
2016-11-20 22:15:26,043 DEBUG    root            No implementation for release track [GA] in file: [/data/data/com.termux/files/home/gcloud/google-cloud-sdk/lib/surface/debug/__init__.pyc]
2016-11-20 22:15:26,045 DEBUG    root            Loaded Command Group: ['gcloud', 'docker']
2016-11-20 22:15:26,049 DEBUG    root            Loaded Command Group: ['gcloud', 'deployment_manager']
2016-11-20 22:15:26,066 ERROR    root            (gcloud) Invalid choice: 'configuration'. Did you mean 'config'?
