2016-11-20 22:15:22,191 DEBUG    root            Loaded Command Group: ['gcloud', 'info']
2016-11-20 22:15:22,195 DEBUG    root            Loaded Command Group: ['gcloud', 'feedback']
2016-11-20 22:15:22,200 DEBUG    root            Loaded Command Group: ['gcloud', 'app']
2016-11-20 22:15:22,204 DEBUG    root            Loaded Command Group: ['gcloud', 'topic']
2016-11-20 22:15:22,208 DEBUG    root            Loaded Command Group: ['gcloud', 'meta']
2016-11-20 22:15:22,212 DEBUG    root            No implementation for release track [GA] in file: [/data/data/com.termux/files/home/gcloud/google-cloud-sdk/lib/surface/datastore/__init__.pyc]
2016-11-20 22:15:22,213 DEBUG    root            Loaded Command Group: ['gcloud', 'help']
2016-11-20 22:15:22,216 DEBUG    root            Loaded Command Group: ['gcloud', 'iam']
2016-11-20 22:15:22,220 DEBUG    root            No implementation for release track [GA] in file: [/data/data/com.termux/files/home/gcloud/google-cloud-sdk/lib/surface/genomics/__init__.pyc]
2016-11-20 22:15:22,222 DEBUG    root            No implementation for release track [GA] in file: [/data/data/com.termux/files/home/gcloud/google-cloud-sdk/lib/surface/functions/__init__.pyc]
2016-11-20 22:15:22,311 DEBUG    root            Loaded Command Group: ['gcloud', 'container']
2016-11-20 22:15:22,318 DEBUG    root            No implementation for release track [GA] in file: [/data/data/com.termux/files/home/gcloud/google-cloud-sdk/lib/surface/billing/__init__.pyc]
2016-11-20 22:15:22,362 DEBUG    root            Loaded Command Group: ['gcloud', 'source']
2016-11-20 22:15:22,387 DEBUG    root            Loaded Command Group: ['gcloud', 'init']
2016-11-20 22:15:22,390 DEBUG    root            Loaded Command Group: ['gcloud', 'version']
2016-11-20 22:15:22,394 DEBUG    root            Loaded Command Group: ['gcloud', 'projects']
2016-11-20 22:15:22,398 DEBUG    root            Loaded Command Group: ['gcloud', 'dns']
2016-11-20 22:15:22,403 DEBUG    root            No implementation for release track [GA] in file: [/data/data/com.termux/files/home/gcloud/google-cloud-sdk/lib/surface/test/__init__.pyc]
2016-11-20 22:15:22,406 DEBUG    root            Loaded Command Group: ['gcloud', 'config']
2016-11-20 22:15:22,410 DEBUG    root            No implementation for release track [GA] in file: [/data/data/com.termux/files/home/gcloud/google-cloud-sdk/lib/surface/pubsub/__init__.pyc]
2016-11-20 22:15:22,412 DEBUG    root            No implementation for release track [GA] in file: [/data/data/com.termux/files/home/gcloud/google-cloud-sdk/lib/surface/bio/__init__.pyc]
2016-11-20 22:15:22,414 DEBUG    root            No implementation for release track [GA] in file: [/data/data/com.termux/files/home/gcloud/google-cloud-sdk/lib/surface/error_reporting/__init__.pyc]
2016-11-20 22:15:22,416 DEBUG    root            No implementation for release track [GA] in file: [/data/data/com.termux/files/home/gcloud/google-cloud-sdk/lib/surface/service_registry/__init__.pyc]
2016-11-20 22:15:22,418 DEBUG    root            Loaded Command Group: ['gcloud', 'dataproc']
2016-11-20 22:15:22,421 DEBUG    root            No implementation for release track [GA] in file: [/data/data/com.termux/files/home/gcloud/google-cloud-sdk/lib/surface/emulators/__init__.pyc]
2016-11-20 22:15:22,423 DEBUG    root            Loaded Command Group: ['gcloud', 'auth']
2016-11-20 22:15:22,428 DEBUG    root            Loaded Command Group: ['gcloud', 'sql']
2016-11-20 22:15:22,433 DEBUG    root            No implementation for release track [GA] in file: [/data/data/com.termux/files/home/gcloud/google-cloud-sdk/lib/surface/logging/__init__.pyc]
2016-11-20 22:15:22,434 DEBUG    root            No implementation for release track [GA] in file: [/data/data/com.termux/files/home/gcloud/google-cloud-sdk/lib/surface/bigtable/__init__.pyc]
2016-11-20 22:15:22,436 DEBUG    root            No implementation for release track [GA] in file: [/data/data/com.termux/files/home/gcloud/google-cloud-sdk/lib/surface/resource_manager/__init__.pyc]
2016-11-20 22:15:22,437 DEBUG    root            No implementation for release track [GA] in file: [/data/data/com.termux/files/home/gcloud/google-cloud-sdk/lib/surface/organizations/__init__.pyc]
2016-11-20 22:15:22,440 DEBUG    root            Loaded Command Group: ['gcloud', 'compute']
2016-11-20 22:15:22,446 DEBUG    root            No implementation for release track [GA] in file: [/data/data/com.termux/files/home/gcloud/google-cloud-sdk/lib/surface/service_management/__init__.pyc]
2016-11-20 22:15:22,448 DEBUG    root            No implementation for release track [GA] in file: [/data/data/com.termux/files/home/gcloud/google-cloud-sdk/lib/surface/dataflow/__init__.pyc]
2016-11-20 22:15:22,450 DEBUG    root            No implementation for release track [GA] in file: [/data/data/com.termux/files/home/gcloud/google-cloud-sdk/lib/surface/ml/__init__.pyc]
2016-11-20 22:15:22,451 DEBUG    root            Loaded Command Group: ['gcloud', 'components']
2016-11-20 22:15:22,459 DEBUG    root            No implementation for release track [GA] in file: [/data/data/com.termux/files/home/gcloud/google-cloud-sdk/lib/surface/debug/__init__.pyc]
2016-11-20 22:15:22,461 DEBUG    root            Loaded Command Group: ['gcloud', 'docker']
2016-11-20 22:15:22,466 DEBUG    root            Loaded Command Group: ['gcloud', 'deployment_manager']
2016-11-20 22:15:22,484 ERROR    root            (gcloud) Invalid choice: 'configuration'. Did you mean 'config'?
