2016-11-20 22:13:44,963 DEBUG    root            Loaded Command Group: ['gcloud', 'info']
2016-11-20 22:13:44,969 DEBUG    root            Loaded Command Group: ['gcloud', 'feedback']
2016-11-20 22:13:44,974 DEBUG    root            Loaded Command Group: ['gcloud', 'app']
2016-11-20 22:13:44,979 DEBUG    root            Loaded Command Group: ['gcloud', 'topic']
2016-11-20 22:13:44,983 DEBUG    root            Loaded Command Group: ['gcloud', 'meta']
2016-11-20 22:13:44,988 DEBUG    root            No implementation for release track [GA] in file: [/data/data/com.termux/files/home/gcloud/google-cloud-sdk/lib/surface/datastore/__init__.pyc]
2016-11-20 22:13:44,988 DEBUG    root            Loaded Command Group: ['gcloud', 'help']
2016-11-20 22:13:44,992 DEBUG    root            Loaded Command Group: ['gcloud', 'iam']
2016-11-20 22:13:44,996 DEBUG    root            No implementation for release track [GA] in file: [/data/data/com.termux/files/home/gcloud/google-cloud-sdk/lib/surface/genomics/__init__.pyc]
2016-11-20 22:13:44,997 DEBUG    root            No implementation for release track [GA] in file: [/data/data/com.termux/files/home/gcloud/google-cloud-sdk/lib/surface/functions/__init__.pyc]
2016-11-20 22:13:45,086 DEBUG    root            Loaded Command Group: ['gcloud', 'container']
2016-11-20 22:13:45,094 DEBUG    root            No implementation for release track [GA] in file: [/data/data/com.termux/files/home/gcloud/google-cloud-sdk/lib/surface/billing/__init__.pyc]
2016-11-20 22:13:45,138 DEBUG    root            Loaded Command Group: ['gcloud', 'source']
2016-11-20 22:13:45,162 DEBUG    root            Loaded Command Group: ['gcloud', 'init']
2016-11-20 22:13:45,166 DEBUG    root            Loaded Command Group: ['gcloud', 'version']
2016-11-20 22:13:45,169 DEBUG    root            Loaded Command Group: ['gcloud', 'projects']
2016-11-20 22:13:45,174 DEBUG    root            Loaded Command Group: ['gcloud', 'dns']
2016-11-20 22:13:45,179 DEBUG    root            No implementation for release track [GA] in file: [/data/data/com.termux/files/home/gcloud/google-cloud-sdk/lib/surface/test/__init__.pyc]
2016-11-20 22:13:45,181 DEBUG    root            Loaded Command Group: ['gcloud', 'config']
2016-11-20 22:13:45,186 DEBUG    root            No implementation for release track [GA] in file: [/data/data/com.termux/files/home/gcloud/google-cloud-sdk/lib/surface/pubsub/__init__.pyc]
2016-11-20 22:13:45,188 DEBUG    root            No implementation for release track [GA] in file: [/data/data/com.termux/files/home/gcloud/google-cloud-sdk/lib/surface/bio/__init__.pyc]
2016-11-20 22:13:45,190 DEBUG    root            No implementation for release track [GA] in file: [/data/data/com.termux/files/home/gcloud/google-cloud-sdk/lib/surface/error_reporting/__init__.pyc]
2016-11-20 22:13:45,192 DEBUG    root            No implementation for release track [GA] in file: [/data/data/com.termux/files/home/gcloud/google-cloud-sdk/lib/surface/service_registry/__init__.pyc]
2016-11-20 22:13:45,193 DEBUG    root            Loaded Command Group: ['gcloud', 'dataproc']
2016-11-20 22:13:45,197 DEBUG    root            No implementation for release track [GA] in file: [/data/data/com.termux/files/home/gcloud/google-cloud-sdk/lib/surface/emulators/__init__.pyc]
2016-11-20 22:13:45,198 DEBUG    root            Loaded Command Group: ['gcloud', 'auth']
2016-11-20 22:13:45,204 DEBUG    root            Loaded Command Group: ['gcloud', 'sql']
2016-11-20 22:13:45,208 DEBUG    root            No implementation for release track [GA] in file: [/data/data/com.termux/files/home/gcloud/google-cloud-sdk/lib/surface/logging/__init__.pyc]
2016-11-20 22:13:45,210 DEBUG    root            No implementation for release track [GA] in file: [/data/data/com.termux/files/home/gcloud/google-cloud-sdk/lib/surface/bigtable/__init__.pyc]
2016-11-20 22:13:45,212 DEBUG    root            No implementation for release track [GA] in file: [/data/data/com.termux/files/home/gcloud/google-cloud-sdk/lib/surface/resource_manager/__init__.pyc]
2016-11-20 22:13:45,213 DEBUG    root            No implementation for release track [GA] in file: [/data/data/com.termux/files/home/gcloud/google-cloud-sdk/lib/surface/organizations/__init__.pyc]
2016-11-20 22:13:45,216 DEBUG    root            Loaded Command Group: ['gcloud', 'compute']
2016-11-20 22:13:45,222 DEBUG    root            No implementation for release track [GA] in file: [/data/data/com.termux/files/home/gcloud/google-cloud-sdk/lib/surface/service_management/__init__.pyc]
2016-11-20 22:13:45,225 DEBUG    root            No implementation for release track [GA] in file: [/data/data/com.termux/files/home/gcloud/google-cloud-sdk/lib/surface/dataflow/__init__.pyc]
2016-11-20 22:13:45,226 DEBUG    root            No implementation for release track [GA] in file: [/data/data/com.termux/files/home/gcloud/google-cloud-sdk/lib/surface/ml/__init__.pyc]
2016-11-20 22:13:45,227 DEBUG    root            Loaded Command Group: ['gcloud', 'components']
2016-11-20 22:13:45,235 DEBUG    root            No implementation for release track [GA] in file: [/data/data/com.termux/files/home/gcloud/google-cloud-sdk/lib/surface/debug/__init__.pyc]
2016-11-20 22:13:45,238 DEBUG    root            Loaded Command Group: ['gcloud', 'docker']
2016-11-20 22:13:45,242 DEBUG    root            Loaded Command Group: ['gcloud', 'deployment_manager']
2016-11-20 22:13:45,259 ERROR    root            (gcloud) Invalid choice: 'list'.

Valid choices are [app, auth, components, compute, config, container, dataproc, deployment-manager, dns, docker, feedback, help, iam, info, init, meta, preview, projects, source, sql, topic, version].
