2016-11-20 22:13:18,934 DEBUG    root            Loaded Command Group: ['gcloud', 'info']
2016-11-20 22:13:18,939 DEBUG    root            Loaded Command Group: ['gcloud', 'feedback']
2016-11-20 22:13:18,944 DEBUG    root            Loaded Command Group: ['gcloud', 'app']
2016-11-20 22:13:18,948 DEBUG    root            Loaded Command Group: ['gcloud', 'topic']
2016-11-20 22:13:18,952 DEBUG    root            Loaded Command Group: ['gcloud', 'meta']
2016-11-20 22:13:18,956 DEBUG    root            No implementation for release track [GA] in file: [/data/data/com.termux/files/home/gcloud/google-cloud-sdk/lib/surface/datastore/__init__.pyc]
2016-11-20 22:13:18,957 DEBUG    root            Loaded Command Group: ['gcloud', 'help']
2016-11-20 22:13:18,960 DEBUG    root            Loaded Command Group: ['gcloud', 'iam']
2016-11-20 22:13:18,964 DEBUG    root            No implementation for release track [GA] in file: [/data/data/com.termux/files/home/gcloud/google-cloud-sdk/lib/surface/genomics/__init__.pyc]
2016-11-20 22:13:18,966 DEBUG    root            No implementation for release track [GA] in file: [/data/data/com.termux/files/home/gcloud/google-cloud-sdk/lib/surface/functions/__init__.pyc]
2016-11-20 22:13:19,053 DEBUG    root            Loaded Command Group: ['gcloud', 'container']
2016-11-20 22:13:19,060 DEBUG    root            No implementation for release track [GA] in file: [/data/data/com.termux/files/home/gcloud/google-cloud-sdk/lib/surface/billing/__init__.pyc]
2016-11-20 22:13:19,104 DEBUG    root            Loaded Command Group: ['gcloud', 'source']
2016-11-20 22:13:19,128 DEBUG    root            Loaded Command Group: ['gcloud', 'init']
2016-11-20 22:13:19,132 DEBUG    root            Loaded Command Group: ['gcloud', 'version']
2016-11-20 22:13:19,135 DEBUG    root            Loaded Command Group: ['gcloud', 'projects']
2016-11-20 22:13:19,140 DEBUG    root            Loaded Command Group: ['gcloud', 'dns']
2016-11-20 22:13:19,145 DEBUG    root            No implementation for release track [GA] in file: [/data/data/com.termux/files/home/gcloud/google-cloud-sdk/lib/surface/test/__init__.pyc]
2016-11-20 22:13:19,147 DEBUG    root            Loaded Command Group: ['gcloud', 'config']
2016-11-20 22:13:19,152 DEBUG    root            No implementation for release track [GA] in file: [/data/data/com.termux/files/home/gcloud/google-cloud-sdk/lib/surface/pubsub/__init__.pyc]
2016-11-20 22:13:19,154 DEBUG    root            No implementation for release track [GA] in file: [/data/data/com.termux/files/home/gcloud/google-cloud-sdk/lib/surface/bio/__init__.pyc]
2016-11-20 22:13:19,156 DEBUG    root            No implementation for release track [GA] in file: [/data/data/com.termux/files/home/gcloud/google-cloud-sdk/lib/surface/error_reporting/__init__.pyc]
2016-11-20 22:13:19,158 DEBUG    root            No implementation for release track [GA] in file: [/data/data/com.termux/files/home/gcloud/google-cloud-sdk/lib/surface/service_registry/__init__.pyc]
2016-11-20 22:13:19,159 DEBUG    root            Loaded Command Group: ['gcloud', 'dataproc']
2016-11-20 22:13:19,163 DEBUG    root            No implementation for release track [GA] in file: [/data/data/com.termux/files/home/gcloud/google-cloud-sdk/lib/surface/emulators/__init__.pyc]
2016-11-20 22:13:19,164 DEBUG    root            Loaded Command Group: ['gcloud', 'auth']
2016-11-20 22:13:19,170 DEBUG    root            Loaded Command Group: ['gcloud', 'sql']
2016-11-20 22:13:19,174 DEBUG    root            No implementation for release track [GA] in file: [/data/data/com.termux/files/home/gcloud/google-cloud-sdk/lib/surface/logging/__init__.pyc]
2016-11-20 22:13:19,176 DEBUG    root            No implementation for release track [GA] in file: [/data/data/com.termux/files/home/gcloud/google-cloud-sdk/lib/surface/bigtable/__init__.pyc]
2016-11-20 22:13:19,177 DEBUG    root            No implementation for release track [GA] in file: [/data/data/com.termux/files/home/gcloud/google-cloud-sdk/lib/surface/resource_manager/__init__.pyc]
2016-11-20 22:13:19,179 DEBUG    root            No implementation for release track [GA] in file: [/data/data/com.termux/files/home/gcloud/google-cloud-sdk/lib/surface/organizations/__init__.pyc]
2016-11-20 22:13:19,181 DEBUG    root            Loaded Command Group: ['gcloud', 'compute']
2016-11-20 22:13:19,188 DEBUG    root            No implementation for release track [GA] in file: [/data/data/com.termux/files/home/gcloud/google-cloud-sdk/lib/surface/service_management/__init__.pyc]
2016-11-20 22:13:19,190 DEBUG    root            No implementation for release track [GA] in file: [/data/data/com.termux/files/home/gcloud/google-cloud-sdk/lib/surface/dataflow/__init__.pyc]
2016-11-20 22:13:19,191 DEBUG    root            No implementation for release track [GA] in file: [/data/data/com.termux/files/home/gcloud/google-cloud-sdk/lib/surface/ml/__init__.pyc]
2016-11-20 22:13:19,193 DEBUG    root            Loaded Command Group: ['gcloud', 'components']
2016-11-20 22:13:19,201 DEBUG    root            No implementation for release track [GA] in file: [/data/data/com.termux/files/home/gcloud/google-cloud-sdk/lib/surface/debug/__init__.pyc]
2016-11-20 22:13:19,203 DEBUG    root            Loaded Command Group: ['gcloud', 'docker']
2016-11-20 22:13:19,207 DEBUG    root            Loaded Command Group: ['gcloud', 'deployment_manager']
2016-11-20 22:13:19,224 ERROR    root            (gcloud) Invalid choice: 'lis'.

Valid choices are [app, auth, components, compute, config, container, dataproc, deployment-manager, dns, docker, feedback, help, iam, info, init, meta, preview, projects, source, sql, topic, version].
