2016-11-20 22:15:03,250 DEBUG    root            Loaded Command Group: ['gcloud', 'info']
2016-11-20 22:15:03,255 DEBUG    root            Loaded Command Group: ['gcloud', 'feedback']
2016-11-20 22:15:03,260 DEBUG    root            Loaded Command Group: ['gcloud', 'app']
2016-11-20 22:15:03,264 DEBUG    root            Loaded Command Group: ['gcloud', 'topic']
2016-11-20 22:15:03,268 DEBUG    root            Loaded Command Group: ['gcloud', 'meta']
2016-11-20 22:15:03,272 DEBUG    root            No implementation for release track [GA] in file: [/data/data/com.termux/files/home/gcloud/google-cloud-sdk/lib/surface/datastore/__init__.pyc]
2016-11-20 22:15:03,273 DEBUG    root            Loaded Command Group: ['gcloud', 'help']
2016-11-20 22:15:03,277 DEBUG    root            Loaded Command Group: ['gcloud', 'iam']
2016-11-20 22:15:03,281 DEBUG    root            No implementation for release track [GA] in file: [/data/data/com.termux/files/home/gcloud/google-cloud-sdk/lib/surface/genomics/__init__.pyc]
2016-11-20 22:15:03,282 DEBUG    root            No implementation for release track [GA] in file: [/data/data/com.termux/files/home/gcloud/google-cloud-sdk/lib/surface/functions/__init__.pyc]
2016-11-20 22:15:03,370 DEBUG    root            Loaded Command Group: ['gcloud', 'container']
2016-11-20 22:15:03,377 DEBUG    root            No implementation for release track [GA] in file: [/data/data/com.termux/files/home/gcloud/google-cloud-sdk/lib/surface/billing/__init__.pyc]
2016-11-20 22:15:03,421 DEBUG    root            Loaded Command Group: ['gcloud', 'source']
2016-11-20 22:15:03,445 DEBUG    root            Loaded Command Group: ['gcloud', 'init']
2016-11-20 22:15:03,448 DEBUG    root            Loaded Command Group: ['gcloud', 'version']
2016-11-20 22:15:03,452 DEBUG    root            Loaded Command Group: ['gcloud', 'projects']
2016-11-20 22:15:03,456 DEBUG    root            Loaded Command Group: ['gcloud', 'dns']
2016-11-20 22:15:03,461 DEBUG    root            No implementation for release track [GA] in file: [/data/data/com.termux/files/home/gcloud/google-cloud-sdk/lib/surface/test/__init__.pyc]
2016-11-20 22:15:03,463 DEBUG    root            Loaded Command Group: ['gcloud', 'config']
2016-11-20 22:15:03,468 DEBUG    root            No implementation for release track [GA] in file: [/data/data/com.termux/files/home/gcloud/google-cloud-sdk/lib/surface/pubsub/__init__.pyc]
2016-11-20 22:15:03,470 DEBUG    root            No implementation for release track [GA] in file: [/data/data/com.termux/files/home/gcloud/google-cloud-sdk/lib/surface/bio/__init__.pyc]
2016-11-20 22:15:03,472 DEBUG    root            No implementation for release track [GA] in file: [/data/data/com.termux/files/home/gcloud/google-cloud-sdk/lib/surface/error_reporting/__init__.pyc]
2016-11-20 22:15:03,474 DEBUG    root            No implementation for release track [GA] in file: [/data/data/com.termux/files/home/gcloud/google-cloud-sdk/lib/surface/service_registry/__init__.pyc]
2016-11-20 22:15:03,475 DEBUG    root            Loaded Command Group: ['gcloud', 'dataproc']
2016-11-20 22:15:03,479 DEBUG    root            No implementation for release track [GA] in file: [/data/data/com.termux/files/home/gcloud/google-cloud-sdk/lib/surface/emulators/__init__.pyc]
2016-11-20 22:15:03,480 DEBUG    root            Loaded Command Group: ['gcloud', 'auth']
2016-11-20 22:15:03,486 DEBUG    root            Loaded Command Group: ['gcloud', 'sql']
2016-11-20 22:15:03,490 DEBUG    root            No implementation for release track [GA] in file: [/data/data/com.termux/files/home/gcloud/google-cloud-sdk/lib/surface/logging/__init__.pyc]
2016-11-20 22:15:03,492 DEBUG    root            No implementation for release track [GA] in file: [/data/data/com.termux/files/home/gcloud/google-cloud-sdk/lib/surface/bigtable/__init__.pyc]
2016-11-20 22:15:03,494 DEBUG    root            No implementation for release track [GA] in file: [/data/data/com.termux/files/home/gcloud/google-cloud-sdk/lib/surface/resource_manager/__init__.pyc]
2016-11-20 22:15:03,495 DEBUG    root            No implementation for release track [GA] in file: [/data/data/com.termux/files/home/gcloud/google-cloud-sdk/lib/surface/organizations/__init__.pyc]
2016-11-20 22:15:03,498 DEBUG    root            Loaded Command Group: ['gcloud', 'compute']
2016-11-20 22:15:03,504 DEBUG    root            No implementation for release track [GA] in file: [/data/data/com.termux/files/home/gcloud/google-cloud-sdk/lib/surface/service_management/__init__.pyc]
2016-11-20 22:15:03,506 DEBUG    root            No implementation for release track [GA] in file: [/data/data/com.termux/files/home/gcloud/google-cloud-sdk/lib/surface/dataflow/__init__.pyc]
2016-11-20 22:15:03,508 DEBUG    root            No implementation for release track [GA] in file: [/data/data/com.termux/files/home/gcloud/google-cloud-sdk/lib/surface/ml/__init__.pyc]
2016-11-20 22:15:03,509 DEBUG    root            Loaded Command Group: ['gcloud', 'components']
2016-11-20 22:15:03,517 DEBUG    root            No implementation for release track [GA] in file: [/data/data/com.termux/files/home/gcloud/google-cloud-sdk/lib/surface/debug/__init__.pyc]
2016-11-20 22:15:03,519 DEBUG    root            Loaded Command Group: ['gcloud', 'docker']
2016-11-20 22:15:03,523 DEBUG    root            Loaded Command Group: ['gcloud', 'deployment_manager']
2016-11-20 22:15:03,545 ERROR    root            (gcloud) Invalid choice: 'list'.

Valid choices are [app, auth, components, compute, config, container, dataproc, deployment-manager, dns, docker, feedback, help, iam, info, init, meta, preview, projects, source, sql, topic, version].
