2016-11-20 22:13:02,312 DEBUG    root            Loaded Command Group: ['gcloud', 'info']
2016-11-20 22:13:02,321 DEBUG    root            Loaded Command Group: ['gcloud', 'feedback']
2016-11-20 22:13:02,329 DEBUG    root            Loaded Command Group: ['gcloud', 'app']
2016-11-20 22:13:02,345 DEBUG    root            Loaded Command Group: ['gcloud', 'topic']
2016-11-20 22:13:02,357 DEBUG    root            Loaded Command Group: ['gcloud', 'meta']
2016-11-20 22:13:02,366 DEBUG    root            No implementation for release track [GA] in file: [/data/data/com.termux/files/home/gcloud/google-cloud-sdk/lib/surface/datastore/__init__.pyc]
2016-11-20 22:13:02,368 DEBUG    root            Loaded Command Group: ['gcloud', 'help']
2016-11-20 22:13:02,376 DEBUG    root            Loaded Command Group: ['gcloud', 'iam']
2016-11-20 22:13:02,386 DEBUG    root            No implementation for release track [GA] in file: [/data/data/com.termux/files/home/gcloud/google-cloud-sdk/lib/surface/genomics/__init__.pyc]
2016-11-20 22:13:02,389 DEBUG    root            No implementation for release track [GA] in file: [/data/data/com.termux/files/home/gcloud/google-cloud-sdk/lib/surface/functions/__init__.pyc]
2016-11-20 22:13:02,553 DEBUG    root            Loaded Command Group: ['gcloud', 'container']
2016-11-20 22:13:02,569 DEBUG    root            No implementation for release track [GA] in file: [/data/data/com.termux/files/home/gcloud/google-cloud-sdk/lib/surface/billing/__init__.pyc]
2016-11-20 22:13:02,636 DEBUG    root            Loaded Command Group: ['gcloud', 'source']
2016-11-20 22:13:02,680 DEBUG    root            Loaded Command Group: ['gcloud', 'init']
2016-11-20 22:13:02,685 DEBUG    root            Loaded Command Group: ['gcloud', 'version']
2016-11-20 22:13:02,689 DEBUG    root            Loaded Command Group: ['gcloud', 'projects']
2016-11-20 22:13:02,695 DEBUG    root            Loaded Command Group: ['gcloud', 'dns']
2016-11-20 22:13:02,704 DEBUG    root            No implementation for release track [GA] in file: [/data/data/com.termux/files/home/gcloud/google-cloud-sdk/lib/surface/test/__init__.pyc]
2016-11-20 22:13:02,707 DEBUG    root            Loaded Command Group: ['gcloud', 'config']
2016-11-20 22:13:02,712 DEBUG    root            No implementation for release track [GA] in file: [/data/data/com.termux/files/home/gcloud/google-cloud-sdk/lib/surface/pubsub/__init__.pyc]
2016-11-20 22:13:02,716 DEBUG    root            No implementation for release track [GA] in file: [/data/data/com.termux/files/home/gcloud/google-cloud-sdk/lib/surface/bio/__init__.pyc]
2016-11-20 22:13:02,720 DEBUG    root            No implementation for release track [GA] in file: [/data/data/com.termux/files/home/gcloud/google-cloud-sdk/lib/surface/error_reporting/__init__.pyc]
2016-11-20 22:13:02,723 DEBUG    root            No implementation for release track [GA] in file: [/data/data/com.termux/files/home/gcloud/google-cloud-sdk/lib/surface/service_registry/__init__.pyc]
2016-11-20 22:13:02,725 DEBUG    root            Loaded Command Group: ['gcloud', 'dataproc']
2016-11-20 22:13:02,730 DEBUG    root            No implementation for release track [GA] in file: [/data/data/com.termux/files/home/gcloud/google-cloud-sdk/lib/surface/emulators/__init__.pyc]
2016-11-20 22:13:02,732 DEBUG    root            Loaded Command Group: ['gcloud', 'auth']
2016-11-20 22:13:02,739 DEBUG    root            Loaded Command Group: ['gcloud', 'sql']
2016-11-20 22:13:02,746 DEBUG    root            No implementation for release track [GA] in file: [/data/data/com.termux/files/home/gcloud/google-cloud-sdk/lib/surface/logging/__init__.pyc]
2016-11-20 22:13:02,748 DEBUG    root            No implementation for release track [GA] in file: [/data/data/com.termux/files/home/gcloud/google-cloud-sdk/lib/surface/bigtable/__init__.pyc]
2016-11-20 22:13:02,750 DEBUG    root            No implementation for release track [GA] in file: [/data/data/com.termux/files/home/gcloud/google-cloud-sdk/lib/surface/resource_manager/__init__.pyc]
2016-11-20 22:13:02,751 DEBUG    root            No implementation for release track [GA] in file: [/data/data/com.termux/files/home/gcloud/google-cloud-sdk/lib/surface/organizations/__init__.pyc]
2016-11-20 22:13:02,755 DEBUG    root            Loaded Command Group: ['gcloud', 'compute']
2016-11-20 22:13:02,773 DEBUG    root            No implementation for release track [GA] in file: [/data/data/com.termux/files/home/gcloud/google-cloud-sdk/lib/surface/service_management/__init__.pyc]
2016-11-20 22:13:02,776 DEBUG    root            No implementation for release track [GA] in file: [/data/data/com.termux/files/home/gcloud/google-cloud-sdk/lib/surface/dataflow/__init__.pyc]
2016-11-20 22:13:02,777 DEBUG    root            No implementation for release track [GA] in file: [/data/data/com.termux/files/home/gcloud/google-cloud-sdk/lib/surface/ml/__init__.pyc]
2016-11-20 22:13:02,779 DEBUG    root            Loaded Command Group: ['gcloud', 'components']
2016-11-20 22:13:02,791 DEBUG    root            No implementation for release track [GA] in file: [/data/data/com.termux/files/home/gcloud/google-cloud-sdk/lib/surface/debug/__init__.pyc]
2016-11-20 22:13:02,794 DEBUG    root            Loaded Command Group: ['gcloud', 'docker']
2016-11-20 22:13:02,798 DEBUG    root            Loaded Command Group: ['gcloud', 'deployment_manager']
2016-11-20 22:13:02,818 ERROR    root            (gcloud) Invalid choice: 'confi'. Did you mean 'config'?
