2016-11-20 22:13:38,675 DEBUG    root            Loaded Command Group: ['gcloud', 'info']
2016-11-20 22:13:38,680 DEBUG    root            Loaded Command Group: ['gcloud', 'feedback']
2016-11-20 22:13:38,684 DEBUG    root            Loaded Command Group: ['gcloud', 'app']
2016-11-20 22:13:38,689 DEBUG    root            Loaded Command Group: ['gcloud', 'topic']
2016-11-20 22:13:38,693 DEBUG    root            Loaded Command Group: ['gcloud', 'meta']
2016-11-20 22:13:38,697 DEBUG    root            No implementation for release track [GA] in file: [/data/data/com.termux/files/home/gcloud/google-cloud-sdk/lib/surface/datastore/__init__.pyc]
2016-11-20 22:13:38,697 DEBUG    root            Loaded Command Group: ['gcloud', 'help']
2016-11-20 22:13:38,701 DEBUG    root            Loaded Command Group: ['gcloud', 'iam']
2016-11-20 22:13:38,705 DEBUG    root            No implementation for release track [GA] in file: [/data/data/com.termux/files/home/gcloud/google-cloud-sdk/lib/surface/genomics/__init__.pyc]
2016-11-20 22:13:38,706 DEBUG    root            No implementation for release track [GA] in file: [/data/data/com.termux/files/home/gcloud/google-cloud-sdk/lib/surface/functions/__init__.pyc]
2016-11-20 22:13:38,794 DEBUG    root            Loaded Command Group: ['gcloud', 'container']
2016-11-20 22:13:38,800 DEBUG    root            No implementation for release track [GA] in file: [/data/data/com.termux/files/home/gcloud/google-cloud-sdk/lib/surface/billing/__init__.pyc]
2016-11-20 22:13:38,845 DEBUG    root            Loaded Command Group: ['gcloud', 'source']
2016-11-20 22:13:38,869 DEBUG    root            Loaded Command Group: ['gcloud', 'init']
2016-11-20 22:13:38,873 DEBUG    root            Loaded Command Group: ['gcloud', 'version']
2016-11-20 22:13:38,876 DEBUG    root            Loaded Command Group: ['gcloud', 'projects']
2016-11-20 22:13:38,880 DEBUG    root            Loaded Command Group: ['gcloud', 'dns']
2016-11-20 22:13:38,886 DEBUG    root            No implementation for release track [GA] in file: [/data/data/com.termux/files/home/gcloud/google-cloud-sdk/lib/surface/test/__init__.pyc]
2016-11-20 22:13:38,888 DEBUG    root            Loaded Command Group: ['gcloud', 'config']
2016-11-20 22:13:38,892 DEBUG    root            No implementation for release track [GA] in file: [/data/data/com.termux/files/home/gcloud/google-cloud-sdk/lib/surface/pubsub/__init__.pyc]
2016-11-20 22:13:38,894 DEBUG    root            No implementation for release track [GA] in file: [/data/data/com.termux/files/home/gcloud/google-cloud-sdk/lib/surface/bio/__init__.pyc]
2016-11-20 22:13:38,897 DEBUG    root            No implementation for release track [GA] in file: [/data/data/com.termux/files/home/gcloud/google-cloud-sdk/lib/surface/error_reporting/__init__.pyc]
2016-11-20 22:13:38,898 DEBUG    root            No implementation for release track [GA] in file: [/data/data/com.termux/files/home/gcloud/google-cloud-sdk/lib/surface/service_registry/__init__.pyc]
2016-11-20 22:13:38,900 DEBUG    root            Loaded Command Group: ['gcloud', 'dataproc']
2016-11-20 22:13:38,904 DEBUG    root            No implementation for release track [GA] in file: [/data/data/com.termux/files/home/gcloud/google-cloud-sdk/lib/surface/emulators/__init__.pyc]
2016-11-20 22:13:38,905 DEBUG    root            Loaded Command Group: ['gcloud', 'auth']
2016-11-20 22:13:38,910 DEBUG    root            Loaded Command Group: ['gcloud', 'sql']
2016-11-20 22:13:38,914 DEBUG    root            No implementation for release track [GA] in file: [/data/data/com.termux/files/home/gcloud/google-cloud-sdk/lib/surface/logging/__init__.pyc]
2016-11-20 22:13:38,916 DEBUG    root            No implementation for release track [GA] in file: [/data/data/com.termux/files/home/gcloud/google-cloud-sdk/lib/surface/bigtable/__init__.pyc]
2016-11-20 22:13:38,917 DEBUG    root            No implementation for release track [GA] in file: [/data/data/com.termux/files/home/gcloud/google-cloud-sdk/lib/surface/resource_manager/__init__.pyc]
2016-11-20 22:13:38,919 DEBUG    root            No implementation for release track [GA] in file: [/data/data/com.termux/files/home/gcloud/google-cloud-sdk/lib/surface/organizations/__init__.pyc]
2016-11-20 22:13:38,921 DEBUG    root            Loaded Command Group: ['gcloud', 'compute']
2016-11-20 22:13:38,928 DEBUG    root            No implementation for release track [GA] in file: [/data/data/com.termux/files/home/gcloud/google-cloud-sdk/lib/surface/service_management/__init__.pyc]
2016-11-20 22:13:38,930 DEBUG    root            No implementation for release track [GA] in file: [/data/data/com.termux/files/home/gcloud/google-cloud-sdk/lib/surface/dataflow/__init__.pyc]
2016-11-20 22:13:38,931 DEBUG    root            No implementation for release track [GA] in file: [/data/data/com.termux/files/home/gcloud/google-cloud-sdk/lib/surface/ml/__init__.pyc]
2016-11-20 22:13:38,933 DEBUG    root            Loaded Command Group: ['gcloud', 'components']
2016-11-20 22:13:38,941 DEBUG    root            No implementation for release track [GA] in file: [/data/data/com.termux/files/home/gcloud/google-cloud-sdk/lib/surface/debug/__init__.pyc]
2016-11-20 22:13:38,943 DEBUG    root            Loaded Command Group: ['gcloud', 'docker']
2016-11-20 22:13:38,947 DEBUG    root            Loaded Command Group: ['gcloud', 'deployment_manager']
2016-11-20 22:13:38,969 ERROR    root            (gcloud) Invalid choice: 'lists'.

Valid choices are [app, auth, components, compute, config, container, dataproc, deployment-manager, dns, docker, feedback, help, iam, info, init, meta, preview, projects, source, sql, topic, version].
