2016-11-20 22:15:16,929 DEBUG    root            Loaded Command Group: ['gcloud', 'info']
2016-11-20 22:15:16,934 DEBUG    root            Loaded Command Group: ['gcloud', 'feedback']
2016-11-20 22:15:16,938 DEBUG    root            Loaded Command Group: ['gcloud', 'app']
2016-11-20 22:15:16,942 DEBUG    root            Loaded Command Group: ['gcloud', 'topic']
2016-11-20 22:15:16,947 DEBUG    root            Loaded Command Group: ['gcloud', 'meta']
2016-11-20 22:15:16,951 DEBUG    root            No implementation for release track [GA] in file: [/data/data/com.termux/files/home/gcloud/google-cloud-sdk/lib/surface/datastore/__init__.pyc]
2016-11-20 22:15:16,951 DEBUG    root            Loaded Command Group: ['gcloud', 'help']
2016-11-20 22:15:16,955 DEBUG    root            Loaded Command Group: ['gcloud', 'iam']
2016-11-20 22:15:16,960 DEBUG    root            No implementation for release track [GA] in file: [/data/data/com.termux/files/home/gcloud/google-cloud-sdk/lib/surface/genomics/__init__.pyc]
2016-11-20 22:15:16,961 DEBUG    root            No implementation for release track [GA] in file: [/data/data/com.termux/files/home/gcloud/google-cloud-sdk/lib/surface/functions/__init__.pyc]
2016-11-20 22:15:17,049 DEBUG    root            Loaded Command Group: ['gcloud', 'container']
2016-11-20 22:15:17,056 DEBUG    root            No implementation for release track [GA] in file: [/data/data/com.termux/files/home/gcloud/google-cloud-sdk/lib/surface/billing/__init__.pyc]
2016-11-20 22:15:17,100 DEBUG    root            Loaded Command Group: ['gcloud', 'source']
2016-11-20 22:15:17,124 DEBUG    root            Loaded Command Group: ['gcloud', 'init']
2016-11-20 22:15:17,128 DEBUG    root            Loaded Command Group: ['gcloud', 'version']
2016-11-20 22:15:17,131 DEBUG    root            Loaded Command Group: ['gcloud', 'projects']
2016-11-20 22:15:17,136 DEBUG    root            Loaded Command Group: ['gcloud', 'dns']
2016-11-20 22:15:17,141 DEBUG    root            No implementation for release track [GA] in file: [/data/data/com.termux/files/home/gcloud/google-cloud-sdk/lib/surface/test/__init__.pyc]
2016-11-20 22:15:17,143 DEBUG    root            Loaded Command Group: ['gcloud', 'config']
2016-11-20 22:15:17,147 DEBUG    root            No implementation for release track [GA] in file: [/data/data/com.termux/files/home/gcloud/google-cloud-sdk/lib/surface/pubsub/__init__.pyc]
2016-11-20 22:15:17,150 DEBUG    root            No implementation for release track [GA] in file: [/data/data/com.termux/files/home/gcloud/google-cloud-sdk/lib/surface/bio/__init__.pyc]
2016-11-20 22:15:17,152 DEBUG    root            No implementation for release track [GA] in file: [/data/data/com.termux/files/home/gcloud/google-cloud-sdk/lib/surface/error_reporting/__init__.pyc]
2016-11-20 22:15:17,153 DEBUG    root            No implementation for release track [GA] in file: [/data/data/com.termux/files/home/gcloud/google-cloud-sdk/lib/surface/service_registry/__init__.pyc]
2016-11-20 22:15:17,155 DEBUG    root            Loaded Command Group: ['gcloud', 'dataproc']
2016-11-20 22:15:17,159 DEBUG    root            No implementation for release track [GA] in file: [/data/data/com.termux/files/home/gcloud/google-cloud-sdk/lib/surface/emulators/__init__.pyc]
2016-11-20 22:15:17,160 DEBUG    root            Loaded Command Group: ['gcloud', 'auth']
2016-11-20 22:15:17,165 DEBUG    root            Loaded Command Group: ['gcloud', 'sql']
2016-11-20 22:15:17,170 DEBUG    root            No implementation for release track [GA] in file: [/data/data/com.termux/files/home/gcloud/google-cloud-sdk/lib/surface/logging/__init__.pyc]
2016-11-20 22:15:17,171 DEBUG    root            No implementation for release track [GA] in file: [/data/data/com.termux/files/home/gcloud/google-cloud-sdk/lib/surface/bigtable/__init__.pyc]
2016-11-20 22:15:17,173 DEBUG    root            No implementation for release track [GA] in file: [/data/data/com.termux/files/home/gcloud/google-cloud-sdk/lib/surface/resource_manager/__init__.pyc]
2016-11-20 22:15:17,174 DEBUG    root            No implementation for release track [GA] in file: [/data/data/com.termux/files/home/gcloud/google-cloud-sdk/lib/surface/organizations/__init__.pyc]
2016-11-20 22:15:17,177 DEBUG    root            Loaded Command Group: ['gcloud', 'compute']
2016-11-20 22:15:17,183 DEBUG    root            No implementation for release track [GA] in file: [/data/data/com.termux/files/home/gcloud/google-cloud-sdk/lib/surface/service_management/__init__.pyc]
2016-11-20 22:15:17,185 DEBUG    root            No implementation for release track [GA] in file: [/data/data/com.termux/files/home/gcloud/google-cloud-sdk/lib/surface/dataflow/__init__.pyc]
2016-11-20 22:15:17,187 DEBUG    root            No implementation for release track [GA] in file: [/data/data/com.termux/files/home/gcloud/google-cloud-sdk/lib/surface/ml/__init__.pyc]
2016-11-20 22:15:17,188 DEBUG    root            Loaded Command Group: ['gcloud', 'components']
2016-11-20 22:15:17,196 DEBUG    root            No implementation for release track [GA] in file: [/data/data/com.termux/files/home/gcloud/google-cloud-sdk/lib/surface/debug/__init__.pyc]
2016-11-20 22:15:17,199 DEBUG    root            Loaded Command Group: ['gcloud', 'docker']
2016-11-20 22:15:17,203 DEBUG    root            Loaded Command Group: ['gcloud', 'deployment_manager']
2016-11-20 22:15:17,224 ERROR    root            (gcloud) Invalid choice: 'configuration'. Did you mean 'config'?
