2016-11-20 22:38:52,228 DEBUG    root            Loaded Command Group: ['gcloud', 'components']
2016-11-20 22:38:52,241 DEBUG    root            Loaded Command Group: ['gcloud', 'components', 'list']
2016-11-20 22:38:52,248 DEBUG    root            Running gcloud.components.list with Namespace(__calliope_internal_deepest_parser=ArgumentParser(prog='gcloud.components.list', usage=None, description='List all components in the Cloud SDK and provide information such as whether\nthe component is installed on the local workstation, whether a newer version\nis available, the size of the component, and the ID used to refer to the\ncomponent in commands.', version=None, formatter_class=<class 'argparse.HelpFormatter'>, conflict_handler='error', add_help=False), account=None, architecture_override=None, authority_selector=None, authorization_token_file=None, calliope_command=<googlecloudsdk.calliope.backend.Command object at 0xb5b355b0>, command_path=['gcloud', 'components', 'list'], configuration=None, credential_file_override=None, document=None, filter=None, flatten=None, format=None, h=None, help=None, http_timeout=None, limit=None, log_http=None, operating_system_override=None, project=None, quiet=None, sdk_root_override=None, show_versions=False, snapshot_url_override=None, sort_by=None, trace_email=None, trace_log=None, trace_token=None, user_output_enabled=None, verbosity='warning', version=None).
2016-11-20 22:38:52,253 INFO     root            Display format "table[box,title="Components"](state.name:label=Status,name:label=Name,id:label=ID,size.size(zero="",min=1048576):label=Size:align=right)".
2016-11-20 22:38:53,328 INFO     ___FILE_ONLY___ 
Your current Cloud SDK version is: 133.0.0

2016-11-20 22:38:53,330 INFO     ___FILE_ONLY___ The latest available version is: 135.0.0

2016-11-20 22:38:53,330 INFO     ___FILE_ONLY___ 

2016-11-20 22:38:53,351 INFO     ___FILE_ONLY___ ┌─────────────────────────────────────────────────────────────────────────────────────────────┐
2016-11-20 22:38:53,351 INFO     ___FILE_ONLY___ 

2016-11-20 22:38:53,352 INFO     ___FILE_ONLY___ │                                          Components                                         │
2016-11-20 22:38:53,352 INFO     ___FILE_ONLY___ 

2016-11-20 22:38:53,353 INFO     ___FILE_ONLY___ ├──────────────────┬───────────────────────────────────┬──────────────────────────┬───────────┤
2016-11-20 22:38:53,353 INFO     ___FILE_ONLY___ 

2016-11-20 22:38:53,354 INFO     ___FILE_ONLY___ │      Status      │                Name               │            ID            │    Size   │
2016-11-20 22:38:53,354 INFO     ___FILE_ONLY___ 

2016-11-20 22:38:53,354 INFO     ___FILE_ONLY___ ├──────────────────┼───────────────────────────────────┼──────────────────────────┼───────────┤
2016-11-20 22:38:53,355 INFO     ___FILE_ONLY___ 

2016-11-20 22:38:53,355 INFO     ___FILE_ONLY___ │ 
2016-11-20 22:38:53,356 INFO     ___FILE_ONLY___ Update Available
2016-11-20 22:38:53,356 INFO     ___FILE_ONLY___  
2016-11-20 22:38:53,356 INFO     ___FILE_ONLY___ │ 
2016-11-20 22:38:53,357 INFO     ___FILE_ONLY___ BigQuery Command Line Tool       
2016-11-20 22:38:53,357 INFO     ___FILE_ONLY___  
2016-11-20 22:38:53,357 INFO     ___FILE_ONLY___ │ 
2016-11-20 22:38:53,357 INFO     ___FILE_ONLY___ bq                      
2016-11-20 22:38:53,358 INFO     ___FILE_ONLY___  
2016-11-20 22:38:53,358 INFO     ___FILE_ONLY___ │ 
2016-11-20 22:38:53,358 INFO     ___FILE_ONLY___   < 1 MiB
2016-11-20 22:38:53,358 INFO     ___FILE_ONLY___  
2016-11-20 22:38:53,358 INFO     ___FILE_ONLY___ │
2016-11-20 22:38:53,359 INFO     ___FILE_ONLY___ 

2016-11-20 22:38:53,364 INFO     ___FILE_ONLY___ │ 
2016-11-20 22:38:53,365 INFO     ___FILE_ONLY___ Update Available
2016-11-20 22:38:53,365 INFO     ___FILE_ONLY___  
2016-11-20 22:38:53,365 INFO     ___FILE_ONLY___ │ 
2016-11-20 22:38:53,366 INFO     ___FILE_ONLY___ Cloud SDK Core Libraries         
2016-11-20 22:38:53,366 INFO     ___FILE_ONLY___  
2016-11-20 22:38:53,366 INFO     ___FILE_ONLY___ │ 
2016-11-20 22:38:53,367 INFO     ___FILE_ONLY___ core                    
2016-11-20 22:38:53,367 INFO     ___FILE_ONLY___  
2016-11-20 22:38:53,367 INFO     ___FILE_ONLY___ │ 
2016-11-20 22:38:53,367 INFO     ___FILE_ONLY___   5.1 MiB
2016-11-20 22:38:53,368 INFO     ___FILE_ONLY___  
2016-11-20 22:38:53,368 INFO     ___FILE_ONLY___ │
2016-11-20 22:38:53,368 INFO     ___FILE_ONLY___ 

2016-11-20 22:38:53,368 INFO     ___FILE_ONLY___ │ 
2016-11-20 22:38:53,369 INFO     ___FILE_ONLY___ Not Installed   
2016-11-20 22:38:53,369 INFO     ___FILE_ONLY___  
2016-11-20 22:38:53,369 INFO     ___FILE_ONLY___ │ 
2016-11-20 22:38:53,370 INFO     ___FILE_ONLY___ Cloud Datastore Emulator         
2016-11-20 22:38:53,370 INFO     ___FILE_ONLY___  
2016-11-20 22:38:53,371 INFO     ___FILE_ONLY___ │ 
2016-11-20 22:38:53,371 INFO     ___FILE_ONLY___ cloud-datastore-emulator
2016-11-20 22:38:53,371 INFO     ___FILE_ONLY___  
2016-11-20 22:38:53,372 INFO     ___FILE_ONLY___ │ 
2016-11-20 22:38:53,372 INFO     ___FILE_ONLY___  15.4 MiB
2016-11-20 22:38:53,373 INFO     ___FILE_ONLY___  
2016-11-20 22:38:53,373 INFO     ___FILE_ONLY___ │
2016-11-20 22:38:53,373 INFO     ___FILE_ONLY___ 

2016-11-20 22:38:53,373 INFO     ___FILE_ONLY___ │ 
2016-11-20 22:38:53,374 INFO     ___FILE_ONLY___ Not Installed   
2016-11-20 22:38:53,374 INFO     ___FILE_ONLY___  
2016-11-20 22:38:53,374 INFO     ___FILE_ONLY___ │ 
2016-11-20 22:38:53,375 INFO     ___FILE_ONLY___ Cloud Datastore Emulator (Legacy)
2016-11-20 22:38:53,375 INFO     ___FILE_ONLY___  
2016-11-20 22:38:53,375 INFO     ___FILE_ONLY___ │ 
2016-11-20 22:38:53,375 INFO     ___FILE_ONLY___ gcd-emulator            
2016-11-20 22:38:53,376 INFO     ___FILE_ONLY___  
2016-11-20 22:38:53,376 INFO     ___FILE_ONLY___ │ 
2016-11-20 22:38:53,376 INFO     ___FILE_ONLY___  38.1 MiB
2016-11-20 22:38:53,376 INFO     ___FILE_ONLY___  
2016-11-20 22:38:53,377 INFO     ___FILE_ONLY___ │
2016-11-20 22:38:53,377 INFO     ___FILE_ONLY___ 

2016-11-20 22:38:53,377 INFO     ___FILE_ONLY___ │ 
2016-11-20 22:38:53,377 INFO     ___FILE_ONLY___ Not Installed   
2016-11-20 22:38:53,378 INFO     ___FILE_ONLY___  
2016-11-20 22:38:53,378 INFO     ___FILE_ONLY___ │ 
2016-11-20 22:38:53,378 INFO     ___FILE_ONLY___ Cloud Pub/Sub Emulator           
2016-11-20 22:38:53,378 INFO     ___FILE_ONLY___  
2016-11-20 22:38:53,379 INFO     ___FILE_ONLY___ │ 
2016-11-20 22:38:53,379 INFO     ___FILE_ONLY___ pubsub-emulator         
2016-11-20 22:38:53,379 INFO     ___FILE_ONLY___  
2016-11-20 22:38:53,379 INFO     ___FILE_ONLY___ │ 
2016-11-20 22:38:53,380 INFO     ___FILE_ONLY___  16.3 MiB
2016-11-20 22:38:53,380 INFO     ___FILE_ONLY___  
2016-11-20 22:38:53,380 INFO     ___FILE_ONLY___ │
2016-11-20 22:38:53,380 INFO     ___FILE_ONLY___ 

2016-11-20 22:38:53,381 INFO     ___FILE_ONLY___ │ 
2016-11-20 22:38:53,381 INFO     ___FILE_ONLY___ Not Installed   
2016-11-20 22:38:53,381 INFO     ___FILE_ONLY___  
2016-11-20 22:38:53,381 INFO     ___FILE_ONLY___ │ 
2016-11-20 22:38:53,382 INFO     ___FILE_ONLY___ gcloud Alpha Commands            
2016-11-20 22:38:53,382 INFO     ___FILE_ONLY___  
2016-11-20 22:38:53,383 INFO     ___FILE_ONLY___ │ 
2016-11-20 22:38:53,383 INFO     ___FILE_ONLY___ alpha                   
2016-11-20 22:38:53,384 INFO     ___FILE_ONLY___  
2016-11-20 22:38:53,384 INFO     ___FILE_ONLY___ │ 
2016-11-20 22:38:53,384 INFO     ___FILE_ONLY___   < 1 MiB
2016-11-20 22:38:53,384 INFO     ___FILE_ONLY___  
2016-11-20 22:38:53,385 INFO     ___FILE_ONLY___ │
2016-11-20 22:38:53,385 INFO     ___FILE_ONLY___ 

2016-11-20 22:38:53,385 INFO     ___FILE_ONLY___ │ 
2016-11-20 22:38:53,385 INFO     ___FILE_ONLY___ Not Installed   
2016-11-20 22:38:53,386 INFO     ___FILE_ONLY___  
2016-11-20 22:38:53,386 INFO     ___FILE_ONLY___ │ 
2016-11-20 22:38:53,387 INFO     ___FILE_ONLY___ gcloud Beta Commands             
2016-11-20 22:38:53,387 INFO     ___FILE_ONLY___  
2016-11-20 22:38:53,387 INFO     ___FILE_ONLY___ │ 
2016-11-20 22:38:53,387 INFO     ___FILE_ONLY___ beta                    
2016-11-20 22:38:53,388 INFO     ___FILE_ONLY___  
2016-11-20 22:38:53,388 INFO     ___FILE_ONLY___ │ 
2016-11-20 22:38:53,388 INFO     ___FILE_ONLY___   < 1 MiB
2016-11-20 22:38:53,388 INFO     ___FILE_ONLY___  
2016-11-20 22:38:53,388 INFO     ___FILE_ONLY___ │
2016-11-20 22:38:53,389 INFO     ___FILE_ONLY___ 

2016-11-20 22:38:53,389 INFO     ___FILE_ONLY___ │ 
2016-11-20 22:38:53,389 INFO     ___FILE_ONLY___ Not Installed   
2016-11-20 22:38:53,390 INFO     ___FILE_ONLY___  
2016-11-20 22:38:53,390 INFO     ___FILE_ONLY___ │ 
2016-11-20 22:38:53,390 INFO     ___FILE_ONLY___ gcloud app Java Extensions       
2016-11-20 22:38:53,391 INFO     ___FILE_ONLY___  
2016-11-20 22:38:53,391 INFO     ___FILE_ONLY___ │ 
2016-11-20 22:38:53,392 INFO     ___FILE_ONLY___ app-engine-java         
2016-11-20 22:38:53,392 INFO     ___FILE_ONLY___  
2016-11-20 22:38:53,392 INFO     ___FILE_ONLY___ │ 
2016-11-20 22:38:53,392 INFO     ___FILE_ONLY___ 124.4 MiB
2016-11-20 22:38:53,393 INFO     ___FILE_ONLY___  
2016-11-20 22:38:53,393 INFO     ___FILE_ONLY___ │
2016-11-20 22:38:53,393 INFO     ___FILE_ONLY___ 

2016-11-20 22:38:53,393 INFO     ___FILE_ONLY___ │ 
2016-11-20 22:38:53,394 INFO     ___FILE_ONLY___ Not Installed   
2016-11-20 22:38:53,394 INFO     ___FILE_ONLY___  
2016-11-20 22:38:53,394 INFO     ___FILE_ONLY___ │ 
2016-11-20 22:38:53,395 INFO     ___FILE_ONLY___ gcloud app Python Extensions     
2016-11-20 22:38:53,395 INFO     ___FILE_ONLY___  
2016-11-20 22:38:53,395 INFO     ___FILE_ONLY___ │ 
2016-11-20 22:38:53,395 INFO     ___FILE_ONLY___ app-engine-python       
2016-11-20 22:38:53,396 INFO     ___FILE_ONLY___  
2016-11-20 22:38:53,396 INFO     ___FILE_ONLY___ │ 
2016-11-20 22:38:53,396 INFO     ___FILE_ONLY___   7.2 MiB
2016-11-20 22:38:53,396 INFO     ___FILE_ONLY___  
2016-11-20 22:38:53,397 INFO     ___FILE_ONLY___ │
2016-11-20 22:38:53,397 INFO     ___FILE_ONLY___ 

2016-11-20 22:38:53,397 INFO     ___FILE_ONLY___ │ 
2016-11-20 22:38:53,398 INFO     ___FILE_ONLY___ Installed       
2016-11-20 22:38:53,398 INFO     ___FILE_ONLY___  
2016-11-20 22:38:53,398 INFO     ___FILE_ONLY___ │ 
2016-11-20 22:38:53,398 INFO     ___FILE_ONLY___ Cloud Storage Command Line Tool  
2016-11-20 22:38:53,399 INFO     ___FILE_ONLY___  
2016-11-20 22:38:53,399 INFO     ___FILE_ONLY___ │ 
2016-11-20 22:38:53,399 INFO     ___FILE_ONLY___ gsutil                  
2016-11-20 22:38:53,399 INFO     ___FILE_ONLY___  
2016-11-20 22:38:53,400 INFO     ___FILE_ONLY___ │ 
2016-11-20 22:38:53,400 INFO     ___FILE_ONLY___   2.8 MiB
2016-11-20 22:38:53,400 INFO     ___FILE_ONLY___  
2016-11-20 22:38:53,400 INFO     ___FILE_ONLY___ │
2016-11-20 22:38:53,401 INFO     ___FILE_ONLY___ 

2016-11-20 22:38:53,401 INFO     ___FILE_ONLY___ │ 
2016-11-20 22:38:53,401 INFO     ___FILE_ONLY___ Installed       
2016-11-20 22:38:53,401 INFO     ___FILE_ONLY___  
2016-11-20 22:38:53,403 INFO     ___FILE_ONLY___ │ 
2016-11-20 22:38:53,403 INFO     ___FILE_ONLY___ Default set of gcloud commands   
2016-11-20 22:38:53,404 INFO     ___FILE_ONLY___  
2016-11-20 22:38:53,404 INFO     ___FILE_ONLY___ │ 
2016-11-20 22:38:53,404 INFO     ___FILE_ONLY___ gcloud                  
2016-11-20 22:38:53,404 INFO     ___FILE_ONLY___  
2016-11-20 22:38:53,405 INFO     ___FILE_ONLY___ │ 
2016-11-20 22:38:53,405 INFO     ___FILE_ONLY___          
2016-11-20 22:38:53,405 INFO     ___FILE_ONLY___  
2016-11-20 22:38:53,405 INFO     ___FILE_ONLY___ │
2016-11-20 22:38:53,406 INFO     ___FILE_ONLY___ 

2016-11-20 22:38:53,406 INFO     ___FILE_ONLY___ └──────────────────┴───────────────────────────────────┴──────────────────────────┴───────────┘
2016-11-20 22:38:53,406 INFO     ___FILE_ONLY___ 

2016-11-20 22:38:53,407 INFO     ___FILE_ONLY___ To install or remove components at your current SDK version [133.0.0], run:
  $ gcloud components install COMPONENT_ID
  $ gcloud components remove COMPONENT_ID

To update your SDK installation to the latest version [135.0.0], run:
  $ gcloud components update


