2016-11-20 22:43:26,585 DEBUG    root            Loaded Command Group: ['gcloud', 'compute']
2016-11-20 22:43:26,593 DEBUG    root            Loaded Command Group: ['gcloud', 'compute', 'operations']
2016-11-20 22:43:26,597 DEBUG    root            Loaded Command Group: ['gcloud', 'compute', 'disks']
2016-11-20 22:43:26,601 DEBUG    root            Loaded Command Group: ['gcloud', 'compute', 'addresses']
2016-11-20 22:43:26,606 DEBUG    root            Loaded Command Group: ['gcloud', 'compute', 'target_ssl_proxies']
2016-11-20 22:43:26,610 DEBUG    root            Loaded Command Group: ['gcloud', 'compute', 'snapshots']
2016-11-20 22:43:26,614 DEBUG    root            Loaded Command Group: ['gcloud', 'compute', 'disk_types']
2016-11-20 22:43:26,618 DEBUG    root            Loaded Command Group: ['gcloud', 'compute', 'zones']
2016-11-20 22:43:26,623 DEBUG    root            Loaded Command Group: ['gcloud', 'compute', 'instances']
2016-11-20 22:43:26,628 DEBUG    root            Loaded Command Group: ['gcloud', 'compute', 'instance_groups']
2016-11-20 22:43:26,632 DEBUG    root            Loaded Command Group: ['gcloud', 'compute', 'images']
2016-11-20 22:43:26,637 DEBUG    root            Loaded Command Group: ['gcloud', 'compute', 'networks']
2016-11-20 22:43:26,786 DEBUG    root            No implementation for release track [GA] in file: [/data/data/com.termux/files/home/gcloud/google-cloud-sdk/lib/surface/compute/connect_to_serial_port.pyc]
2016-11-20 22:43:26,788 DEBUG    root            No implementation for release track [GA] in file: [/data/data/com.termux/files/home/gcloud/google-cloud-sdk/lib/surface/compute/xpn/__init__.pyc]
2016-11-20 22:43:26,791 DEBUG    root            Loaded Command Group: ['gcloud', 'compute', 'backend_services']
2016-11-20 22:43:26,799 DEBUG    root            Loaded Command Group: ['gcloud', 'compute', 'ssl_certificates']
2016-11-20 22:43:26,808 DEBUG    root            Loaded Command Group: ['gcloud', 'compute', 'copy_files']
2016-11-20 22:43:26,816 DEBUG    root            Loaded Command Group: ['gcloud', 'compute', 'reset_windows_password']
2016-11-20 22:43:26,823 DEBUG    root            Loaded Command Group: ['gcloud', 'compute', 'regions']
2016-11-20 22:43:26,828 DEBUG    root            Loaded Command Group: ['gcloud', 'compute', 'forwarding_rules']
2016-11-20 22:43:26,833 DEBUG    root            Loaded Command Group: ['gcloud', 'compute', 'target_pools']
2016-11-20 22:43:26,839 DEBUG    root            Loaded Command Group: ['gcloud', 'compute', 'http_health_checks']
2016-11-20 22:43:26,844 DEBUG    root            Loaded Command Group: ['gcloud', 'compute', 'target_vpn_gateways']
2016-11-20 22:43:26,849 DEBUG    root            Loaded Command Group: ['gcloud', 'compute', 'target_http_proxies']
2016-11-20 22:43:26,854 DEBUG    root            No implementation for release track [GA] in file: [/data/data/com.termux/files/home/gcloud/google-cloud-sdk/lib/surface/compute/users/__init__.pyc]
2016-11-20 22:43:26,856 DEBUG    root            Loaded Command Group: ['gcloud', 'compute', 'firewall_rules']
2016-11-20 22:43:26,862 DEBUG    root            Loaded Command Group: ['gcloud', 'compute', 'routers']
2016-11-20 22:43:26,867 DEBUG    root            Loaded Command Group: ['gcloud', 'compute', 'target_https_proxies']
2016-11-20 22:43:26,872 DEBUG    root            Loaded Command Group: ['gcloud', 'compute', 'url_maps']
2016-11-20 22:43:26,878 DEBUG    root            Loaded Command Group: ['gcloud', 'compute', 'health_checks']
2016-11-20 22:43:26,882 DEBUG    root            Loaded Command Group: ['gcloud', 'compute', 'ssh']
2016-11-20 22:43:26,888 DEBUG    root            No implementation for release track [GA] in file: [/data/data/com.termux/files/home/gcloud/google-cloud-sdk/lib/surface/compute/groups/__init__.pyc]
2016-11-20 22:43:26,891 DEBUG    root            Loaded Command Group: ['gcloud', 'compute', 'instance_templates']
2016-11-20 22:43:26,896 DEBUG    root            Loaded Command Group: ['gcloud', 'compute', 'config_ssh']
2016-11-20 22:43:26,901 DEBUG    root            Loaded Command Group: ['gcloud', 'compute', 'vpn_tunnels']
2016-11-20 22:43:26,906 DEBUG    root            Loaded Command Group: ['gcloud', 'compute', 'project_info']
2016-11-20 22:43:26,912 DEBUG    root            Loaded Command Group: ['gcloud', 'compute', 'https_health_checks']
2016-11-20 22:43:26,917 DEBUG    root            No implementation for release track [GA] in file: [/data/data/com.termux/files/home/gcloud/google-cloud-sdk/lib/surface/compute/backend_buckets/__init__.pyc]
2016-11-20 22:43:26,925 DEBUG    root            No implementation for release track [GA] in file: [/data/data/com.termux/files/home/gcloud/google-cloud-sdk/lib/surface/compute/scp.pyc]
2016-11-20 22:43:26,932 DEBUG    root            Loaded Command Group: ['gcloud', 'compute', 'target_instances']
2016-11-20 22:43:26,938 DEBUG    root            Loaded Command Group: ['gcloud', 'compute', 'machine_types']
2016-11-20 22:43:26,944 DEBUG    root            No implementation for release track [GA] in file: [/data/data/com.termux/files/home/gcloud/google-cloud-sdk/lib/surface/compute/rolling_updates/__init__.pyc]
2016-11-20 22:43:26,946 DEBUG    root            Loaded Command Group: ['gcloud', 'compute', 'routes']
2016-11-20 22:43:26,952 DEBUG    root            No implementation for release track [PREVIEW] in file: [/data/data/com.termux/files/home/gcloud/google-cloud-sdk/lib/surface/compute/__init__.pyc]
2016-11-20 22:43:26,967 ERROR    root            (gcloud.compute) Invalid choice: 'start'.

Valid choices are [addresses, backend-services, config-ssh, copy-files, disk-types, disks, firewall-rules, forwarding-rules, health-checks, http-health-checks, https-health-checks, images, instance-groups, instance-templates, instances, machine-types, networks, operations, project-info, regions, reset-windows-password, routers, routes, snapshots, ssh, ssl-certificates, target-http-proxies, target-https-proxies, target-instances, target-pools, target-ssl-proxies, target-vpn-gateways, url-maps, vpn-tunnels, zones].
